Processing html\output\rfm\AddrRBO\RFM_AddrRBO.html
Processing html\output\rfm\AddrRBO\RFM_Desc_Tbl_AddrRBO.html
Processing html\output\rfm\AddrRBO\RFM_AddrRBO.html
Processing html\output\rfm\AddrRBO\RFM_AddrRBO.html
Processing html\output\rfm\AddrRBO\RFM_AddrRBO.html
Processing html\output\rfm\AddrRBO\RFM_Desc_Tbl_AddrRBO.html
Processing html\output\rfm\ASNOutDesc\RFM_ASNOutCtn.html
Processing html\output\rfm\ASNOutDesc\RFM_ASNOutDesc.html
Processing html\output\rfm\ASNOutDesc\RFM_ASNOutDistro.html
Processing html\output\rfm\ASNOutDesc\RFM_ASNOutItem.html
Processing html\output\rfm\ASNOutDesc\RFM_ASNOutUIN.html
Processing html\output\rfm\ASNOutDesc\RFM_CustFlexAttriVo.html
Processing html\output\rfm\ASNOutDesc\RFM_Desc_Tbl_ASNOutDesc.html
Processing html\output\rfm\CreditRecColRBM\RFM_CreditRecColRBM.html
Processing html\output\rfm\CreditRecColRBM\RFM_CreditRecRBO.html
Processing html\output\rfm\CreditRecColRBM\RFM_Desc_Tbl_CreditRecColRBM.html
Processing html\output\rfm\AddrRBO\RFM_AddrRBO.html
Processing html\output\rfm\AddrRBO\RFM_Desc_Tbl_AddrRBO.html
Processing html\output\rfm\AddrRBO\RFM_AddrRBO.html
Processing html\output\rfm\AddrRBO\RFM_Desc_Tbl_AddrRBO.html
Processing html\output\rfm\AddrRBO\RFM_AddrRBO.html
Processing html\output\rfm\AddrRBO\RFM_Desc_Tbl_AddrRBO.html
Processing html\output\rfm\ASNOutDesc\RFM_ASNOutCtn.html
Processing html\output\rfm\ASNOutDesc\RFM_ASNOutDesc.html
Processing html\output\rfm\ASNOutDesc\RFM_ASNOutDistro.html
Processing html\output\rfm\ASNOutDesc\RFM_ASNOutItem.html
Processing html\output\rfm\ASNOutDesc\RFM_ASNOutUIN.html
Processing html\output\rfm\ASNOutDesc\RFM_CustFlexAttriVo.html
Processing html\output\rfm\ASNOutDesc\RFM_Desc_Tbl_ASNOutDesc.html
Processing html\output\rfm\AddrRBO\RFM_AddrRBO.html
Processing html\output\rfm\AddrRBO\RFM_Desc_Tbl_AddrRBO.html
Processing html\output\rfm\ASNOutDesc\RFM_ASNOutCtn.html
Processing html\output\rfm\ASNOutDesc\RFM_ASNOutDesc.html
Processing html\output\rfm\ASNOutDesc\RFM_ASNOutDistro.html
Processing html\output\rfm\ASNOutDesc\RFM_ASNOutItem.html
Processing html\output\rfm\ASNOutDesc\RFM_ASNOutUIN.html
Processing html\output\rfm\ASNOutDesc\RFM_CustFlexAttriVo.html
Processing html\output\rfm\ASNOutDesc\RFM_Desc_Tbl_ASNOutDesc.html
Processing html\output\rfm\AddrRBO\RFM_AddrRBO.html
Processing html\output\rfm\AddrRBO\RFM_AddrRBO.html
Processing html\output\rfm\AddrRBO\RFM_Desc_Tbl_AddrRBO.html
Processing html\output\rfm\ASNOutDesc\RFM_ASNOutCtn.html
Processing html\output\rfm\ASNOutDesc\RFM_ASNOutDesc.html
Processing html\output\rfm\ASNOutDesc\RFM_ASNOutDistro.html
Processing html\output\rfm\ASNOutDesc\RFM_ASNOutItem.html
Processing html\output\rfm\ASNOutDesc\RFM_ASNOutUIN.html
Processing html\output\rfm\ASNOutDesc\RFM_CustFlexAttriVo.html
Processing html\output\rfm\ASNOutDesc\RFM_Desc_Tbl_ASNOutDesc.html
Processing html\output\rfm\AddrRBO\RFM_AddrRBO.html
Processing html\output\rfm\AddrRBO\RFM_Desc_Tbl_AddrRBO.html
Processing html\output\rfm\ASNOutDesc\RFM_ASNOutCtn.html
Processing html\output\rfm\ASNOutDesc\RFM_ASNOutDesc.html
Processing html\output\rfm\ASNOutDesc\RFM_ASNOutDistro.html
Processing html\output\rfm\ASNOutDesc\RFM_ASNOutItem.html
Processing html\output\rfm\ASNOutDesc\RFM_ASNOutUIN.html
Processing html\output\rfm\ASNOutDesc\RFM_CustFlexAttriVo.html
Processing html\output\rfm\ASNOutDesc\RFM_Desc_Tbl_ASNOutDesc.html
