 Saving xlsx_packer\IB01_msg_types.xlsx
 Saving xlsx_packer\IB022_msg_types.xlsx
 Saving xlsx_packer\IB02_msg_types.xlsx
 Saving xlsx_packer\IB03_msg_types.xlsx
 Saving xlsx_packer\IB04_msg_types.xlsx
 Saving xlsx_packer\IB05_msg_types.xlsx
 Saving xlsx_packer\..\xlsx_ib_merger\inbound\IB01_msg_types.xlsx
 Saving xlsx_packer\..\xlsx_ib_merger\inbound\IB022_msg_types.xlsx
 Saving xlsx_packer\..\xlsx_ib_merger\inbound\IB02_msg_types.xlsx
 Saving xlsx_packer\..\xlsx_ib_merger\inbound\IB03_msg_types.xlsx
 Saving xlsx_packer\..\xlsx_ib_merger\inbound\IB04_msg_types.xlsx
 Saving xlsx_packer\..\xlsx_ib_merger\inbound\IB05_msg_types.xlsx
 Saving xlsx_packer\..\xlsx_ib_merger\inbound\IB06_msg_types.xlsx
 Saving xlsx_packer\..\xlsx_ib_merger\inbound\rms\AllocRef\IB01_msg_types.xlsx
 Saving xlsx_packer\..\xlsx_ib_merger\inbound\rms\ChannelRef\IB022_msg_types.xlsx
 Saving xlsx_packer\..\xlsx_ib_merger\inbound\rms\IB01_msg_types.xlsx
 Saving xlsx_packer\..\xlsx_ib_merger\inbound\rms\IB022_msg_types.xlsx
 Saving xlsx_packer\..\xlsx_ib_merger\inbound\rms\IB02_msg_types.xlsx
 Saving xlsx_packer\..\xlsx_ib_merger\inbound\rms\IB03_msg_types.xlsx
 Saving xlsx_packer\..\xlsx_ib_merger\inbound\rms\IB04_msg_types.xlsx
 Saving xlsx_packer\..\xlsx_ib_merger\inbound\rms\IB05_msg_types.xlsx
 Saving xlsx_packer\..\xlsx_ib_merger\inbound\rms\IB06_msg_types.xlsx
 Saving xlsx_packer\..\xlsx_ib_merger\inbound\rms\IB07_msg_types.xlsx
 Saving xlsx_packer\..\xlsx_ib_merger\inbound\rms\IB08_msg_types.xlsx
 Saving xlsx_packer\..\xlsx_ib_merger\inbound\rms\IB09_msg_types.xlsx
 Saving xlsx_packer\..\xlsx_ib_merger\inbound\rms\IB10_msg_types.xlsx
 Saving xlsx_packer\..\xlsx_ib_merger\inbound\rms\IB11_msg_types.xlsx
 Saving xlsx_packer\..\xlsx_ib_merger\inbound\rms\IB12_msg_types.xlsx
 Saving xlsx_packer\..\xlsx_ib_merger\inbound\rms\IB13_msg_types.xlsx
 Saving xlsx_packer\..\xlsx_ib_merger\inbound\rms\IB14_msg_types.xlsx
 Saving xlsx_packer\..\xlsx_ib_merger\inbound\rms\IB15_msg_types.xlsx
 Saving xlsx_packer\..\xlsx_ib_merger\inbound\rms\IB16_msg_types.xlsx
 Saving xlsx_packer\..\xlsx_ib_merger\inbound\rms\IB17_msg_types.xlsx
 Saving xlsx_packer\..\xlsx_ib_merger\inbound\rms\IB18_msg_types.xlsx
 Saving xlsx_packer\..\xlsx_ib_merger\inbound\rms\IB19_msg_types.xlsx
 Saving xlsx_packer\..\xlsx_ib_merger\inbound\rms\IB20_msg_types.xlsx
 Saving xlsx_packer\..\xlsx_ib_merger\inbound\rms\IB21_msg_types.xlsx
 Saving xlsx_packer\..\xlsx_ib_merger\inbound\rms\IB22_msg_types.xlsx
 Saving xlsx_packer\..\xlsx_ib_merger\inbound\rfm\IB23_msg_types.xlsx
 Saving xlsx_packer\..\xlsx_ib_merger\inbound\rms\IB24_msg_types.xlsx
 Saving xlsx_packer\..\xlsx_ib_merger\inbound\rfm\IB25_msg_types.xlsx
 Saving xlsx_packer\..\xlsx_ib_merger\inbound\rms\IB01_msg_types.xlsx
 Saving xlsx_packer\..\xlsx_ib_merger\inbound\rms\IB022_msg_types.xlsx
 Saving xlsx_packer\..\xlsx_ib_merger\inbound\rms\IB02_msg_types.xlsx
 Saving xlsx_packer\..\xlsx_ib_merger\inbound\rms\IB03_msg_types.xlsx
 Saving xlsx_packer\..\xlsx_ib_merger\inbound\rms\IB04_msg_types.xlsx
 Saving xlsx_packer\..\xlsx_ib_merger\inbound\rms\IB05_msg_types.xlsx
 Saving xlsx_packer\..\xlsx_ib_merger\inbound\rms\IB06_msg_types.xlsx
 Saving xlsx_packer\..\xlsx_ib_merger\inbound\rms\IB07_msg_types.xlsx
 Saving xlsx_packer\..\xlsx_ib_merger\inbound\rms\IB08_msg_types.xlsx
 Saving xlsx_packer\..\xlsx_ib_merger\inbound\rms\IB09_msg_types.xlsx
 Saving xlsx_packer\..\xlsx_ib_merger\inbound\rms\IB10_msg_types.xlsx
 Saving xlsx_packer\..\xlsx_ib_merger\inbound\rms\IB11_msg_types.xlsx
 Saving xlsx_packer\..\xlsx_ib_merger\inbound\rms\IB12_msg_types.xlsx
 Saving xlsx_packer\..\xlsx_ib_merger\inbound\rms\IB13_msg_types.xlsx
 Saving xlsx_packer\..\xlsx_ib_merger\inbound\rms\IB14_msg_types.xlsx
 Saving xlsx_packer\..\xlsx_ib_merger\inbound\rms\IB15_msg_types.xlsx
 Saving xlsx_packer\..\xlsx_ib_merger\inbound\rms\IB16_msg_types.xlsx
 Saving xlsx_packer\..\xlsx_ib_merger\inbound\rms\IB17_msg_types.xlsx
 Saving xlsx_packer\..\xlsx_ib_merger\inbound\rms\IB18_msg_types.xlsx
 Saving xlsx_packer\..\xlsx_ib_merger\inbound\rms\IB19_msg_types.xlsx
 Saving xlsx_packer\..\xlsx_ib_merger\inbound\rms\IB20_msg_types.xlsx
 Saving xlsx_packer\..\xlsx_ib_merger\inbound\rms\IB21_msg_types.xlsx
 Saving xlsx_packer\..\xlsx_ib_merger\inbound\rms\IB22_msg_types.xlsx
 Saving xlsx_packer\..\xlsx_ib_merger\inbound\rfm\IB23_msg_types.xlsx
 Saving xlsx_packer\..\xlsx_ib_merger\inbound\rms\IB24_msg_types.xlsx
 Saving xlsx_packer\..\xlsx_ib_merger\inbound\rfm\IB25_msg_types.xlsx
 Saving xlsx_packer\..\xlsx_ib_merger\inbound\rms\IB27_msg_types.xlsx
 Saving xlsx_packer\..\xlsx_ib_merger\inbound\rms\IB28_msg_types.xlsx
 Saving xlsx_packer\..\xlsx_ib_merger\inbound\rms\IB29_msg_types.xlsx
 Saving xlsx_packer\..\xlsx_ib_merger\inbound\rms\IB33_msg_types.xlsx
 Saving xlsx_packer\..\xlsx_ib_merger\inbound\rms\IB34_msg_types.xlsx
 Saving xlsx_packer\..\xlsx_ib_merger\inbound\rms\IB35_msg_types.xlsx
 Saving xlsx_packer\..\xlsx_ib_merger\inbound\rms\IB37_msg_types.xlsx
 Saving xlsx_packer\..\xlsx_ib_merger\inbound\rpm\IB39_msg_types.xlsx
 Saving xlsx_packer\..\xlsx_ib_merger\inbound\rms\IB40_msg_types.xlsx
 Saving xlsx_packer\..\xlsx_ib_merger\inbound\rms\IB43_msg_types.xlsx
 Saving xlsx_packer\..\xlsx_ib_merger\inbound\rms\IB44_msg_types.xlsx
 Saving xlsx_packer\..\xlsx_ib_merger\inbound\rms\IB45_msg_types.xlsx
 Saving xlsx_packer\..\xlsx_ib_merger\inbound\rms\IB46_msg_types.xlsx
 Saving xlsx_packer\..\xlsx_ib_merger\inbound\rms\IB47_msg_types.xlsx
 Saving xlsx_packer\..\xlsx_ib_merger\inbound\rms\IB48_msg_types.xlsx
 Saving xlsx_packer\..\xlsx_ib_merger\inbound\rms\IB49_msg_types.xlsx
 Saving xlsx_packer\..\xlsx_ib_merger\inbound\rms\IB50_msg_types.xlsx
 Saving xlsx_packer\..\xlsx_ib_merger\inbound\rms\IB51_msg_types.xlsx
 Saving xlsx_packer\..\xlsx_ib_merger\inbound\rms\IB52_msg_types.xlsx
 Saving xlsx_packer\..\xlsx_ib_merger\inbound\rms\IB53_msg_types.xlsx
 Saving xlsx_packer\..\xlsx_ib_merger\inbound\rms\IB54_msg_types.xlsx
 Saving xlsx_packer\..\xlsx_ib_merger\inbound\rms\IB57_msg_types.xlsx
 Saving xlsx_packer\..\xlsx_ib_merger\inbound\rms\IB58_msg_types.xlsx
 Saving xlsx_packer\..\xlsx_ib_merger\inbound\rms\IB59_msg_types.xlsx
 Saving xlsx_packer\..\xlsx_ib_merger\inbound\rms\IB60_msg_types.xlsx
 Saving xlsx_packer\..\xlsx_ib_merger\inbound\rms\IB61_msg_types.xlsx
 Saving xlsx_packer\..\xlsx_ib_merger\inbound\rms\IB62_msg_types.xlsx
 Saving xlsx_packer\..\xlsx_ib_merger\inbound\rms\IB63_msg_types.xlsx
 Saving xlsx_packer\..\xlsx_ib_merger\inbound\rwms\IB64_msg_types.xlsx
 Saving xlsx_packer\..\xlsx_ib_merger\inbound\rwms\IB65_msg_types.xlsx
 Saving xlsx_packer\..\xlsx_ib_merger\inbound\rpm\IB66_msg_types.xlsx
 Saving xlsx_packer\..\xlsx_ib_merger\inbound\rfm\IB70_msg_types.xlsx
 Saving xlsx_packer\..\xlsx_ib_merger\inbound\rms\IB01_msg_types.xlsx
 Saving xlsx_packer\..\xlsx_ib_merger\inbound\rms\IB022_msg_types.xlsx
 Saving xlsx_packer\..\xlsx_ib_merger\inbound\rms\IB02_msg_types.xlsx
 Saving xlsx_packer\..\xlsx_ib_merger\inbound\rms\IB03_msg_types.xlsx
 Saving xlsx_packer\..\xlsx_ib_merger\inbound\rms\IB04_msg_types.xlsx
 Saving xlsx_packer\..\xlsx_ib_merger\inbound\rms\IB05_msg_types.xlsx
 Saving xlsx_packer\..\xlsx_ib_merger\inbound\rms\IB06_msg_types.xlsx
 Saving xlsx_packer\..\xlsx_ib_merger\inbound\rms\IB07_msg_types.xlsx
 Saving xlsx_packer\..\xlsx_ib_merger\inbound\rms\IB08_msg_types.xlsx
 Saving xlsx_packer\..\xlsx_ib_merger\inbound\rms\IB09_msg_types.xlsx
 Saving xlsx_packer\..\xlsx_ib_merger\inbound\rms\IB10_msg_types.xlsx
 Saving xlsx_packer\..\xlsx_ib_merger\inbound\rms\IB11_msg_types.xlsx
 Saving xlsx_packer\..\xlsx_ib_merger\inbound\rms\IB12_msg_types.xlsx
 Saving xlsx_packer\..\xlsx_ib_merger\inbound\rms\IB13_msg_types.xlsx
 Saving xlsx_packer\..\xlsx_ib_merger\inbound\rms\IB14_msg_types.xlsx
 Saving xlsx_packer\..\xlsx_ib_merger\inbound\rms\IB15_msg_types.xlsx
 Saving xlsx_packer\..\xlsx_ib_merger\inbound\rms\IB16_msg_types.xlsx
 Saving xlsx_packer\..\xlsx_ib_merger\inbound\rms\IB17_msg_types.xlsx
 Saving xlsx_packer\..\xlsx_ib_merger\inbound\rms\IB18_msg_types.xlsx
 Saving xlsx_packer\..\xlsx_ib_merger\inbound\rms\IB19_msg_types.xlsx
 Saving xlsx_packer\..\xlsx_ib_merger\inbound\rms\IB20_msg_types.xlsx
 Saving xlsx_packer\..\xlsx_ib_merger\inbound\rms\IB21_msg_types.xlsx
 Saving xlsx_packer\..\xlsx_ib_merger\inbound\rms\IB22_msg_types.xlsx
 Saving xlsx_packer\..\xlsx_ib_merger\inbound\rfm\IB23_msg_types.xlsx
 Saving xlsx_packer\..\xlsx_ib_merger\inbound\rms\IB24_msg_types.xlsx
 Saving xlsx_packer\..\xlsx_ib_merger\inbound\rfm\IB25_msg_types.xlsx
 Saving xlsx_packer\..\xlsx_ib_merger\inbound\rms\IB27_msg_types.xlsx
 Saving xlsx_packer\..\xlsx_ib_merger\inbound\rms\IB28_msg_types.xlsx
 Saving xlsx_packer\..\xlsx_ib_merger\inbound\rms\IB29_msg_types.xlsx
 Saving xlsx_packer\..\xlsx_ib_merger\inbound\rms\IB33_msg_types.xlsx
 Saving xlsx_packer\..\xlsx_ib_merger\inbound\rms\IB34_msg_types.xlsx
 Saving xlsx_packer\..\xlsx_ib_merger\inbound\rms\IB35_msg_types.xlsx
 Saving xlsx_packer\..\xlsx_ib_merger\inbound\rms\IB37_msg_types.xlsx
 Saving xlsx_packer\..\xlsx_ib_merger\inbound\rpm\IB39_msg_types.xlsx
 Saving xlsx_packer\..\xlsx_ib_merger\inbound\rms\IB40_msg_types.xlsx
 Saving xlsx_packer\..\xlsx_ib_merger\inbound\rms\IB43_msg_types.xlsx
 Saving xlsx_packer\..\xlsx_ib_merger\inbound\rms\IB44_msg_types.xlsx
 Saving xlsx_packer\..\xlsx_ib_merger\inbound\rms\IB45_msg_types.xlsx
 Saving xlsx_packer\..\xlsx_ib_merger\inbound\rms\IB46_msg_types.xlsx
 Saving xlsx_packer\..\xlsx_ib_merger\inbound\rms\IB47_msg_types.xlsx
 Saving xlsx_packer\..\xlsx_ib_merger\inbound\rms\IB48_msg_types.xlsx
 Saving xlsx_packer\..\xlsx_ib_merger\inbound\rms\IB49_msg_types.xlsx
 Saving xlsx_packer\..\xlsx_ib_merger\inbound\rms\IB50_msg_types.xlsx
 Saving xlsx_packer\..\xlsx_ib_merger\inbound\rms\IB51_msg_types.xlsx
 Saving xlsx_packer\..\xlsx_ib_merger\inbound\rms\IB52_msg_types.xlsx
 Saving xlsx_packer\..\xlsx_ib_merger\inbound\rms\IB53_msg_types.xlsx
 Saving xlsx_packer\..\xlsx_ib_merger\inbound\rms\IB54_msg_types.xlsx
 Saving xlsx_packer\..\xlsx_ib_merger\inbound\rms\IB55_msg_types.xlsx
 Saving xlsx_packer\..\xlsx_ib_merger\inbound\rms\IB57_msg_types.xlsx
 Saving xlsx_packer\..\xlsx_ib_merger\inbound\rms\IB58_msg_types.xlsx
 Saving xlsx_packer\..\xlsx_ib_merger\inbound\rms\IB59_msg_types.xlsx
 Saving xlsx_packer\..\xlsx_ib_merger\inbound\rms\IB60_msg_types.xlsx
 Saving xlsx_packer\..\xlsx_ib_merger\inbound\rms\IB61_msg_types.xlsx
 Saving xlsx_packer\..\xlsx_ib_merger\inbound\rms\IB62_msg_types.xlsx
 Saving xlsx_packer\..\xlsx_ib_merger\inbound\rms\IB63_msg_types.xlsx
 Saving xlsx_packer\..\xlsx_ib_merger\inbound\rwms\IB64_msg_types.xlsx
 Saving xlsx_packer\..\xlsx_ib_merger\inbound\rwms\IB65_msg_types.xlsx
 Saving xlsx_packer\..\xlsx_ib_merger\inbound\rpm\IB66_msg_types.xlsx
 Saving xlsx_packer\..\xlsx_ib_merger\inbound\rfm\IB70_msg_types.xlsx
 Saving xlsx_packer\..\xlsx_ib_merger\inbound\rwms\IB74_msg_types.xlsx
 Saving xlsx_packer\..\xlsx_ib_merger\inbound\rms\IB75_msg_types.xlsx
 Saving xlsx_packer\..\xlsx_ib_merger\inbound\rms\IB76_msg_types.xlsx
 Saving xlsx_packer\..\xlsx_ib_merger\inbound\rms\IB77_msg_types.xlsx
 Saving xlsx_packer\..\xlsx_ib_merger\inbound\rms\IB80_msg_types.xlsx
 Saving xlsx_packer\..\xlsx_ib_merger\inbound\rms\IB83_msg_types.xlsx
 Saving xlsx_packer\..\xlsx_ib_merger\inbound\rms\IBx1_msg_types.xlsx
 Saving xlsx_packer\..\xlsx_ib_merger\inbound\rms\IBx25_msg_types.xlsx
 Saving xlsx_packer\..\xlsx_ib_merger\inbound\rms\IBx2_msg_types.xlsx
 Saving xlsx_packer\..\xlsx_ib_merger\inbound\rms\test.xlsx
 Saving xlsx_packer\..\xlsx_ib_merger\IB01_msg_types.xlsx
 Saving xlsx_packer\..\xlsx_ib_merger\IB022_msg_types.xlsx
 Saving xlsx_packer\..\xlsx_ib_merger\IB02_msg_types.xlsx
 Saving xlsx_packer\..\xlsx_ib_merger\IB03_msg_types.xlsx
 Saving xlsx_packer\..\xlsx_ib_merger\IB04_msg_types.xlsx
 Saving xlsx_packer\..\xlsx_ib_merger\IB05_msg_types.xlsx
 Saving xlsx_packer\..\xlsx_ib_merger\IB06_msg_types.xlsx
 Saving xlsx_packer\..\xlsx_ib_merger\IB07_msg_types.xlsx
 Saving xlsx_packer\..\xlsx_ib_merger\IB08_msg_types.xlsx
 Saving xlsx_packer\..\xlsx_ib_merger\IB09_msg_types.xlsx
 Saving xlsx_packer\..\xlsx_ib_merger\IB10_msg_types.xlsx
 Saving xlsx_packer\..\xlsx_ib_merger\IB11_msg_types.xlsx
 Saving xlsx_packer\..\xlsx_ib_merger\IB12_msg_types.xlsx
 Saving xlsx_packer\..\xlsx_ib_merger\IB13_msg_types.xlsx
 Saving xlsx_packer\..\xlsx_ib_merger\IB14_msg_types.xlsx
 Saving xlsx_packer\..\xlsx_ib_merger\IB15_msg_types.xlsx
 Saving xlsx_packer\..\xlsx_ib_merger\IB16_msg_types.xlsx
 Saving xlsx_packer\..\xlsx_ib_merger\IB17_msg_types.xlsx
 Saving xlsx_packer\..\xlsx_ib_merger\IB18_msg_types.xlsx
 Saving xlsx_packer\..\xlsx_ib_merger\IB19_msg_types.xlsx
 Saving xlsx_packer\..\xlsx_ib_merger\IB20_msg_types.xlsx
 Saving xlsx_packer\..\xlsx_ib_merger\IB21_msg_types.xlsx
 Saving xlsx_packer\..\xlsx_ib_merger\IB22_msg_types.xlsx
 Saving xlsx_packer\..\xlsx_ib_merger\IB23_msg_types.xlsx
 Saving xlsx_packer\..\xlsx_ib_merger\IB24_msg_types.xlsx
 Saving xlsx_packer\..\xlsx_ib_merger\IB25_msg_types.xlsx
 Saving xlsx_packer\..\xlsx_ib_merger\IB27_msg_types.xlsx
 Saving xlsx_packer\..\xlsx_ib_merger\IB28_msg_types.xlsx
 Saving xlsx_packer\..\xlsx_ib_merger\IB29_msg_types.xlsx
 Saving xlsx_packer\..\xlsx_ib_merger\IB33_msg_types.xlsx
 Saving xlsx_packer\..\xlsx_ib_merger\IB34_msg_types.xlsx
 Saving xlsx_packer\..\xlsx_ib_merger\IB35_msg_types.xlsx
 Saving xlsx_packer\..\xlsx_ib_merger\IB37_msg_types.xlsx
 Saving xlsx_packer\..\xlsx_ib_merger\IB39_msg_types.xlsx
 Saving xlsx_packer\..\xlsx_ib_merger\IB40_msg_types.xlsx
 Saving xlsx_packer\..\xlsx_ib_merger\IB43_msg_types.xlsx
 Saving xlsx_packer\..\xlsx_ib_merger\IB44_msg_types.xlsx
 Saving xlsx_packer\..\xlsx_ib_merger\IB45_msg_types.xlsx
 Saving xlsx_packer\..\xlsx_ib_merger\IB46_msg_types.xlsx
 Saving xlsx_packer\..\xlsx_ib_merger\IB47_msg_types.xlsx
 Saving xlsx_packer\..\xlsx_ib_merger\IB48_msg_types.xlsx
 Saving xlsx_packer\..\xlsx_ib_merger\IB49_msg_types.xlsx
 Saving xlsx_packer\..\xlsx_ib_merger\IB50_msg_types.xlsx
 Saving xlsx_packer\..\xlsx_ib_merger\IB51_msg_types.xlsx
 Saving xlsx_packer\..\xlsx_ib_merger\IB52_msg_types.xlsx
 Saving xlsx_packer\..\xlsx_ib_merger\IB53_msg_types.xlsx
 Saving xlsx_packer\..\xlsx_ib_merger\IB54_msg_types.xlsx
 Saving xlsx_packer\..\xlsx_ib_merger\IB55_msg_types.xlsx
 Saving xlsx_packer\..\xlsx_ib_merger\IB57_msg_types.xlsx
 Saving xlsx_packer\..\xlsx_ib_merger\IB58_msg_types.xlsx
 Saving xlsx_packer\..\xlsx_ib_merger\IB59_msg_types.xlsx
 Saving xlsx_packer\..\xlsx_ib_merger\IB60_msg_types.xlsx
 Saving xlsx_packer\..\xlsx_ib_merger\IB61_msg_types.xlsx
 Saving xlsx_packer\..\xlsx_ib_merger\IB62_msg_types.xlsx
 Saving xlsx_packer\..\xlsx_ib_merger\IB63_msg_types.xlsx
 Saving xlsx_packer\..\xlsx_ib_merger\IB64_msg_types.xlsx
 Saving xlsx_packer\..\xlsx_ib_merger\IB65_msg_types.xlsx
 Saving xlsx_packer\..\xlsx_ib_merger\IB66_msg_types.xlsx
 Saving xlsx_packer\..\xlsx_ib_merger\IB70_msg_types.xlsx
 Saving xlsx_packer\..\xlsx_ib_merger\IB74_msg_types.xlsx
 Saving xlsx_packer\..\xlsx_ib_merger\IB75_msg_types.xlsx
 Saving xlsx_packer\..\xlsx_ib_merger\IB76_msg_types.xlsx
 Saving xlsx_packer\..\xlsx_ib_merger\IB77_msg_types.xlsx
 Saving xlsx_packer\..\xlsx_ib_merger\IB80_msg_types.xlsx
 Saving xlsx_packer\..\xlsx_ib_merger\IB83_msg_types.xlsx
 Saving xlsx_packer\..\xlsx_ib_merger\IBx1_msg_types.xlsx
 Saving xlsx_packer\..\xlsx_ib_merger\IBx25_msg_types.xlsx
 Saving xlsx_packer\..\xlsx_ib_merger\IBx2_msg_types.xlsx
 Saving xlsx_packer\..\xlsx_ib_merger\test.xlsx
 Saving xlsx_packer\..\xlsx_ib_merger\outbound\rms\IB01_msg_types.xlsx
 Saving xlsx_packer\..\xlsx_ib_merger\outbound\rms\IB022_msg_types.xlsx
 Saving xlsx_packer\..\xlsx_ib_merger\outbound\rms\IB02_msg_types.xlsx
 Saving xlsx_packer\..\xlsx_ib_merger\outbound\rms\IB03_msg_types.xlsx
 Saving xlsx_packer\..\xlsx_ib_merger\outbound\rms\IB04_msg_types.xlsx
 Saving xlsx_packer\..\xlsx_ib_merger\outbound\rms\IB05_msg_types.xlsx
 Saving xlsx_packer\..\xlsx_ib_merger\outbound\rms\IB06_msg_types.xlsx
 Saving xlsx_packer\..\xlsx_ib_merger\outbound\rms\IB07_msg_types.xlsx
 Saving xlsx_packer\..\xlsx_ib_merger\outbound\rms\IB08_msg_types.xlsx
 Saving xlsx_packer\..\xlsx_ib_merger\outbound\rms\IB09_msg_types.xlsx
 Saving xlsx_packer\..\xlsx_ib_merger\outbound\rms\IB10_msg_types.xlsx
 Saving xlsx_packer\..\xlsx_ib_merger\outbound\rms\IB11_msg_types.xlsx
 Saving xlsx_packer\..\xlsx_ib_merger\outbound\rms\IB12_msg_types.xlsx
 Saving xlsx_packer\..\xlsx_ib_merger\outbound\rms\IB13_msg_types.xlsx
 Saving xlsx_packer\..\xlsx_ib_merger\outbound\rms\IB14_msg_types.xlsx
 Saving xlsx_packer\..\xlsx_ib_merger\outbound\rms\IB15_msg_types.xlsx
 Saving xlsx_packer\..\xlsx_ib_merger\outbound\rms\IB16_msg_types.xlsx
 Saving xlsx_packer\..\xlsx_ib_merger\outbound\rms\IB17_msg_types.xlsx
 Saving xlsx_packer\..\xlsx_ib_merger\outbound\rms\IB18_msg_types.xlsx
 Saving xlsx_packer\..\xlsx_ib_merger\outbound\rms\IB19_msg_types.xlsx
 Saving xlsx_packer\..\xlsx_ib_merger\outbound\rms\IB20_msg_types.xlsx
 Saving xlsx_packer\..\xlsx_ib_merger\outbound\rms\IB21_msg_types.xlsx
 Saving xlsx_packer\..\xlsx_ib_merger\outbound\rms\IB22_msg_types.xlsx
 Saving xlsx_packer\..\xlsx_ib_merger\outbound\rfm\IB23_msg_types.xlsx
 Saving xlsx_packer\..\xlsx_ib_merger\outbound\rms\IB24_msg_types.xlsx
 Saving xlsx_packer\..\xlsx_ib_merger\outbound\rfm\IB25_msg_types.xlsx
 Saving xlsx_packer\..\xlsx_ib_merger\outbound\rms\IB27_msg_types.xlsx
 Saving xlsx_packer\..\xlsx_ib_merger\outbound\rms\IB28_msg_types.xlsx
 Saving xlsx_packer\..\xlsx_ib_merger\outbound\rms\IB29_msg_types.xlsx
 Saving xlsx_packer\..\xlsx_ib_merger\outbound\rms\IB33_msg_types.xlsx
 Saving xlsx_packer\..\xlsx_ib_merger\outbound\rms\IB34_msg_types.xlsx
 Saving xlsx_packer\..\xlsx_ib_merger\outbound\rms\IB35_msg_types.xlsx
 Saving xlsx_packer\..\xlsx_ib_merger\outbound\rms\IB37_msg_types.xlsx
 Saving xlsx_packer\..\xlsx_ib_merger\outbound\rpm\IB39_msg_types.xlsx
 Saving xlsx_packer\..\xlsx_ib_merger\outbound\rms\IB40_msg_types.xlsx
 Saving xlsx_packer\..\xlsx_ib_merger\outbound\rms\IB43_msg_types.xlsx
 Saving xlsx_packer\..\xlsx_ib_merger\outbound\rms\IB44_msg_types.xlsx
 Saving xlsx_packer\..\xlsx_ib_merger\outbound\rms\IB45_msg_types.xlsx
 Saving xlsx_packer\..\xlsx_ib_merger\outbound\rms\IB46_msg_types.xlsx
 Saving xlsx_packer\..\xlsx_ib_merger\outbound\rms\IB47_msg_types.xlsx
 Saving xlsx_packer\..\xlsx_ib_merger\outbound\rms\IB48_msg_types.xlsx
 Saving xlsx_packer\..\xlsx_ib_merger\outbound\rms\IB49_msg_types.xlsx
 Saving xlsx_packer\..\xlsx_ib_merger\outbound\rms\IB50_msg_types.xlsx
 Saving xlsx_packer\..\xlsx_ib_merger\outbound\rms\IB51_msg_types.xlsx
 Saving xlsx_packer\..\xlsx_ib_merger\outbound\rms\IB52_msg_types.xlsx
 Saving xlsx_packer\..\xlsx_ib_merger\outbound\rms\IB53_msg_types.xlsx
 Saving xlsx_packer\..\xlsx_ib_merger\outbound\rms\IB54_msg_types.xlsx
 Saving xlsx_packer\..\xlsx_ib_merger\outbound\rms\IB55_msg_types.xlsx
 Saving xlsx_packer\..\xlsx_ib_merger\outbound\rms\IB57_msg_types.xlsx
 Saving xlsx_packer\..\xlsx_ib_merger\outbound\rms\IB58_msg_types.xlsx
 Saving xlsx_packer\..\xlsx_ib_merger\outbound\rms\IB59_msg_types.xlsx
 Saving xlsx_packer\..\xlsx_ib_merger\outbound\rms\IB60_msg_types.xlsx
 Saving xlsx_packer\..\xlsx_ib_merger\outbound\rms\IB61_msg_types.xlsx
 Saving xlsx_packer\..\xlsx_ib_merger\outbound\rms\IB62_msg_types.xlsx
 Saving xlsx_packer\..\xlsx_ib_merger\outbound\rms\IB63_msg_types.xlsx
 Saving xlsx_packer\..\xlsx_ib_merger\outbound\rwms\IB64_msg_types.xlsx
 Saving xlsx_packer\..\xlsx_ib_merger\outbound\rwms\IB65_msg_types.xlsx
 Saving xlsx_packer\..\xlsx_ib_merger\outbound\rpm\IB66_msg_types.xlsx
 Saving xlsx_packer\..\xlsx_ib_merger\outbound\rfm\IB70_msg_types.xlsx
 Saving xlsx_packer\..\xlsx_ib_merger\outbound\rwms\IB74_msg_types.xlsx
 Saving xlsx_packer\..\xlsx_ib_merger\outbound\rms\IB75_msg_types.xlsx
 Saving xlsx_packer\..\xlsx_ib_merger\outbound\rms\IB76_msg_types.xlsx
 Saving xlsx_packer\..\xlsx_ib_merger\outbound\rms\IB77_msg_types.xlsx
 Saving xlsx_packer\..\xlsx_ib_merger\outbound\rms\IB80_msg_types.xlsx
 Saving xlsx_packer\..\xlsx_ib_merger\outbound\rms\IB83_msg_types.xlsx
 Saving xlsx_packer\..\xlsx_ib_merger\outbound\rms\IBx1_msg_types.xlsx
 Saving xlsx_packer\..\xlsx_ib_merger\outbound\rms\IBx25_msg_types.xlsx
 Saving xlsx_packer\..\xlsx_ib_merger\outbound\rms\IBx2_msg_types.xlsx
 Saving xlsx_packer\..\xlsx_ib_merger\outbound\rms\test.xlsx
 Saving xlsx_packer\..\xlsx_ib_merger\outbound\rms\IB01_msg_types.xlsx
 Saving xlsx_packer\..\xlsx_ib_merger\outbound\rms\IB022_msg_types.xlsx
 Saving xlsx_packer\..\xlsx_ib_merger\outbound\rms\IB02_msg_types.xlsx
 Saving xlsx_packer\..\xlsx_ib_merger\outbound\rms\IB03_msg_types.xlsx
 Saving xlsx_packer\..\xlsx_ib_merger\outbound\rms\IB04_msg_types.xlsx
 Saving xlsx_packer\..\xlsx_ib_merger\outbound\rms\IB05_msg_types.xlsx
 Saving xlsx_packer\..\xlsx_ib_merger\outbound\rms\IB06_msg_types.xlsx
 Saving xlsx_packer\..\xlsx_ib_merger\outbound\rms\IB07_msg_types.xlsx
 Saving xlsx_packer\..\xlsx_ib_merger\outbound\rms\IB08_msg_types.xlsx
 Saving xlsx_packer\..\xlsx_ib_merger\outbound\rms\IB09_msg_types.xlsx
 Saving xlsx_packer\..\xlsx_ib_merger\outbound\rms\IB10_msg_types.xlsx
 Saving xlsx_packer\..\xlsx_ib_merger\outbound\rms\IB11_msg_types.xlsx
 Saving xlsx_packer\..\xlsx_ib_merger\outbound\rms\IB12_msg_types.xlsx
 Saving xlsx_packer\..\xlsx_ib_merger\outbound\rms\IB13_msg_types.xlsx
 Saving xlsx_packer\..\xlsx_ib_merger\outbound\rms\IB14_msg_types.xlsx
 Saving xlsx_packer\..\xlsx_ib_merger\outbound\rms\IB15_msg_types.xlsx
 Saving xlsx_packer\..\xlsx_ib_merger\outbound\rms\IB16_msg_types.xlsx
 Saving xlsx_packer\..\xlsx_ib_merger\outbound\rms\IB17_msg_types.xlsx
 Saving xlsx_packer\..\xlsx_ib_merger\outbound\rms\IB18_msg_types.xlsx
 Saving xlsx_packer\..\xlsx_ib_merger\outbound\rms\IB19_msg_types.xlsx
 Saving xlsx_packer\..\xlsx_ib_merger\outbound\rms\IB20_msg_types.xlsx
 Saving xlsx_packer\..\xlsx_ib_merger\outbound\rms\IB21_msg_types.xlsx
 Saving xlsx_packer\..\xlsx_ib_merger\outbound\rms\IB22_msg_types.xlsx
 Saving xlsx_packer\..\xlsx_ib_merger\outbound\rms\IB23_msg_types.xlsx
 Saving xlsx_packer\..\xlsx_ib_merger\outbound\rms\IB24_msg_types.xlsx
 Saving xlsx_packer\..\xlsx_ib_merger\outbound\rms\IB25_msg_types.xlsx
 Saving xlsx_packer\..\xlsx_ib_merger\outbound\rms\IB27_msg_types.xlsx
 Saving xlsx_packer\..\xlsx_ib_merger\outbound\rms\IB28_msg_types.xlsx
 Saving xlsx_packer\..\xlsx_ib_merger\outbound\rms\IB29_msg_types.xlsx
 Saving xlsx_packer\..\xlsx_ib_merger\outbound\rms\IB33_msg_types.xlsx
 Saving xlsx_packer\..\xlsx_ib_merger\outbound\rms\IB34_msg_types.xlsx
 Saving xlsx_packer\..\xlsx_ib_merger\outbound\rms\IB35_msg_types.xlsx
 Saving xlsx_packer\..\xlsx_ib_merger\outbound\rms\IB37_msg_types.xlsx
 Saving xlsx_packer\..\xlsx_ib_merger\outbound\rms\IB40_msg_types.xlsx
 Saving xlsx_packer\..\xlsx_ib_merger\outbound\rms\IB43_msg_types.xlsx
 Saving xlsx_packer\..\xlsx_ib_merger\outbound\rms\IB44_msg_types.xlsx
 Saving xlsx_packer\..\xlsx_ib_merger\outbound\rms\IB45_msg_types.xlsx
 Saving xlsx_packer\..\xlsx_ib_merger\outbound\rms\IB46_msg_types.xlsx
 Saving xlsx_packer\..\xlsx_ib_merger\outbound\rms\IB47_msg_types.xlsx
 Saving xlsx_packer\..\xlsx_ib_merger\outbound\rms\IB48_msg_types.xlsx
 Saving xlsx_packer\..\xlsx_ib_merger\outbound\rms\IB49_msg_types.xlsx
 Saving xlsx_packer\..\xlsx_ib_merger\outbound\rms\IB50_msg_types.xlsx
 Saving xlsx_packer\..\xlsx_ib_merger\outbound\rms\IB51_msg_types.xlsx
 Saving xlsx_packer\..\xlsx_ib_merger\outbound\rms\IB52_msg_types.xlsx
 Saving xlsx_packer\..\xlsx_ib_merger\outbound\rms\IB53_msg_types.xlsx
 Saving xlsx_packer\..\xlsx_ib_merger\outbound\rms\IB54_msg_types.xlsx
 Saving xlsx_packer\..\xlsx_ib_merger\outbound\rms\IB55_msg_types.xlsx
 Saving xlsx_packer\..\xlsx_ib_merger\outbound\rms\IB57_msg_types.xlsx
 Saving xlsx_packer\..\xlsx_ib_merger\outbound\rms\IB58_msg_types.xlsx
 Saving xlsx_packer\..\xlsx_ib_merger\outbound\rms\IB59_msg_types.xlsx
 Saving xlsx_packer\..\xlsx_ib_merger\outbound\rms\IB60_msg_types.xlsx
 Saving xlsx_packer\..\xlsx_ib_merger\outbound\rms\IB61_msg_types.xlsx
 Saving xlsx_packer\..\xlsx_ib_merger\outbound\rms\IB62_msg_types.xlsx
 Saving xlsx_packer\..\xlsx_ib_merger\outbound\rms\IB63_msg_types.xlsx
 Saving xlsx_packer\..\xlsx_ib_merger\outbound\rms\IB70_msg_types.xlsx
 Saving xlsx_packer\..\xlsx_ib_merger\outbound\rms\IB75_msg_types.xlsx
 Saving xlsx_packer\..\xlsx_ib_merger\outbound\rms\IB76_msg_types.xlsx
 Saving xlsx_packer\..\xlsx_ib_merger\outbound\rms\IB77_msg_types.xlsx
 Saving xlsx_packer\..\xlsx_ib_merger\outbound\rms\IB80_msg_types.xlsx
 Saving xlsx_packer\..\xlsx_ib_merger\outbound\rms\IB83_msg_types.xlsx
 Saving xlsx_packer\..\xlsx_ib_merger\outbound\rms\IBx1_msg_types.xlsx
 Saving xlsx_packer\..\xlsx_ib_merger\outbound\rms\IBx25_msg_types.xlsx
 Saving xlsx_packer\..\xlsx_ib_merger\outbound\rms\IBx2_msg_types.xlsx
 Saving xlsx_packer\..\xlsx_ib_merger\outbound\rms\test.xlsx
 Saving xlsx_packer\..\xlsx_ib_merger\inbound\rpm\IB25_msg_types.xlsx
 Saving xlsx_packer\..\xlsx_ib_merger\inbound\rpm\IB37_msg_types.xlsx
 Saving xlsx_packer\..\xlsx_ib_merger\inbound\rpm\IB39_msg_types.xlsx
 Saving xlsx_packer\..\xlsx_ib_merger\inbound\rpm\IB66_msg_types.xlsx
 Saving xlsx_packer\..\xlsx_ib_merger\inbound\rms\IB01_msg_types.xlsx
 Saving xlsx_packer\..\xlsx_ib_merger\inbound\rms\IB022_msg_types.xlsx
 Saving xlsx_packer\..\xlsx_ib_merger\inbound\rms\IB02_msg_types.xlsx
 Saving xlsx_packer\..\xlsx_ib_merger\inbound\rms\IB03_msg_types.xlsx
 Saving xlsx_packer\..\xlsx_ib_merger\inbound\rms\IB04_msg_types.xlsx
 Saving xlsx_packer\..\xlsx_ib_merger\inbound\rms\IB05_msg_types.xlsx
 Saving xlsx_packer\..\xlsx_ib_merger\inbound\rms\IB06_msg_types.xlsx
 Saving xlsx_packer\..\xlsx_ib_merger\inbound\rms\IB07_msg_types.xlsx
 Saving xlsx_packer\..\xlsx_ib_merger\inbound\rms\IB08_msg_types.xlsx
 Saving xlsx_packer\..\xlsx_ib_merger\inbound\rms\IB09_msg_types.xlsx
 Saving xlsx_packer\..\xlsx_ib_merger\inbound\rms\IB10_msg_types.xlsx
 Saving xlsx_packer\..\xlsx_ib_merger\inbound\rms\IB11_msg_types.xlsx
 Saving xlsx_packer\..\xlsx_ib_merger\inbound\rms\IB12_msg_types.xlsx
 Saving xlsx_packer\..\xlsx_ib_merger\inbound\rms\IB13_msg_types.xlsx
 Saving xlsx_packer\..\xlsx_ib_merger\inbound\rms\IB14_msg_types.xlsx
 Saving xlsx_packer\..\xlsx_ib_merger\inbound\rms\IB15_msg_types.xlsx
 Saving xlsx_packer\..\xlsx_ib_merger\inbound\rms\IB16_msg_types.xlsx
 Saving xlsx_packer\..\xlsx_ib_merger\inbound\rms\IB17_msg_types.xlsx
 Saving xlsx_packer\..\xlsx_ib_merger\inbound\rms\IB18_msg_types.xlsx
 Saving xlsx_packer\..\xlsx_ib_merger\inbound\rms\IB19_msg_types.xlsx
 Saving xlsx_packer\..\xlsx_ib_merger\inbound\rms\IB20_msg_types.xlsx
 Saving xlsx_packer\..\xlsx_ib_merger\inbound\rms\IB21_msg_types.xlsx
 Saving xlsx_packer\..\xlsx_ib_merger\inbound\rms\IB22_msg_types.xlsx
 Saving xlsx_packer\..\xlsx_ib_merger\inbound\rms\IB23_msg_types.xlsx
 Saving xlsx_packer\..\xlsx_ib_merger\inbound\rms\IB24_msg_types.xlsx
 Saving xlsx_packer\..\xlsx_ib_merger\inbound\rms\IB25_msg_types.xlsx
 Saving xlsx_packer\..\xlsx_ib_merger\inbound\rms\IB27_msg_types.xlsx
 Saving xlsx_packer\..\xlsx_ib_merger\inbound\rms\IB28_msg_types.xlsx
 Saving xlsx_packer\..\xlsx_ib_merger\inbound\rms\IB29_msg_types.xlsx
 Saving xlsx_packer\..\xlsx_ib_merger\inbound\rms\IB33_msg_types.xlsx
 Saving xlsx_packer\..\xlsx_ib_merger\inbound\rms\IB34_msg_types.xlsx
 Saving xlsx_packer\..\xlsx_ib_merger\inbound\rms\IB35_msg_types.xlsx
 Saving xlsx_packer\..\xlsx_ib_merger\inbound\rms\IB37_msg_types.xlsx
 Saving xlsx_packer\..\xlsx_ib_merger\inbound\rms\IB40_msg_types.xlsx
 Saving xlsx_packer\..\xlsx_ib_merger\inbound\rms\IB43_msg_types.xlsx
 Saving xlsx_packer\..\xlsx_ib_merger\inbound\rms\IB44_msg_types.xlsx
 Saving xlsx_packer\..\xlsx_ib_merger\inbound\rms\IB45_msg_types.xlsx
 Saving xlsx_packer\..\xlsx_ib_merger\inbound\rms\IB46_msg_types.xlsx
 Saving xlsx_packer\..\xlsx_ib_merger\inbound\rms\IB47_msg_types.xlsx
 Saving xlsx_packer\..\xlsx_ib_merger\inbound\rms\IB48_msg_types.xlsx
 Saving xlsx_packer\..\xlsx_ib_merger\inbound\rms\IB49_msg_types.xlsx
 Saving xlsx_packer\..\xlsx_ib_merger\inbound\rms\IB50_msg_types.xlsx
 Saving xlsx_packer\..\xlsx_ib_merger\inbound\rms\IB51_msg_types.xlsx
 Saving xlsx_packer\..\xlsx_ib_merger\inbound\rms\IB52_msg_types.xlsx
 Saving xlsx_packer\..\xlsx_ib_merger\inbound\rms\IB53_msg_types.xlsx
 Saving xlsx_packer\..\xlsx_ib_merger\inbound\rms\IB54_msg_types.xlsx
 Saving xlsx_packer\..\xlsx_ib_merger\inbound\rms\IB55_msg_types.xlsx
 Saving xlsx_packer\..\xlsx_ib_merger\inbound\rms\IB57_msg_types.xlsx
 Saving xlsx_packer\..\xlsx_ib_merger\inbound\rms\IB58_msg_types.xlsx
 Saving xlsx_packer\..\xlsx_ib_merger\inbound\rms\IB59_msg_types.xlsx
 Saving xlsx_packer\..\xlsx_ib_merger\inbound\rms\IB60_msg_types.xlsx
 Saving xlsx_packer\..\xlsx_ib_merger\inbound\rms\IB61_msg_types.xlsx
 Saving xlsx_packer\..\xlsx_ib_merger\inbound\rms\IB62_msg_types.xlsx
 Saving xlsx_packer\..\xlsx_ib_merger\inbound\rms\IB63_msg_types.xlsx
 Saving xlsx_packer\..\xlsx_ib_merger\inbound\rms\IB70_msg_types.xlsx
 Saving xlsx_packer\..\xlsx_ib_merger\inbound\rms\IB75_msg_types.xlsx
 Saving xlsx_packer\..\xlsx_ib_merger\inbound\rms\IB76_msg_types.xlsx
 Saving xlsx_packer\..\xlsx_ib_merger\inbound\rms\IB77_msg_types.xlsx
 Saving xlsx_packer\..\xlsx_ib_merger\inbound\rms\IB80_msg_types.xlsx
 Saving xlsx_packer\..\xlsx_ib_merger\inbound\rms\IB83_msg_types.xlsx
 Saving xlsx_packer\..\xlsx_ib_merger\inbound\rms\IBx1_msg_types.xlsx
 Saving xlsx_packer\..\xlsx_ib_merger\inbound\rms\IBx25_msg_types.xlsx
 Saving xlsx_packer\..\xlsx_ib_merger\inbound\rms\IBx2_msg_types.xlsx
 Saving xlsx_packer\..\xlsx_ib_merger\inbound\rms\test.xlsx
 Saving xlsx_packer\..\xlsx_ib_merger\inbound\rpm\IB25_msg_types.xlsx
 Saving xlsx_packer\..\xlsx_ib_merger\inbound\rpm\IB37_msg_types.xlsx
 Saving xlsx_packer\..\xlsx_ib_merger\inbound\rpm\IB39_msg_types.xlsx
 Saving xlsx_packer\..\xlsx_ib_merger\inbound\rpm\IB66_msg_types.xlsx
 Saving xlsx_packer\..\xlsx_ib_merger\outbound\rpm\IB25_msg_types.xlsx
 Saving xlsx_packer\..\xlsx_ib_merger\outbound\rpm\IB37_msg_types.xlsx
 Saving xlsx_packer\..\xlsx_ib_merger\outbound\rpm\IB39_msg_types.xlsx
 Saving xlsx_packer\..\xlsx_ib_merger\outbound\rpm\IB66_msg_types.xlsx
