 Could not resolve output path from input path xlsx_packer\..\html_int_catalogs_to_xlsx\stylized
Processing xlsx_packer\..\html_int_catalogs_to_xlsx\stylized\IB01_msg_types.xlsx
Processing xlsx_packer\..\html_int_catalogs_to_xlsx\stylized\IB022_msg_types.xlsx
Processing xlsx_packer\..\html_int_catalogs_to_xlsx\stylized\IB02_msg_types.xlsx
Processing xlsx_packer\..\html_int_catalogs_to_xlsx\stylized\IB03_msg_types.xlsx
Processing xlsx_packer\..\html_int_catalogs_to_xlsx\stylized\IB04_msg_types.xlsx
Processing xlsx_packer\..\html_int_catalogs_to_xlsx\stylized\IB05_msg_types.xlsx
Processing xlsx_packer\..\html_int_catalogs_to_xlsx\stylized\IB06_msg_types.xlsx
 Could not resolve output path from input path xlsx_packer\..\html_int_catalogs_to_xlsx\stylized
Processing xlsx_packer\..\html_int_catalogs_to_xlsx\stylized\IB01_msg_types.xlsx
Processing xlsx_packer\..\html_int_catalogs_to_xlsx\stylized\IB022_msg_types.xlsx
Processing xlsx_packer\..\html_int_catalogs_to_xlsx\stylized\IB02_msg_types.xlsx
Processing xlsx_packer\..\html_int_catalogs_to_xlsx\stylized\IB03_msg_types.xlsx
Processing xlsx_packer\..\html_int_catalogs_to_xlsx\stylized\IB04_msg_types.xlsx
Processing xlsx_packer\..\html_int_catalogs_to_xlsx\stylized\IB05_msg_types.xlsx
Processing xlsx_packer\..\html_int_catalogs_to_xlsx\stylized\IB06_msg_types.xlsx
Processing xlsx_packer\..\html_int_catalogs_to_xlsx\stylized\IB07_msg_types.xlsx
 Could not resolve output path from input path xlsx_packer\..\html_int_catalogs_to_xlsx\stylized
Processing xlsx_packer\..\html_int_catalogs_to_xlsx\stylized\IB01_msg_types.xlsx
Processing xlsx_packer\..\html_int_catalogs_to_xlsx\stylized\IB022_msg_types.xlsx
Processing xlsx_packer\..\html_int_catalogs_to_xlsx\stylized\IB02_msg_types.xlsx
 Could not resolve output path from input path xlsx_packer\..\html_int_catalogs_to_xlsx\stylized
Processing xlsx_packer\..\html_int_catalogs_to_xlsx\stylized\IB01_msg_types.xlsx
Processing xlsx_packer\..\html_int_catalogs_to_xlsx\stylized\IB022_msg_types.xlsx
Processing xlsx_packer\..\html_int_catalogs_to_xlsx\stylized\IB02_msg_types.xlsx
Processing xlsx_packer\..\html_int_catalogs_to_xlsx\stylized\IB03_msg_types.xlsx
Processing xlsx_packer\..\html_int_catalogs_to_xlsx\stylized\IB04_msg_types.xlsx
Processing xlsx_packer\..\html_int_catalogs_to_xlsx\stylized\IB05_msg_types.xlsx
Processing xlsx_packer\..\html_int_catalogs_to_xlsx\stylized\IB06_msg_types.xlsx
Processing xlsx_packer\..\html_int_catalogs_to_xlsx\stylized\IB07_msg_types.xlsx
Processing xlsx_packer\..\html_int_catalogs_to_xlsx\stylized\IB08_msg_types.xlsx
Processing xlsx_packer\..\html_int_catalogs_to_xlsx\stylized\IB09_msg_types.xlsx
Processing xlsx_packer\..\html_int_catalogs_to_xlsx\stylized\IB10_msg_types.xlsx
Processing xlsx_packer\..\html_int_catalogs_to_xlsx\stylized\IB11_msg_types.xlsx
Processing xlsx_packer\..\html_int_catalogs_to_xlsx\stylized\IB12_msg_types.xlsx
Processing xlsx_packer\..\html_int_catalogs_to_xlsx\stylized\IB13_msg_types.xlsx
Processing xlsx_packer\..\html_int_catalogs_to_xlsx\stylized\IB14_msg_types.xlsx
Processing xlsx_packer\..\html_int_catalogs_to_xlsx\stylized\IB15_msg_types.xlsx
Processing xlsx_packer\..\html_int_catalogs_to_xlsx\stylized\IB16_msg_types.xlsx
Processing xlsx_packer\..\html_int_catalogs_to_xlsx\stylized\IB17_msg_types.xlsx
Processing xlsx_packer\..\html_int_catalogs_to_xlsx\stylized\IB18_msg_types.xlsx
Processing xlsx_packer\..\html_int_catalogs_to_xlsx\stylized\IB19_msg_types.xlsx
Processing xlsx_packer\..\html_int_catalogs_to_xlsx\stylized\IB20_msg_types.xlsx
Processing xlsx_packer\..\html_int_catalogs_to_xlsx\stylized\IB21_msg_types.xlsx
Processing xlsx_packer\..\html_int_catalogs_to_xlsx\stylized\IB22_msg_types.xlsx
Processing xlsx_packer\..\html_int_catalogs_to_xlsx\stylized\IB23_msg_types.xlsx
Processing xlsx_packer\..\html_int_catalogs_to_xlsx\stylized\IB24_msg_types.xlsx
Processing xlsx_packer\..\html_int_catalogs_to_xlsx\stylized\IB25_msg_types.xlsx
Processing xlsx_packer\..\html_int_catalogs_to_xlsx\stylized\IB26_msg_types.xlsx
 Could not resolve output path from input path xlsx_packer\..\html_int_catalogs_to_xlsx\stylized
Processing xlsx_packer\..\html_int_catalogs_to_xlsx\stylized\IB01_msg_types.xlsx
Processing xlsx_packer\..\html_int_catalogs_to_xlsx\stylized\IB022_msg_types.xlsx
Processing xlsx_packer\..\html_int_catalogs_to_xlsx\stylized\IB02_msg_types.xlsx
Processing xlsx_packer\..\html_int_catalogs_to_xlsx\stylized\IB03_msg_types.xlsx
Processing xlsx_packer\..\html_int_catalogs_to_xlsx\stylized\IB04_msg_types.xlsx
Processing xlsx_packer\..\html_int_catalogs_to_xlsx\stylized\IB05_msg_types.xlsx
Processing xlsx_packer\..\html_int_catalogs_to_xlsx\stylized\IB06_msg_types.xlsx
Processing xlsx_packer\..\html_int_catalogs_to_xlsx\stylized\IB07_msg_types.xlsx
Processing xlsx_packer\..\html_int_catalogs_to_xlsx\stylized\IB08_msg_types.xlsx
Processing xlsx_packer\..\html_int_catalogs_to_xlsx\stylized\IB09_msg_types.xlsx
Processing xlsx_packer\..\html_int_catalogs_to_xlsx\stylized\IB10_msg_types.xlsx
Processing xlsx_packer\..\html_int_catalogs_to_xlsx\stylized\IB11_msg_types.xlsx
Processing xlsx_packer\..\html_int_catalogs_to_xlsx\stylized\IB12_msg_types.xlsx
Processing xlsx_packer\..\html_int_catalogs_to_xlsx\stylized\IB13_msg_types.xlsx
Processing xlsx_packer\..\html_int_catalogs_to_xlsx\stylized\IB14_msg_types.xlsx
Processing xlsx_packer\..\html_int_catalogs_to_xlsx\stylized\IB15_msg_types.xlsx
Processing xlsx_packer\..\html_int_catalogs_to_xlsx\stylized\IB16_msg_types.xlsx
Processing xlsx_packer\..\html_int_catalogs_to_xlsx\stylized\IB17_msg_types.xlsx
Processing xlsx_packer\..\html_int_catalogs_to_xlsx\stylized\IB18_msg_types.xlsx
Processing xlsx_packer\..\html_int_catalogs_to_xlsx\stylized\IB19_msg_types.xlsx
Processing xlsx_packer\..\html_int_catalogs_to_xlsx\stylized\IB20_msg_types.xlsx
Processing xlsx_packer\..\html_int_catalogs_to_xlsx\stylized\IB21_msg_types.xlsx
Processing xlsx_packer\..\html_int_catalogs_to_xlsx\stylized\IB22_msg_types.xlsx
Processing xlsx_packer\..\html_int_catalogs_to_xlsx\stylized\IB23_msg_types.xlsx
Processing xlsx_packer\..\html_int_catalogs_to_xlsx\stylized\IB24_msg_types.xlsx
Processing xlsx_packer\..\html_int_catalogs_to_xlsx\stylized\IB25_msg_types.xlsx
Processing xlsx_packer\..\html_int_catalogs_to_xlsx\stylized\IB26_msg_types.xlsx
 [Errno 2] No such file or directory: 'xlsx_ib_merger\\inbound\\PendRtrnDtlRef.xlsx'
Processing xlsx_packer\..\html_int_catalogs_to_xlsx\stylized\IB27_msg_types.xlsx
Processing xlsx_packer\..\html_int_catalogs_to_xlsx\stylized\IB28_msg_types.xlsx
Processing xlsx_packer\..\html_int_catalogs_to_xlsx\stylized\IB29_msg_types.xlsx
Processing xlsx_packer\..\html_int_catalogs_to_xlsx\stylized\IB33_msg_types.xlsx
Processing xlsx_packer\..\html_int_catalogs_to_xlsx\stylized\IB34_msg_types.xlsx
Processing xlsx_packer\..\html_int_catalogs_to_xlsx\stylized\IB35_msg_types.xlsx
Processing xlsx_packer\..\html_int_catalogs_to_xlsx\stylized\IB37_msg_types.xlsx
Processing xlsx_packer\..\html_int_catalogs_to_xlsx\stylized\IB39_msg_types.xlsx
Processing xlsx_packer\..\html_int_catalogs_to_xlsx\stylized\IB40_msg_types.xlsx
Processing xlsx_packer\..\html_int_catalogs_to_xlsx\stylized\IB41_msg_types.xlsx
 [Errno 2] No such file or directory: 'xlsx_ib_merger\\inbound\\CustretsaleDesc.xlsx'
Processing xlsx_packer\..\html_int_catalogs_to_xlsx\stylized\IB42_msg_types.xlsx
 [Errno 2] No such file or directory: 'xlsx_ib_merger\\inbound\\CustSaleDesc.xlsx'
Processing xlsx_packer\..\html_int_catalogs_to_xlsx\stylized\IB43_msg_types.xlsx
Processing xlsx_packer\..\html_int_catalogs_to_xlsx\stylized\IB44_msg_types.xlsx
Processing xlsx_packer\..\html_int_catalogs_to_xlsx\stylized\IB45_msg_types.xlsx
Processing xlsx_packer\..\html_int_catalogs_to_xlsx\stylized\IB46_msg_types.xlsx
Processing xlsx_packer\..\html_int_catalogs_to_xlsx\stylized\IB47_msg_types.xlsx
Processing xlsx_packer\..\html_int_catalogs_to_xlsx\stylized\IB48_msg_types.xlsx
Processing xlsx_packer\..\html_int_catalogs_to_xlsx\stylized\IB49_msg_types.xlsx
Processing xlsx_packer\..\html_int_catalogs_to_xlsx\stylized\IB50_msg_types.xlsx
Processing xlsx_packer\..\html_int_catalogs_to_xlsx\stylized\IB51_msg_types.xlsx
Processing xlsx_packer\..\html_int_catalogs_to_xlsx\stylized\IB52_msg_types.xlsx
Processing xlsx_packer\..\html_int_catalogs_to_xlsx\stylized\IB53_msg_types.xlsx
Processing xlsx_packer\..\html_int_catalogs_to_xlsx\stylized\IB54_msg_types.xlsx
Processing xlsx_packer\..\html_int_catalogs_to_xlsx\stylized\IB55_msg_types.xlsx
 [Errno 2] No such file or directory: 'xlsx_ib_merger\\inbound\\XItemlocDesc.xlsx'
Processing xlsx_packer\..\html_int_catalogs_to_xlsx\stylized\IB56_msg_types.xlsx
 [Errno 2] No such file or directory: 'xlsx_ib_merger\\inbound\\XItemrclsDesc.xlsx'
Processing xlsx_packer\..\html_int_catalogs_to_xlsx\stylized\IB57_msg_types.xlsx
Processing xlsx_packer\..\html_int_catalogs_to_xlsx\stylized\IB58_msg_types.xlsx
Processing xlsx_packer\..\html_int_catalogs_to_xlsx\stylized\IB59_msg_types.xlsx
Processing xlsx_packer\..\html_int_catalogs_to_xlsx\stylized\IB60_msg_types.xlsx
Processing xlsx_packer\..\html_int_catalogs_to_xlsx\stylized\IB61_msg_types.xlsx
Processing xlsx_packer\..\html_int_catalogs_to_xlsx\stylized\IB62_msg_types.xlsx
Processing xlsx_packer\..\html_int_catalogs_to_xlsx\stylized\IB63_msg_types.xlsx
Processing xlsx_packer\..\html_int_catalogs_to_xlsx\stylized\IB64_msg_types.xlsx
Processing xlsx_packer\..\html_int_catalogs_to_xlsx\stylized\IB65_msg_types.xlsx
Processing xlsx_packer\..\html_int_catalogs_to_xlsx\stylized\IB66_msg_types.xlsx
Processing xlsx_packer\..\html_int_catalogs_to_xlsx\stylized\IB68_msg_types.xlsx
 [Errno 2] No such file or directory: 'xlsx_ib_merger\\inbound\\CODesc.xlsx'
Processing xlsx_packer\..\html_int_catalogs_to_xlsx\stylized\IB69_msg_types.xlsx
 [Errno 2] No such file or directory: 'xlsx_ib_merger\\inbound\\XSD.xlsx'
Processing xlsx_packer\..\html_int_catalogs_to_xlsx\stylized\IB70_msg_types.xlsx
Processing xlsx_packer\..\html_int_catalogs_to_xlsx\stylized\IB72_msg_types.xlsx
 Could not resolve output path from input path xlsx_packer\..\html_int_catalogs_to_xlsx\stylized
Processing xlsx_packer\..\html_int_catalogs_to_xlsx\stylized\IB01_msg_types.xlsx
Processing xlsx_packer\..\html_int_catalogs_to_xlsx\stylized\IB022_msg_types.xlsx
Processing xlsx_packer\..\html_int_catalogs_to_xlsx\stylized\IB02_msg_types.xlsx
Processing xlsx_packer\..\html_int_catalogs_to_xlsx\stylized\IB03_msg_types.xlsx
Processing xlsx_packer\..\html_int_catalogs_to_xlsx\stylized\IB04_msg_types.xlsx
Processing xlsx_packer\..\html_int_catalogs_to_xlsx\stylized\IB05_msg_types.xlsx
Processing xlsx_packer\..\html_int_catalogs_to_xlsx\stylized\IB06_msg_types.xlsx
Processing xlsx_packer\..\html_int_catalogs_to_xlsx\stylized\IB07_msg_types.xlsx
Processing xlsx_packer\..\html_int_catalogs_to_xlsx\stylized\IB08_msg_types.xlsx
Processing xlsx_packer\..\html_int_catalogs_to_xlsx\stylized\IB09_msg_types.xlsx
Processing xlsx_packer\..\html_int_catalogs_to_xlsx\stylized\IB10_msg_types.xlsx
Processing xlsx_packer\..\html_int_catalogs_to_xlsx\stylized\IB11_msg_types.xlsx
Processing xlsx_packer\..\html_int_catalogs_to_xlsx\stylized\IB12_msg_types.xlsx
Processing xlsx_packer\..\html_int_catalogs_to_xlsx\stylized\IB13_msg_types.xlsx
Processing xlsx_packer\..\html_int_catalogs_to_xlsx\stylized\IB14_msg_types.xlsx
Processing xlsx_packer\..\html_int_catalogs_to_xlsx\stylized\IB15_msg_types.xlsx
Processing xlsx_packer\..\html_int_catalogs_to_xlsx\stylized\IB16_msg_types.xlsx
Processing xlsx_packer\..\html_int_catalogs_to_xlsx\stylized\IB17_msg_types.xlsx
Processing xlsx_packer\..\html_int_catalogs_to_xlsx\stylized\IB18_msg_types.xlsx
Processing xlsx_packer\..\html_int_catalogs_to_xlsx\stylized\IB19_msg_types.xlsx
Processing xlsx_packer\..\html_int_catalogs_to_xlsx\stylized\IB20_msg_types.xlsx
Processing xlsx_packer\..\html_int_catalogs_to_xlsx\stylized\IB21_msg_types.xlsx
Processing xlsx_packer\..\html_int_catalogs_to_xlsx\stylized\IB22_msg_types.xlsx
Processing xlsx_packer\..\html_int_catalogs_to_xlsx\stylized\IB23_msg_types.xlsx
Processing xlsx_packer\..\html_int_catalogs_to_xlsx\stylized\IB24_msg_types.xlsx
Processing xlsx_packer\..\html_int_catalogs_to_xlsx\stylized\IB25_msg_types.xlsx
Processing xlsx_packer\..\html_int_catalogs_to_xlsx\stylized\IB26_msg_types.xlsx
 [Errno 2] No such file or directory: 'xlsx_ib_merger\\inbound\\PendRtrnDtlRef.xlsx'
Processing xlsx_packer\..\html_int_catalogs_to_xlsx\stylized\IB27_msg_types.xlsx
Processing xlsx_packer\..\html_int_catalogs_to_xlsx\stylized\IB28_msg_types.xlsx
Processing xlsx_packer\..\html_int_catalogs_to_xlsx\stylized\IB29_msg_types.xlsx
Processing xlsx_packer\..\html_int_catalogs_to_xlsx\stylized\IB33_msg_types.xlsx
Processing xlsx_packer\..\html_int_catalogs_to_xlsx\stylized\IB34_msg_types.xlsx
Processing xlsx_packer\..\html_int_catalogs_to_xlsx\stylized\IB35_msg_types.xlsx
Processing xlsx_packer\..\html_int_catalogs_to_xlsx\stylized\IB37_msg_types.xlsx
Processing xlsx_packer\..\html_int_catalogs_to_xlsx\stylized\IB39_msg_types.xlsx
Processing xlsx_packer\..\html_int_catalogs_to_xlsx\stylized\IB40_msg_types.xlsx
Processing xlsx_packer\..\html_int_catalogs_to_xlsx\stylized\IB41_msg_types.xlsx
 [Errno 2] No such file or directory: 'xlsx_ib_merger\\inbound\\CustretsaleDesc.xlsx'
Processing xlsx_packer\..\html_int_catalogs_to_xlsx\stylized\IB42_msg_types.xlsx
 [Errno 2] No such file or directory: 'xlsx_ib_merger\\inbound\\CustSaleDesc.xlsx'
Processing xlsx_packer\..\html_int_catalogs_to_xlsx\stylized\IB43_msg_types.xlsx
Processing xlsx_packer\..\html_int_catalogs_to_xlsx\stylized\IB44_msg_types.xlsx
Processing xlsx_packer\..\html_int_catalogs_to_xlsx\stylized\IB45_msg_types.xlsx
Processing xlsx_packer\..\html_int_catalogs_to_xlsx\stylized\IB46_msg_types.xlsx
Processing xlsx_packer\..\html_int_catalogs_to_xlsx\stylized\IB47_msg_types.xlsx
Processing xlsx_packer\..\html_int_catalogs_to_xlsx\stylized\IB48_msg_types.xlsx
Processing xlsx_packer\..\html_int_catalogs_to_xlsx\stylized\IB49_msg_types.xlsx
Processing xlsx_packer\..\html_int_catalogs_to_xlsx\stylized\IB50_msg_types.xlsx
Processing xlsx_packer\..\html_int_catalogs_to_xlsx\stylized\IB51_msg_types.xlsx
Processing xlsx_packer\..\html_int_catalogs_to_xlsx\stylized\IB52_msg_types.xlsx
Processing xlsx_packer\..\html_int_catalogs_to_xlsx\stylized\IB53_msg_types.xlsx
Processing xlsx_packer\..\html_int_catalogs_to_xlsx\stylized\IB54_msg_types.xlsx
Processing xlsx_packer\..\html_int_catalogs_to_xlsx\stylized\IB55_msg_types.xlsx
Processing xlsx_packer\..\html_int_catalogs_to_xlsx\stylized\IB56_msg_types.xlsx
 [Errno 2] No such file or directory: 'xlsx_ib_merger\\inbound\\XitemRclsRef.xlsx'
Processing xlsx_packer\..\html_int_catalogs_to_xlsx\stylized\IB57_msg_types.xlsx
Processing xlsx_packer\..\html_int_catalogs_to_xlsx\stylized\IB58_msg_types.xlsx
Processing xlsx_packer\..\html_int_catalogs_to_xlsx\stylized\IB59_msg_types.xlsx
Processing xlsx_packer\..\html_int_catalogs_to_xlsx\stylized\IB60_msg_types.xlsx
Processing xlsx_packer\..\html_int_catalogs_to_xlsx\stylized\IB61_msg_types.xlsx
Processing xlsx_packer\..\html_int_catalogs_to_xlsx\stylized\IB62_msg_types.xlsx
Processing xlsx_packer\..\html_int_catalogs_to_xlsx\stylized\IB63_msg_types.xlsx
Processing xlsx_packer\..\html_int_catalogs_to_xlsx\stylized\IB64_msg_types.xlsx
Processing xlsx_packer\..\html_int_catalogs_to_xlsx\stylized\IB65_msg_types.xlsx
Processing xlsx_packer\..\html_int_catalogs_to_xlsx\stylized\IB66_msg_types.xlsx
Processing xlsx_packer\..\html_int_catalogs_to_xlsx\stylized\IB68_msg_types.xlsx
 [Errno 2] No such file or directory: 'xlsx_ib_merger\\inbound\\CODesc.xlsx'
Processing xlsx_packer\..\html_int_catalogs_to_xlsx\stylized\IB69_msg_types.xlsx
 [Errno 2] No such file or directory: 'xlsx_ib_merger\\inbound\\XSD.xlsx'
Processing xlsx_packer\..\html_int_catalogs_to_xlsx\stylized\IB70_msg_types.xlsx
Processing xlsx_packer\..\html_int_catalogs_to_xlsx\stylized\IB72_msg_types.xlsx
 openpyxl does not support  file format, please check you can open it with Excel first. Supported formats are: .xlsx,.xlsm,.xltx,.xltm
Processing xlsx_packer\..\html_int_catalogs_to_xlsx\stylized\IB74_msg_types.xlsx
Processing xlsx_packer\..\html_int_catalogs_to_xlsx\stylized\IB75_msg_types.xlsx
Processing xlsx_packer\..\html_int_catalogs_to_xlsx\stylized\IB76_msg_types.xlsx
Processing xlsx_packer\..\html_int_catalogs_to_xlsx\stylized\IB77_msg_types.xlsx
Processing xlsx_packer\..\html_int_catalogs_to_xlsx\stylized\IB78_msg_types.xlsx
 [Errno 2] No such file or directory: 'xlsx_ib_merger\\inbound\\PriceChgDesc.xlsx'
Processing xlsx_packer\..\html_int_catalogs_to_xlsx\stylized\IB80_msg_types.xlsx
Processing xlsx_packer\..\html_int_catalogs_to_xlsx\stylized\IB83_msg_types.xlsx
Processing xlsx_packer\..\html_int_catalogs_to_xlsx\stylized\IBx1_msg_types.xlsx
Processing xlsx_packer\..\html_int_catalogs_to_xlsx\stylized\IBx25_msg_types.xlsx
Processing xlsx_packer\..\html_int_catalogs_to_xlsx\stylized\IBx2_msg_types.xlsx
Processing xlsx_packer\..\html_int_catalogs_to_xlsx\stylized\test.xlsx
 Could not resolve output path from input path xlsx_packer\..\html_int_catalogs_to_xlsx\stylized
Processing xlsx_packer\..\html_int_catalogs_to_xlsx\stylized\IB01_msg_types.xlsx
Processing xlsx_packer\..\html_int_catalogs_to_xlsx\stylized\IB022_msg_types.xlsx
Processing xlsx_packer\..\html_int_catalogs_to_xlsx\stylized\IB02_msg_types.xlsx
Processing xlsx_packer\..\html_int_catalogs_to_xlsx\stylized\IB03_msg_types.xlsx
Processing xlsx_packer\..\html_int_catalogs_to_xlsx\stylized\IB04_msg_types.xlsx
Processing xlsx_packer\..\html_int_catalogs_to_xlsx\stylized\IB05_msg_types.xlsx
Processing xlsx_packer\..\html_int_catalogs_to_xlsx\stylized\IB06_msg_types.xlsx
Processing xlsx_packer\..\html_int_catalogs_to_xlsx\stylized\IB07_msg_types.xlsx
Processing xlsx_packer\..\html_int_catalogs_to_xlsx\stylized\IB08_msg_types.xlsx
Processing xlsx_packer\..\html_int_catalogs_to_xlsx\stylized\IB09_msg_types.xlsx
Processing xlsx_packer\..\html_int_catalogs_to_xlsx\stylized\IB10_msg_types.xlsx
Processing xlsx_packer\..\html_int_catalogs_to_xlsx\stylized\IB11_msg_types.xlsx
Processing xlsx_packer\..\html_int_catalogs_to_xlsx\stylized\IB12_msg_types.xlsx
Processing xlsx_packer\..\html_int_catalogs_to_xlsx\stylized\IB13_msg_types.xlsx
Processing xlsx_packer\..\html_int_catalogs_to_xlsx\stylized\IB14_msg_types.xlsx
Processing xlsx_packer\..\html_int_catalogs_to_xlsx\stylized\IB15_msg_types.xlsx
Processing xlsx_packer\..\html_int_catalogs_to_xlsx\stylized\IB16_msg_types.xlsx
Processing xlsx_packer\..\html_int_catalogs_to_xlsx\stylized\IB17_msg_types.xlsx
Processing xlsx_packer\..\html_int_catalogs_to_xlsx\stylized\IB18_msg_types.xlsx
Processing xlsx_packer\..\html_int_catalogs_to_xlsx\stylized\IB19_msg_types.xlsx
Processing xlsx_packer\..\html_int_catalogs_to_xlsx\stylized\IB20_msg_types.xlsx
Processing xlsx_packer\..\html_int_catalogs_to_xlsx\stylized\IB21_msg_types.xlsx
Processing xlsx_packer\..\html_int_catalogs_to_xlsx\stylized\IB22_msg_types.xlsx
Processing xlsx_packer\..\html_int_catalogs_to_xlsx\stylized\IB23_msg_types.xlsx
Processing xlsx_packer\..\html_int_catalogs_to_xlsx\stylized\IB24_msg_types.xlsx
Processing xlsx_packer\..\html_int_catalogs_to_xlsx\stylized\IB25_msg_types.xlsx
Processing xlsx_packer\..\html_int_catalogs_to_xlsx\stylized\IB26_msg_types.xlsx
 [Errno 2] No such file or directory: 'xlsx_ib_merger\\outbound\\PendRtrnDtlRef.xlsx'
Processing xlsx_packer\..\html_int_catalogs_to_xlsx\stylized\IB27_msg_types.xlsx
Processing xlsx_packer\..\html_int_catalogs_to_xlsx\stylized\IB28_msg_types.xlsx
Processing xlsx_packer\..\html_int_catalogs_to_xlsx\stylized\IB29_msg_types.xlsx
Processing xlsx_packer\..\html_int_catalogs_to_xlsx\stylized\IB33_msg_types.xlsx
Processing xlsx_packer\..\html_int_catalogs_to_xlsx\stylized\IB34_msg_types.xlsx
Processing xlsx_packer\..\html_int_catalogs_to_xlsx\stylized\IB35_msg_types.xlsx
Processing xlsx_packer\..\html_int_catalogs_to_xlsx\stylized\IB37_msg_types.xlsx
Processing xlsx_packer\..\html_int_catalogs_to_xlsx\stylized\IB39_msg_types.xlsx
Processing xlsx_packer\..\html_int_catalogs_to_xlsx\stylized\IB40_msg_types.xlsx
Processing xlsx_packer\..\html_int_catalogs_to_xlsx\stylized\IB41_msg_types.xlsx
 [Errno 2] No such file or directory: 'xlsx_ib_merger\\outbound\\CustretsaleDesc.xlsx'
Processing xlsx_packer\..\html_int_catalogs_to_xlsx\stylized\IB42_msg_types.xlsx
 [Errno 2] No such file or directory: 'xlsx_ib_merger\\outbound\\CustSaleDesc.xlsx'
Processing xlsx_packer\..\html_int_catalogs_to_xlsx\stylized\IB43_msg_types.xlsx
Processing xlsx_packer\..\html_int_catalogs_to_xlsx\stylized\IB44_msg_types.xlsx
Processing xlsx_packer\..\html_int_catalogs_to_xlsx\stylized\IB45_msg_types.xlsx
Processing xlsx_packer\..\html_int_catalogs_to_xlsx\stylized\IB46_msg_types.xlsx
Processing xlsx_packer\..\html_int_catalogs_to_xlsx\stylized\IB47_msg_types.xlsx
Processing xlsx_packer\..\html_int_catalogs_to_xlsx\stylized\IB48_msg_types.xlsx
Processing xlsx_packer\..\html_int_catalogs_to_xlsx\stylized\IB49_msg_types.xlsx
Processing xlsx_packer\..\html_int_catalogs_to_xlsx\stylized\IB50_msg_types.xlsx
Processing xlsx_packer\..\html_int_catalogs_to_xlsx\stylized\IB51_msg_types.xlsx
Processing xlsx_packer\..\html_int_catalogs_to_xlsx\stylized\IB52_msg_types.xlsx
Processing xlsx_packer\..\html_int_catalogs_to_xlsx\stylized\IB53_msg_types.xlsx
Processing xlsx_packer\..\html_int_catalogs_to_xlsx\stylized\IB54_msg_types.xlsx
Processing xlsx_packer\..\html_int_catalogs_to_xlsx\stylized\IB55_msg_types.xlsx
Processing xlsx_packer\..\html_int_catalogs_to_xlsx\stylized\IB56_msg_types.xlsx
 [Errno 2] No such file or directory: 'xlsx_ib_merger\\outbound\\XitemRclsRef.xlsx'
Processing xlsx_packer\..\html_int_catalogs_to_xlsx\stylized\IB57_msg_types.xlsx
Processing xlsx_packer\..\html_int_catalogs_to_xlsx\stylized\IB58_msg_types.xlsx
Processing xlsx_packer\..\html_int_catalogs_to_xlsx\stylized\IB59_msg_types.xlsx
Processing xlsx_packer\..\html_int_catalogs_to_xlsx\stylized\IB60_msg_types.xlsx
Processing xlsx_packer\..\html_int_catalogs_to_xlsx\stylized\IB61_msg_types.xlsx
Processing xlsx_packer\..\html_int_catalogs_to_xlsx\stylized\IB62_msg_types.xlsx
Processing xlsx_packer\..\html_int_catalogs_to_xlsx\stylized\IB63_msg_types.xlsx
Processing xlsx_packer\..\html_int_catalogs_to_xlsx\stylized\IB64_msg_types.xlsx
Processing xlsx_packer\..\html_int_catalogs_to_xlsx\stylized\IB65_msg_types.xlsx
Processing xlsx_packer\..\html_int_catalogs_to_xlsx\stylized\IB66_msg_types.xlsx
Processing xlsx_packer\..\html_int_catalogs_to_xlsx\stylized\IB68_msg_types.xlsx
 [Errno 2] No such file or directory: 'xlsx_ib_merger\\outbound\\CODesc.xlsx'
Processing xlsx_packer\..\html_int_catalogs_to_xlsx\stylized\IB69_msg_types.xlsx
 [Errno 2] No such file or directory: 'xlsx_ib_merger\\outbound\\XSD.xlsx'
Processing xlsx_packer\..\html_int_catalogs_to_xlsx\stylized\IB70_msg_types.xlsx
Processing xlsx_packer\..\html_int_catalogs_to_xlsx\stylized\IB72_msg_types.xlsx
 openpyxl does not support  file format, please check you can open it with Excel first. Supported formats are: .xlsx,.xlsm,.xltx,.xltm
Processing xlsx_packer\..\html_int_catalogs_to_xlsx\stylized\IB74_msg_types.xlsx
Processing xlsx_packer\..\html_int_catalogs_to_xlsx\stylized\IB75_msg_types.xlsx
Processing xlsx_packer\..\html_int_catalogs_to_xlsx\stylized\IB76_msg_types.xlsx
Processing xlsx_packer\..\html_int_catalogs_to_xlsx\stylized\IB77_msg_types.xlsx
Processing xlsx_packer\..\html_int_catalogs_to_xlsx\stylized\IB78_msg_types.xlsx
 [Errno 2] No such file or directory: 'xlsx_ib_merger\\outbound\\PriceChgDesc.xlsx'
Processing xlsx_packer\..\html_int_catalogs_to_xlsx\stylized\IB80_msg_types.xlsx
Processing xlsx_packer\..\html_int_catalogs_to_xlsx\stylized\IB83_msg_types.xlsx
Processing xlsx_packer\..\html_int_catalogs_to_xlsx\stylized\IBx1_msg_types.xlsx
Processing xlsx_packer\..\html_int_catalogs_to_xlsx\stylized\IBx25_msg_types.xlsx
Processing xlsx_packer\..\html_int_catalogs_to_xlsx\stylized\IBx2_msg_types.xlsx
Processing xlsx_packer\..\html_int_catalogs_to_xlsx\stylized\test.xlsx
 Could not resolve output path from input path xlsx_packer\..\html_int_catalogs_to_xlsx\stylized
Processing xlsx_packer\..\html_int_catalogs_to_xlsx\stylized\IB01_msg_types.xlsx
Processing xlsx_packer\..\html_int_catalogs_to_xlsx\stylized\IB022_msg_types.xlsx
Processing xlsx_packer\..\html_int_catalogs_to_xlsx\stylized\IB02_msg_types.xlsx
Processing xlsx_packer\..\html_int_catalogs_to_xlsx\stylized\IB03_msg_types.xlsx
Processing xlsx_packer\..\html_int_catalogs_to_xlsx\stylized\IB04_msg_types.xlsx
Processing xlsx_packer\..\html_int_catalogs_to_xlsx\stylized\IB05_msg_types.xlsx
Processing xlsx_packer\..\html_int_catalogs_to_xlsx\stylized\IB06_msg_types.xlsx
Processing xlsx_packer\..\html_int_catalogs_to_xlsx\stylized\IB07_msg_types.xlsx
Processing xlsx_packer\..\html_int_catalogs_to_xlsx\stylized\IB08_msg_types.xlsx
Processing xlsx_packer\..\html_int_catalogs_to_xlsx\stylized\IB09_msg_types.xlsx
Processing xlsx_packer\..\html_int_catalogs_to_xlsx\stylized\IB10_msg_types.xlsx
Processing xlsx_packer\..\html_int_catalogs_to_xlsx\stylized\IB11_msg_types.xlsx
Processing xlsx_packer\..\html_int_catalogs_to_xlsx\stylized\IB12_msg_types.xlsx
Processing xlsx_packer\..\html_int_catalogs_to_xlsx\stylized\IB13_msg_types.xlsx
Processing xlsx_packer\..\html_int_catalogs_to_xlsx\stylized\IB14_msg_types.xlsx
Processing xlsx_packer\..\html_int_catalogs_to_xlsx\stylized\IB15_msg_types.xlsx
Processing xlsx_packer\..\html_int_catalogs_to_xlsx\stylized\IB16_msg_types.xlsx
Processing xlsx_packer\..\html_int_catalogs_to_xlsx\stylized\IB17_msg_types.xlsx
Processing xlsx_packer\..\html_int_catalogs_to_xlsx\stylized\IB18_msg_types.xlsx
Processing xlsx_packer\..\html_int_catalogs_to_xlsx\stylized\IB19_msg_types.xlsx
Processing xlsx_packer\..\html_int_catalogs_to_xlsx\stylized\IB20_msg_types.xlsx
Processing xlsx_packer\..\html_int_catalogs_to_xlsx\stylized\IB21_msg_types.xlsx
Processing xlsx_packer\..\html_int_catalogs_to_xlsx\stylized\IB22_msg_types.xlsx
Processing xlsx_packer\..\html_int_catalogs_to_xlsx\stylized\IB23_msg_types.xlsx
Processing xlsx_packer\..\html_int_catalogs_to_xlsx\stylized\IB24_msg_types.xlsx
Processing xlsx_packer\..\html_int_catalogs_to_xlsx\stylized\IB25_msg_types.xlsx
Processing xlsx_packer\..\html_int_catalogs_to_xlsx\stylized\IB26_msg_types.xlsx
 [Errno 2] No such file or directory: 'xlsx_ib_merger\\outbound\\PendRtrnDtlRef.xlsx'
Processing xlsx_packer\..\html_int_catalogs_to_xlsx\stylized\IB27_msg_types.xlsx
Processing xlsx_packer\..\html_int_catalogs_to_xlsx\stylized\IB28_msg_types.xlsx
Processing xlsx_packer\..\html_int_catalogs_to_xlsx\stylized\IB29_msg_types.xlsx
Processing xlsx_packer\..\html_int_catalogs_to_xlsx\stylized\IB33_msg_types.xlsx
Processing xlsx_packer\..\html_int_catalogs_to_xlsx\stylized\IB34_msg_types.xlsx
Processing xlsx_packer\..\html_int_catalogs_to_xlsx\stylized\IB35_msg_types.xlsx
Processing xlsx_packer\..\html_int_catalogs_to_xlsx\stylized\IB37_msg_types.xlsx
Processing xlsx_packer\..\html_int_catalogs_to_xlsx\stylized\IB39_msg_types.xlsx
Processing xlsx_packer\..\html_int_catalogs_to_xlsx\stylized\IB40_msg_types.xlsx
Processing xlsx_packer\..\html_int_catalogs_to_xlsx\stylized\IB41_msg_types.xlsx
 [Errno 2] No such file or directory: 'xlsx_ib_merger\\outbound\\CustretsaleDesc.xlsx'
Processing xlsx_packer\..\html_int_catalogs_to_xlsx\stylized\IB42_msg_types.xlsx
 [Errno 2] No such file or directory: 'xlsx_ib_merger\\outbound\\CustSaleDesc.xlsx'
Processing xlsx_packer\..\html_int_catalogs_to_xlsx\stylized\IB43_msg_types.xlsx
Processing xlsx_packer\..\html_int_catalogs_to_xlsx\stylized\IB44_msg_types.xlsx
Processing xlsx_packer\..\html_int_catalogs_to_xlsx\stylized\IB45_msg_types.xlsx
Processing xlsx_packer\..\html_int_catalogs_to_xlsx\stylized\IB46_msg_types.xlsx
Processing xlsx_packer\..\html_int_catalogs_to_xlsx\stylized\IB47_msg_types.xlsx
Processing xlsx_packer\..\html_int_catalogs_to_xlsx\stylized\IB48_msg_types.xlsx
Processing xlsx_packer\..\html_int_catalogs_to_xlsx\stylized\IB49_msg_types.xlsx
Processing xlsx_packer\..\html_int_catalogs_to_xlsx\stylized\IB50_msg_types.xlsx
Processing xlsx_packer\..\html_int_catalogs_to_xlsx\stylized\IB51_msg_types.xlsx
Processing xlsx_packer\..\html_int_catalogs_to_xlsx\stylized\IB52_msg_types.xlsx
Processing xlsx_packer\..\html_int_catalogs_to_xlsx\stylized\IB53_msg_types.xlsx
Processing xlsx_packer\..\html_int_catalogs_to_xlsx\stylized\IB54_msg_types.xlsx
Processing xlsx_packer\..\html_int_catalogs_to_xlsx\stylized\IB55_msg_types.xlsx
Processing xlsx_packer\..\html_int_catalogs_to_xlsx\stylized\IB56_msg_types.xlsx
 [Errno 2] No such file or directory: 'xlsx_ib_merger\\outbound\\XitemRclsRef.xlsx'
Processing xlsx_packer\..\html_int_catalogs_to_xlsx\stylized\IB57_msg_types.xlsx
Processing xlsx_packer\..\html_int_catalogs_to_xlsx\stylized\IB58_msg_types.xlsx
Processing xlsx_packer\..\html_int_catalogs_to_xlsx\stylized\IB59_msg_types.xlsx
Processing xlsx_packer\..\html_int_catalogs_to_xlsx\stylized\IB60_msg_types.xlsx
Processing xlsx_packer\..\html_int_catalogs_to_xlsx\stylized\IB61_msg_types.xlsx
Processing xlsx_packer\..\html_int_catalogs_to_xlsx\stylized\IB62_msg_types.xlsx
Processing xlsx_packer\..\html_int_catalogs_to_xlsx\stylized\IB63_msg_types.xlsx
Processing xlsx_packer\..\html_int_catalogs_to_xlsx\stylized\IB64_msg_types.xlsx
Processing xlsx_packer\..\html_int_catalogs_to_xlsx\stylized\IB65_msg_types.xlsx
Processing xlsx_packer\..\html_int_catalogs_to_xlsx\stylized\IB66_msg_types.xlsx
Processing xlsx_packer\..\html_int_catalogs_to_xlsx\stylized\IB68_msg_types.xlsx
 [Errno 2] No such file or directory: 'xlsx_ib_merger\\outbound\\CODesc.xlsx'
Processing xlsx_packer\..\html_int_catalogs_to_xlsx\stylized\IB69_msg_types.xlsx
 [Errno 2] No such file or directory: 'xlsx_ib_merger\\outbound\\XSD.xlsx'
Processing xlsx_packer\..\html_int_catalogs_to_xlsx\stylized\IB70_msg_types.xlsx
Processing xlsx_packer\..\html_int_catalogs_to_xlsx\stylized\IB72_msg_types.xlsx
 openpyxl does not support  file format, please check you can open it with Excel first. Supported formats are: .xlsx,.xlsm,.xltx,.xltm
Processing xlsx_packer\..\html_int_catalogs_to_xlsx\stylized\IB74_msg_types.xlsx
Processing xlsx_packer\..\html_int_catalogs_to_xlsx\stylized\IB75_msg_types.xlsx
Processing xlsx_packer\..\html_int_catalogs_to_xlsx\stylized\IB76_msg_types.xlsx
Processing xlsx_packer\..\html_int_catalogs_to_xlsx\stylized\IB77_msg_types.xlsx
Processing xlsx_packer\..\html_int_catalogs_to_xlsx\stylized\IB78_msg_types.xlsx
 [Errno 2] No such file or directory: 'xlsx_ib_merger\\outbound\\PriceChgDesc.xlsx'
Processing xlsx_packer\..\html_int_catalogs_to_xlsx\stylized\IB80_msg_types.xlsx
Processing xlsx_packer\..\html_int_catalogs_to_xlsx\stylized\IB83_msg_types.xlsx
Processing xlsx_packer\..\html_int_catalogs_to_xlsx\stylized\IBx1_msg_types.xlsx
Processing xlsx_packer\..\html_int_catalogs_to_xlsx\stylized\IBx25_msg_types.xlsx
Processing xlsx_packer\..\html_int_catalogs_to_xlsx\stylized\IBx2_msg_types.xlsx
Processing xlsx_packer\..\html_int_catalogs_to_xlsx\stylized\test.xlsx
 Could not resolve output path from input path xlsx_packer\..\html_int_catalogs_to_xlsx\stylized
Processing xlsx_packer\..\html_int_catalogs_to_xlsx\stylized\IB01_msg_types.xlsx
Processing xlsx_packer\..\html_int_catalogs_to_xlsx\stylized\IB022_msg_types.xlsx
Processing xlsx_packer\..\html_int_catalogs_to_xlsx\stylized\IB02_msg_types.xlsx
Processing xlsx_packer\..\html_int_catalogs_to_xlsx\stylized\IB03_msg_types.xlsx
Processing xlsx_packer\..\html_int_catalogs_to_xlsx\stylized\IB04_msg_types.xlsx
Processing xlsx_packer\..\html_int_catalogs_to_xlsx\stylized\IB05_msg_types.xlsx
Processing xlsx_packer\..\html_int_catalogs_to_xlsx\stylized\IB06_msg_types.xlsx
Processing xlsx_packer\..\html_int_catalogs_to_xlsx\stylized\IB07_msg_types.xlsx
Processing xlsx_packer\..\html_int_catalogs_to_xlsx\stylized\IB08_msg_types.xlsx
Processing xlsx_packer\..\html_int_catalogs_to_xlsx\stylized\IB09_msg_types.xlsx
Processing xlsx_packer\..\html_int_catalogs_to_xlsx\stylized\IB10_msg_types.xlsx
Processing xlsx_packer\..\html_int_catalogs_to_xlsx\stylized\IB11_msg_types.xlsx
Processing xlsx_packer\..\html_int_catalogs_to_xlsx\stylized\IB12_msg_types.xlsx
Processing xlsx_packer\..\html_int_catalogs_to_xlsx\stylized\IB13_msg_types.xlsx
Processing xlsx_packer\..\html_int_catalogs_to_xlsx\stylized\IB14_msg_types.xlsx
Processing xlsx_packer\..\html_int_catalogs_to_xlsx\stylized\IB15_msg_types.xlsx
Processing xlsx_packer\..\html_int_catalogs_to_xlsx\stylized\IB16_msg_types.xlsx
Processing xlsx_packer\..\html_int_catalogs_to_xlsx\stylized\IB17_msg_types.xlsx
Processing xlsx_packer\..\html_int_catalogs_to_xlsx\stylized\IB18_msg_types.xlsx
Processing xlsx_packer\..\html_int_catalogs_to_xlsx\stylized\IB19_msg_types.xlsx
Processing xlsx_packer\..\html_int_catalogs_to_xlsx\stylized\IB20_msg_types.xlsx
Processing xlsx_packer\..\html_int_catalogs_to_xlsx\stylized\IB21_msg_types.xlsx
Processing xlsx_packer\..\html_int_catalogs_to_xlsx\stylized\IB22_msg_types.xlsx
Processing xlsx_packer\..\html_int_catalogs_to_xlsx\stylized\IB23_msg_types.xlsx
Processing xlsx_packer\..\html_int_catalogs_to_xlsx\stylized\IB24_msg_types.xlsx
Processing xlsx_packer\..\html_int_catalogs_to_xlsx\stylized\IB25_msg_types.xlsx
Processing xlsx_packer\..\html_int_catalogs_to_xlsx\stylized\IB26_msg_types.xlsx
 [Errno 2] No such file or directory: 'xlsx_ib_merger\\outbound\\PendRtrnDesc.xlsx'
Processing xlsx_packer\..\html_int_catalogs_to_xlsx\stylized\IB27_msg_types.xlsx
Processing xlsx_packer\..\html_int_catalogs_to_xlsx\stylized\IB28_msg_types.xlsx
Processing xlsx_packer\..\html_int_catalogs_to_xlsx\stylized\IB29_msg_types.xlsx
Processing xlsx_packer\..\html_int_catalogs_to_xlsx\stylized\IB33_msg_types.xlsx
Processing xlsx_packer\..\html_int_catalogs_to_xlsx\stylized\IB34_msg_types.xlsx
Processing xlsx_packer\..\html_int_catalogs_to_xlsx\stylized\IB35_msg_types.xlsx
Processing xlsx_packer\..\html_int_catalogs_to_xlsx\stylized\IB37_msg_types.xlsx
Processing xlsx_packer\..\html_int_catalogs_to_xlsx\stylized\IB39_msg_types.xlsx
 [Errno 2] No such file or directory: 'xlsx_ib_merger\\outbound\\ClrPrcChgDesc.xlsx'
Processing xlsx_packer\..\html_int_catalogs_to_xlsx\stylized\IB40_msg_types.xlsx
Processing xlsx_packer\..\html_int_catalogs_to_xlsx\stylized\IB41_msg_types.xlsx
 [Errno 2] No such file or directory: 'xlsx_ib_merger\\outbound\\CustretsaleDesc.xlsx'
Processing xlsx_packer\..\html_int_catalogs_to_xlsx\stylized\IB42_msg_types.xlsx
 [Errno 2] No such file or directory: 'xlsx_ib_merger\\outbound\\CustSaleDesc.xlsx'
Processing xlsx_packer\..\html_int_catalogs_to_xlsx\stylized\IB43_msg_types.xlsx
Processing xlsx_packer\..\html_int_catalogs_to_xlsx\stylized\IB44_msg_types.xlsx
Processing xlsx_packer\..\html_int_catalogs_to_xlsx\stylized\IB45_msg_types.xlsx
Processing xlsx_packer\..\html_int_catalogs_to_xlsx\stylized\IB46_msg_types.xlsx
Processing xlsx_packer\..\html_int_catalogs_to_xlsx\stylized\IB47_msg_types.xlsx
Processing xlsx_packer\..\html_int_catalogs_to_xlsx\stylized\IB48_msg_types.xlsx
Processing xlsx_packer\..\html_int_catalogs_to_xlsx\stylized\IB49_msg_types.xlsx
Processing xlsx_packer\..\html_int_catalogs_to_xlsx\stylized\IB50_msg_types.xlsx
Processing xlsx_packer\..\html_int_catalogs_to_xlsx\stylized\IB51_msg_types.xlsx
Processing xlsx_packer\..\html_int_catalogs_to_xlsx\stylized\IB52_msg_types.xlsx
Processing xlsx_packer\..\html_int_catalogs_to_xlsx\stylized\IB53_msg_types.xlsx
Processing xlsx_packer\..\html_int_catalogs_to_xlsx\stylized\IB54_msg_types.xlsx
Processing xlsx_packer\..\html_int_catalogs_to_xlsx\stylized\IB55_msg_types.xlsx
Processing xlsx_packer\..\html_int_catalogs_to_xlsx\stylized\IB56_msg_types.xlsx
 [Errno 2] No such file or directory: 'xlsx_ib_merger\\outbound\\XitemRclsRef.xlsx'
Processing xlsx_packer\..\html_int_catalogs_to_xlsx\stylized\IB57_msg_types.xlsx
Processing xlsx_packer\..\html_int_catalogs_to_xlsx\stylized\IB58_msg_types.xlsx
Processing xlsx_packer\..\html_int_catalogs_to_xlsx\stylized\IB59_msg_types.xlsx
Processing xlsx_packer\..\html_int_catalogs_to_xlsx\stylized\IB60_msg_types.xlsx
Processing xlsx_packer\..\html_int_catalogs_to_xlsx\stylized\IB61_msg_types.xlsx
Processing xlsx_packer\..\html_int_catalogs_to_xlsx\stylized\IB62_msg_types.xlsx
Processing xlsx_packer\..\html_int_catalogs_to_xlsx\stylized\IB63_msg_types.xlsx
Processing xlsx_packer\..\html_int_catalogs_to_xlsx\stylized\IB64_msg_types.xlsx
 [Errno 2] No such file or directory: 'xlsx_ib_merger\\outbound\\SKUOptmDesc.xlsx'
Processing xlsx_packer\..\html_int_catalogs_to_xlsx\stylized\IB65_msg_types.xlsx
 [Errno 2] No such file or directory: 'xlsx_ib_merger\\outbound\\PendRtrnDesc.xlsx'
Processing xlsx_packer\..\html_int_catalogs_to_xlsx\stylized\IB66_msg_types.xlsx
 [Errno 2] No such file or directory: 'xlsx_ib_merger\\outbound\\PromotionDesc.xlsx'
Processing xlsx_packer\..\html_int_catalogs_to_xlsx\stylized\IB68_msg_types.xlsx
 [Errno 2] No such file or directory: 'xlsx_ib_merger\\outbound\\CODesc.xlsx'
Processing xlsx_packer\..\html_int_catalogs_to_xlsx\stylized\IB69_msg_types.xlsx
 [Errno 2] No such file or directory: 'xlsx_ib_merger\\outbound\\XSD.xlsx'
Processing xlsx_packer\..\html_int_catalogs_to_xlsx\stylized\IB70_msg_types.xlsx
Processing xlsx_packer\..\html_int_catalogs_to_xlsx\stylized\IB72_msg_types.xlsx
 openpyxl does not support  file format, please check you can open it with Excel first. Supported formats are: .xlsx,.xlsm,.xltx,.xltm
Processing xlsx_packer\..\html_int_catalogs_to_xlsx\stylized\IB74_msg_types.xlsx
 [Errno 2] No such file or directory: 'xlsx_ib_merger\\outbound\\PendRtrnDesc.xlsx'
Processing xlsx_packer\..\html_int_catalogs_to_xlsx\stylized\IB75_msg_types.xlsx
Processing xlsx_packer\..\html_int_catalogs_to_xlsx\stylized\IB76_msg_types.xlsx
Processing xlsx_packer\..\html_int_catalogs_to_xlsx\stylized\IB77_msg_types.xlsx
Processing xlsx_packer\..\html_int_catalogs_to_xlsx\stylized\IB78_msg_types.xlsx
 [Errno 2] No such file or directory: 'xlsx_ib_merger\\outbound\\PriceChgDesc.xlsx'
Processing xlsx_packer\..\html_int_catalogs_to_xlsx\stylized\IB80_msg_types.xlsx
Processing xlsx_packer\..\html_int_catalogs_to_xlsx\stylized\IB83_msg_types.xlsx
Processing xlsx_packer\..\html_int_catalogs_to_xlsx\stylized\IBx1_msg_types.xlsx
Processing xlsx_packer\..\html_int_catalogs_to_xlsx\stylized\IBx25_msg_types.xlsx
Processing xlsx_packer\..\html_int_catalogs_to_xlsx\stylized\IBx2_msg_types.xlsx
Processing xlsx_packer\..\html_int_catalogs_to_xlsx\stylized\test.xlsx
 Could not resolve output path from input path xlsx_packer\..\html_int_catalogs_to_xlsx\stylized
Processing xlsx_packer\..\html_int_catalogs_to_xlsx\stylized\IB01_msg_types.xlsx
 [Errno 2] No such file or directory: 'xlsx_ib_merger\\inbound\\AllocDesc.xlsx'
Processing xlsx_packer\..\html_int_catalogs_to_xlsx\stylized\IB022_msg_types.xlsx
 [Errno 2] No such file or directory: 'xlsx_ib_merger\\inbound\\BannerDesc.xlsx'
Processing xlsx_packer\..\html_int_catalogs_to_xlsx\stylized\IB02_msg_types.xlsx
 [Errno 2] No such file or directory: 'xlsx_ib_merger\\inbound\\BannerDesc.xlsx'
Processing xlsx_packer\..\html_int_catalogs_to_xlsx\stylized\IB03_msg_types.xlsx
 [Errno 2] No such file or directory: 'xlsx_ib_merger\\inbound\\DiffGrpHdrDesc.xlsx'
Processing xlsx_packer\..\html_int_catalogs_to_xlsx\stylized\IB04_msg_types.xlsx
 [Errno 2] No such file or directory: 'xlsx_ib_merger\\inbound\\DiffDesc.xlsx'
Processing xlsx_packer\..\html_int_catalogs_to_xlsx\stylized\IB05_msg_types.xlsx
 [Errno 2] No such file or directory: 'xlsx_ib_merger\\inbound\\DeliverySlotDesc.xlsx'
Processing xlsx_packer\..\html_int_catalogs_to_xlsx\stylized\IB06_msg_types.xlsx
 [Errno 2] No such file or directory: 'xlsx_ib_merger\\inbound\\ItemLocDesc.xlsx'
Processing xlsx_packer\..\html_int_catalogs_to_xlsx\stylized\IB07_msg_types.xlsx
 [Errno 2] No such file or directory: 'xlsx_ib_merger\\inbound\\ItemDesc.xlsx'
Processing xlsx_packer\..\html_int_catalogs_to_xlsx\stylized\IB08_msg_types.xlsx
 [Errno 2] No such file or directory: 'xlsx_ib_merger\\inbound\\MrchHrDivDesc.xlsx'
Processing xlsx_packer\..\html_int_catalogs_to_xlsx\stylized\IB09_msg_types.xlsx
 [Errno 2] No such file or directory: 'xlsx_ib_merger\\inbound\\PODesc.xlsx'
Processing xlsx_packer\..\html_int_catalogs_to_xlsx\stylized\IB10_msg_types.xlsx
 [Errno 2] No such file or directory: 'xlsx_ib_merger\\inbound\\PartnerDesc.xlsx'
Processing xlsx_packer\..\html_int_catalogs_to_xlsx\stylized\IB11_msg_types.xlsx
 [Errno 2] No such file or directory: 'xlsx_ib_merger\\inbound\\RcvUnitAdjDesc.xlsx'
Processing xlsx_packer\..\html_int_catalogs_to_xlsx\stylized\IB12_msg_types.xlsx
 [Errno 2] No such file or directory: 'xlsx_ib_merger\\inbound\\RTVReqDesc.xlsx'
Processing xlsx_packer\..\html_int_catalogs_to_xlsx\stylized\IB13_msg_types.xlsx
 [Errno 2] No such file or directory: 'xlsx_ib_merger\\inbound\\CodeDtlDesc.xlsx'
Processing xlsx_packer\..\html_int_catalogs_to_xlsx\stylized\IB14_msg_types.xlsx
 [Errno 2] No such file or directory: 'xlsx_ib_merger\\inbound\\CountryDesc.xlsx'
Processing xlsx_packer\..\html_int_catalogs_to_xlsx\stylized\IB15_msg_types.xlsx
 [Errno 2] No such file or directory: 'xlsx_ib_merger\\inbound\\StoreRef.xlsx'
Processing xlsx_packer\..\html_int_catalogs_to_xlsx\stylized\IB16_msg_types.xlsx
 [Errno 2] No such file or directory: 'xlsx_ib_merger\\inbound\\TsfDesc.xlsx'
Processing xlsx_packer\..\html_int_catalogs_to_xlsx\stylized\IB17_msg_types.xlsx
 [Errno 2] No such file or directory: 'xlsx_ib_merger\\inbound\\UDADesc.xlsx'
Processing xlsx_packer\..\html_int_catalogs_to_xlsx\stylized\IB18_msg_types.xlsx
 [Errno 2] No such file or directory: 'xlsx_ib_merger\\inbound\\VendorDesc.xlsx'
Processing xlsx_packer\..\html_int_catalogs_to_xlsx\stylized\IB19_msg_types.xlsx
 [Errno 2] No such file or directory: 'xlsx_ib_merger\\inbound\\WHDesc.xlsx'
Processing xlsx_packer\..\html_int_catalogs_to_xlsx\stylized\IB20_msg_types.xlsx
 [Errno 2] No such file or directory: 'xlsx_ib_merger\\inbound\\WOInDesc.xlsx'
Processing xlsx_packer\..\html_int_catalogs_to_xlsx\stylized\IB21_msg_types.xlsx
 [Errno 2] No such file or directory: 'xlsx_ib_merger\\inbound\\WOOutDesc.xlsx'
Processing xlsx_packer\..\html_int_catalogs_to_xlsx\stylized\IB22_msg_types.xlsx
 [Errno 2] No such file or directory: 'xlsx_ib_merger\\inbound\\ASNInDesc.xlsx'
Processing xlsx_packer\..\html_int_catalogs_to_xlsx\stylized\IB23_msg_types.xlsx
 [Errno 2] No such file or directory: 'xlsx_ib_merger\\inbound\\ASNOutDesc.xlsx'
Processing xlsx_packer\..\html_int_catalogs_to_xlsx\stylized\IB24_msg_types.xlsx
 [Errno 2] No such file or directory: 'xlsx_ib_merger\\inbound\\InvAdjustDesc.xlsx'
Processing xlsx_packer\..\html_int_catalogs_to_xlsx\stylized\IB25_msg_types.xlsx
Processing xlsx_packer\..\html_int_catalogs_to_xlsx\stylized\IB26_msg_types.xlsx
 [Errno 2] No such file or directory: 'xlsx_ib_merger\\inbound\\PendRtrnDesc.xlsx'
Processing xlsx_packer\..\html_int_catalogs_to_xlsx\stylized\IB27_msg_types.xlsx
 [Errno 2] No such file or directory: 'xlsx_ib_merger\\inbound\\RTVDesc.xlsx'
Processing xlsx_packer\..\html_int_catalogs_to_xlsx\stylized\IB28_msg_types.xlsx
 [Errno 2] No such file or directory: 'xlsx_ib_merger\\inbound\\AppointDesc.xlsx'
Processing xlsx_packer\..\html_int_catalogs_to_xlsx\stylized\IB29_msg_types.xlsx
 [Errno 2] No such file or directory: 'xlsx_ib_merger\\inbound\\SOStatusDesc.xlsx'
Processing xlsx_packer\..\html_int_catalogs_to_xlsx\stylized\IB33_msg_types.xlsx
 [Errno 2] No such file or directory: 'xlsx_ib_merger\\inbound\\DSDReceiptDesc.xlsx'
Processing xlsx_packer\..\html_int_catalogs_to_xlsx\stylized\IB34_msg_types.xlsx
 [Errno 2] No such file or directory: 'xlsx_ib_merger\\inbound\\InvReqDesc.xlsx'
Processing xlsx_packer\..\html_int_catalogs_to_xlsx\stylized\IB35_msg_types.xlsx
 [Errno 2] No such file or directory: 'xlsx_ib_merger\\inbound\\StkCountSchDesc.xlsx'
Processing xlsx_packer\..\html_int_catalogs_to_xlsx\stylized\IB37_msg_types.xlsx
Processing xlsx_packer\..\html_int_catalogs_to_xlsx\stylized\IB39_msg_types.xlsx
Processing xlsx_packer\..\html_int_catalogs_to_xlsx\stylized\IB40_msg_types.xlsx
 [Errno 2] No such file or directory: 'xlsx_ib_merger\\inbound\\CogsDesc.xlsx'
Processing xlsx_packer\..\html_int_catalogs_to_xlsx\stylized\IB41_msg_types.xlsx
 [Errno 2] No such file or directory: 'xlsx_ib_merger\\inbound\\CustretsaleDesc.xlsx'
Processing xlsx_packer\..\html_int_catalogs_to_xlsx\stylized\IB42_msg_types.xlsx
 [Errno 2] No such file or directory: 'xlsx_ib_merger\\inbound\\CustSaleDesc.xlsx'
Processing xlsx_packer\..\html_int_catalogs_to_xlsx\stylized\IB43_msg_types.xlsx
 [Errno 2] No such file or directory: 'xlsx_ib_merger\\inbound\\CurrRateDesc.xlsx'
Processing xlsx_packer\..\html_int_catalogs_to_xlsx\stylized\IB44_msg_types.xlsx
 [Errno 2] No such file or directory: 'xlsx_ib_merger\\inbound\\DSRcptDesc.xlsx'
Processing xlsx_packer\..\html_int_catalogs_to_xlsx\stylized\IB45_msg_types.xlsx
 [Errno 2] No such file or directory: 'xlsx_ib_merger\\inbound\\FrtTermDesc.xlsx'
Processing xlsx_packer\..\html_int_catalogs_to_xlsx\stylized\IB46_msg_types.xlsx
 [Errno 2] No such file or directory: 'xlsx_ib_merger\\inbound\\GLCOADesc.xlsx'
Processing xlsx_packer\..\html_int_catalogs_to_xlsx\stylized\IB47_msg_types.xlsx
 [Errno 2] No such file or directory: 'xlsx_ib_merger\\inbound\\PayTermDesc.xlsx'
Processing xlsx_packer\..\html_int_catalogs_to_xlsx\stylized\IB48_msg_types.xlsx
 [Errno 2] No such file or directory: 'xlsx_ib_merger\\inbound\\VendorDesc.xlsx'
Processing xlsx_packer\..\html_int_catalogs_to_xlsx\stylized\IB49_msg_types.xlsx
 [Errno 2] No such file or directory: 'xlsx_ib_merger\\inbound\\WOStatusDesc.xlsx'
Processing xlsx_packer\..\html_int_catalogs_to_xlsx\stylized\IB50_msg_types.xlsx
 [Errno 2] No such file or directory: 'xlsx_ib_merger\\inbound\\XAllocDesc.xlsx'
Processing xlsx_packer\..\html_int_catalogs_to_xlsx\stylized\IB51_msg_types.xlsx
 [Errno 2] No such file or directory: 'xlsx_ib_merger\\inbound\\XCostChgDesc.xlsx'
Processing xlsx_packer\..\html_int_catalogs_to_xlsx\stylized\IB52_msg_types.xlsx
 [Errno 2] No such file or directory: 'xlsx_ib_merger\\inbound\\XDiffGrpDesc.xlsx'
Processing xlsx_packer\..\html_int_catalogs_to_xlsx\stylized\IB53_msg_types.xlsx
 [Errno 2] No such file or directory: 'xlsx_ib_merger\\inbound\\XDiffIDDesc.xlsx'
Processing xlsx_packer\..\html_int_catalogs_to_xlsx\stylized\IB54_msg_types.xlsx
 [Errno 2] No such file or directory: 'xlsx_ib_merger\\inbound\\XItemDesc.xlsx'
Processing xlsx_packer\..\html_int_catalogs_to_xlsx\stylized\IB55_msg_types.xlsx
 [Errno 2] No such file or directory: 'xlsx_ib_merger\\inbound\\XItemLocDesc.xlsx'
Processing xlsx_packer\..\html_int_catalogs_to_xlsx\stylized\IB56_msg_types.xlsx
 [Errno 2] No such file or directory: 'xlsx_ib_merger\\inbound\\XItemRclsDesc.xlsx'
Processing xlsx_packer\..\html_int_catalogs_to_xlsx\stylized\IB57_msg_types.xlsx
 [Errno 2] No such file or directory: 'xlsx_ib_merger\\inbound\\XLocTrtDesc.xlsx'
Processing xlsx_packer\..\html_int_catalogs_to_xlsx\stylized\IB58_msg_types.xlsx
 [Errno 2] No such file or directory: 'xlsx_ib_merger\\inbound\\XMrchHrClsDesc.xlsx'
Processing xlsx_packer\..\html_int_catalogs_to_xlsx\stylized\IB59_msg_types.xlsx
 [Errno 2] No such file or directory: 'xlsx_ib_merger\\inbound\\XMrchHrRclsDesc.xlsx'
Processing xlsx_packer\..\html_int_catalogs_to_xlsx\stylized\IB60_msg_types.xlsx
 [Errno 2] No such file or directory: 'xlsx_ib_merger\\inbound\\XOrderDesc.xlsx'
Processing xlsx_packer\..\html_int_catalogs_to_xlsx\stylized\IB61_msg_types.xlsx
 [Errno 2] No such file or directory: 'xlsx_ib_merger\\inbound\\XTsfDesc.xlsx'
Processing xlsx_packer\..\html_int_catalogs_to_xlsx\stylized\IB62_msg_types.xlsx
 [Errno 2] No such file or directory: 'xlsx_ib_merger\\inbound\\XOrgHrDesc.xlsx'
Processing xlsx_packer\..\html_int_catalogs_to_xlsx\stylized\IB63_msg_types.xlsx
 [Errno 2] No such file or directory: 'xlsx_ib_merger\\inbound\\XStoreDesc.xlsx'
Processing xlsx_packer\..\html_int_catalogs_to_xlsx\stylized\IB64_msg_types.xlsx
 [Errno 2] No such file or directory: 'xlsx_ib_merger\\inbound\\SKUOptmDesc.xlsx'
Processing xlsx_packer\..\html_int_catalogs_to_xlsx\stylized\IB65_msg_types.xlsx
 [Errno 2] No such file or directory: 'xlsx_ib_merger\\inbound\\PendRtrnDesc.xlsx'
Processing xlsx_packer\..\html_int_catalogs_to_xlsx\stylized\IB66_msg_types.xlsx
Processing xlsx_packer\..\html_int_catalogs_to_xlsx\stylized\IB68_msg_types.xlsx
 [Errno 2] No such file or directory: 'xlsx_ib_merger\\inbound\\CODesc.xlsx'
Processing xlsx_packer\..\html_int_catalogs_to_xlsx\stylized\IB69_msg_types.xlsx
 [Errno 2] No such file or directory: 'xlsx_ib_merger\\inbound\\XSD.xlsx'
Processing xlsx_packer\..\html_int_catalogs_to_xlsx\stylized\IB70_msg_types.xlsx
 [Errno 2] No such file or directory: 'xlsx_ib_merger\\inbound\\ASNOutDesc.xlsx'
Processing xlsx_packer\..\html_int_catalogs_to_xlsx\stylized\IB72_msg_types.xlsx
 openpyxl does not support  file format, please check you can open it with Excel first. Supported formats are: .xlsx,.xlsm,.xltx,.xltm
Processing xlsx_packer\..\html_int_catalogs_to_xlsx\stylized\IB74_msg_types.xlsx
 [Errno 2] No such file or directory: 'xlsx_ib_merger\\inbound\\PendRtrnDesc.xlsx'
Processing xlsx_packer\..\html_int_catalogs_to_xlsx\stylized\IB75_msg_types.xlsx
 [Errno 2] No such file or directory: 'xlsx_ib_merger\\inbound\\FulfilOrdCfmDesc.xlsx'
Processing xlsx_packer\..\html_int_catalogs_to_xlsx\stylized\IB76_msg_types.xlsx
 [Errno 2] No such file or directory: 'xlsx_ib_merger\\inbound\\FulfilOrdCfmDesc.xlsx'
Processing xlsx_packer\..\html_int_catalogs_to_xlsx\stylized\IB77_msg_types.xlsx
 [Errno 2] No such file or directory: 'xlsx_ib_merger\\inbound\\FulfilOrdRef.xlsx'
Processing xlsx_packer\..\html_int_catalogs_to_xlsx\stylized\IB78_msg_types.xlsx
 [Errno 2] No such file or directory: 'xlsx_ib_merger\\inbound\\PriceChgDesc.xlsx'
Processing xlsx_packer\..\html_int_catalogs_to_xlsx\stylized\IB80_msg_types.xlsx
 [Errno 2] No such file or directory: 'xlsx_ib_merger\\inbound\\OrgHierRef.xlsx'
Processing xlsx_packer\..\html_int_catalogs_to_xlsx\stylized\IB83_msg_types.xlsx
 [Errno 2] No such file or directory: 'xlsx_ib_merger\\inbound\\SeasonRef.xlsx'
Processing xlsx_packer\..\html_int_catalogs_to_xlsx\stylized\IBx1_msg_types.xlsx
 [Errno 2] No such file or directory: 'xlsx_ib_merger\\inbound\\LocationDesc.xlsx'
Processing xlsx_packer\..\html_int_catalogs_to_xlsx\stylized\IBx25_msg_types.xlsx
 [Errno 2] No such file or directory: 'xlsx_ib_merger\\inbound\\DSDDealsDesc.xlsx'
Processing xlsx_packer\..\html_int_catalogs_to_xlsx\stylized\IBx2_msg_types.xlsx
 [Errno 2] No such file or directory: 'xlsx_ib_merger\\inbound\\AllocDesc.xlsx'
Processing xlsx_packer\..\html_int_catalogs_to_xlsx\stylized\test.xlsx
 [Errno 2] No such file or directory: 'xlsx_ib_merger\\inbound\\BannerDesc.xlsx'
 Could not resolve output path from input path xlsx_packer\..\html_int_catalogs_to_xlsx\stylized
Processing xlsx_packer\..\html_int_catalogs_to_xlsx\stylized\IB01_msg_types.xlsx
Processing xlsx_packer\..\html_int_catalogs_to_xlsx\stylized\IB022_msg_types.xlsx
Processing xlsx_packer\..\html_int_catalogs_to_xlsx\stylized\IB02_msg_types.xlsx
Processing xlsx_packer\..\html_int_catalogs_to_xlsx\stylized\IB03_msg_types.xlsx
Processing xlsx_packer\..\html_int_catalogs_to_xlsx\stylized\IB04_msg_types.xlsx
Processing xlsx_packer\..\html_int_catalogs_to_xlsx\stylized\IB05_msg_types.xlsx
Processing xlsx_packer\..\html_int_catalogs_to_xlsx\stylized\IB06_msg_types.xlsx
Processing xlsx_packer\..\html_int_catalogs_to_xlsx\stylized\IB07_msg_types.xlsx
Processing xlsx_packer\..\html_int_catalogs_to_xlsx\stylized\IB08_msg_types.xlsx
Processing xlsx_packer\..\html_int_catalogs_to_xlsx\stylized\IB09_msg_types.xlsx
Processing xlsx_packer\..\html_int_catalogs_to_xlsx\stylized\IB10_msg_types.xlsx
Processing xlsx_packer\..\html_int_catalogs_to_xlsx\stylized\IB11_msg_types.xlsx
Processing xlsx_packer\..\html_int_catalogs_to_xlsx\stylized\IB12_msg_types.xlsx
Processing xlsx_packer\..\html_int_catalogs_to_xlsx\stylized\IB13_msg_types.xlsx
Processing xlsx_packer\..\html_int_catalogs_to_xlsx\stylized\IB14_msg_types.xlsx
Processing xlsx_packer\..\html_int_catalogs_to_xlsx\stylized\IB15_msg_types.xlsx
Processing xlsx_packer\..\html_int_catalogs_to_xlsx\stylized\IB16_msg_types.xlsx
Processing xlsx_packer\..\html_int_catalogs_to_xlsx\stylized\IB17_msg_types.xlsx
Processing xlsx_packer\..\html_int_catalogs_to_xlsx\stylized\IB18_msg_types.xlsx
Processing xlsx_packer\..\html_int_catalogs_to_xlsx\stylized\IB19_msg_types.xlsx
Processing xlsx_packer\..\html_int_catalogs_to_xlsx\stylized\IB20_msg_types.xlsx
Processing xlsx_packer\..\html_int_catalogs_to_xlsx\stylized\IB21_msg_types.xlsx
Processing xlsx_packer\..\html_int_catalogs_to_xlsx\stylized\IB22_msg_types.xlsx
Processing xlsx_packer\..\html_int_catalogs_to_xlsx\stylized\IB23_msg_types.xlsx
Processing xlsx_packer\..\html_int_catalogs_to_xlsx\stylized\IB24_msg_types.xlsx
Processing xlsx_packer\..\html_int_catalogs_to_xlsx\stylized\IB25_msg_types.xlsx
Processing xlsx_packer\..\html_int_catalogs_to_xlsx\stylized\IB26_msg_types.xlsx
 [Errno 2] No such file or directory: 'xlsx_ib_merger\\inbound\\PendRtrnDesc.xlsx'
Processing xlsx_packer\..\html_int_catalogs_to_xlsx\stylized\IB27_msg_types.xlsx
Processing xlsx_packer\..\html_int_catalogs_to_xlsx\stylized\IB28_msg_types.xlsx
Processing xlsx_packer\..\html_int_catalogs_to_xlsx\stylized\IB29_msg_types.xlsx
Processing xlsx_packer\..\html_int_catalogs_to_xlsx\stylized\IB33_msg_types.xlsx
Processing xlsx_packer\..\html_int_catalogs_to_xlsx\stylized\IB34_msg_types.xlsx
Processing xlsx_packer\..\html_int_catalogs_to_xlsx\stylized\IB35_msg_types.xlsx
Processing xlsx_packer\..\html_int_catalogs_to_xlsx\stylized\IB37_msg_types.xlsx
Processing xlsx_packer\..\html_int_catalogs_to_xlsx\stylized\IB39_msg_types.xlsx
 [Errno 2] No such file or directory: 'xlsx_ib_merger\\inbound\\ClrPrcChgDesc.xlsx'
Processing xlsx_packer\..\html_int_catalogs_to_xlsx\stylized\IB40_msg_types.xlsx
Processing xlsx_packer\..\html_int_catalogs_to_xlsx\stylized\IB41_msg_types.xlsx
 [Errno 2] No such file or directory: 'xlsx_ib_merger\\inbound\\CustretsaleDesc.xlsx'
Processing xlsx_packer\..\html_int_catalogs_to_xlsx\stylized\IB42_msg_types.xlsx
 [Errno 2] No such file or directory: 'xlsx_ib_merger\\inbound\\CustSaleDesc.xlsx'
Processing xlsx_packer\..\html_int_catalogs_to_xlsx\stylized\IB43_msg_types.xlsx
Processing xlsx_packer\..\html_int_catalogs_to_xlsx\stylized\IB44_msg_types.xlsx
Processing xlsx_packer\..\html_int_catalogs_to_xlsx\stylized\IB45_msg_types.xlsx
Processing xlsx_packer\..\html_int_catalogs_to_xlsx\stylized\IB46_msg_types.xlsx
Processing xlsx_packer\..\html_int_catalogs_to_xlsx\stylized\IB47_msg_types.xlsx
Processing xlsx_packer\..\html_int_catalogs_to_xlsx\stylized\IB48_msg_types.xlsx
Processing xlsx_packer\..\html_int_catalogs_to_xlsx\stylized\IB49_msg_types.xlsx
Processing xlsx_packer\..\html_int_catalogs_to_xlsx\stylized\IB50_msg_types.xlsx
Processing xlsx_packer\..\html_int_catalogs_to_xlsx\stylized\IB51_msg_types.xlsx
Processing xlsx_packer\..\html_int_catalogs_to_xlsx\stylized\IB52_msg_types.xlsx
Processing xlsx_packer\..\html_int_catalogs_to_xlsx\stylized\IB53_msg_types.xlsx
Processing xlsx_packer\..\html_int_catalogs_to_xlsx\stylized\IB54_msg_types.xlsx
Processing xlsx_packer\..\html_int_catalogs_to_xlsx\stylized\IB55_msg_types.xlsx
Processing xlsx_packer\..\html_int_catalogs_to_xlsx\stylized\IB56_msg_types.xlsx
 [Errno 2] No such file or directory: 'xlsx_ib_merger\\inbound\\XitemRclsRef.xlsx'
Processing xlsx_packer\..\html_int_catalogs_to_xlsx\stylized\IB57_msg_types.xlsx
Processing xlsx_packer\..\html_int_catalogs_to_xlsx\stylized\IB58_msg_types.xlsx
Processing xlsx_packer\..\html_int_catalogs_to_xlsx\stylized\IB59_msg_types.xlsx
Processing xlsx_packer\..\html_int_catalogs_to_xlsx\stylized\IB60_msg_types.xlsx
Processing xlsx_packer\..\html_int_catalogs_to_xlsx\stylized\IB61_msg_types.xlsx
Processing xlsx_packer\..\html_int_catalogs_to_xlsx\stylized\IB62_msg_types.xlsx
Processing xlsx_packer\..\html_int_catalogs_to_xlsx\stylized\IB63_msg_types.xlsx
Processing xlsx_packer\..\html_int_catalogs_to_xlsx\stylized\IB64_msg_types.xlsx
 [Errno 2] No such file or directory: 'xlsx_ib_merger\\inbound\\SKUOptmDesc.xlsx'
Processing xlsx_packer\..\html_int_catalogs_to_xlsx\stylized\IB65_msg_types.xlsx
 [Errno 2] No such file or directory: 'xlsx_ib_merger\\inbound\\PendRtrnDesc.xlsx'
Processing xlsx_packer\..\html_int_catalogs_to_xlsx\stylized\IB66_msg_types.xlsx
 [Errno 2] No such file or directory: 'xlsx_ib_merger\\inbound\\PromotionDesc.xlsx'
Processing xlsx_packer\..\html_int_catalogs_to_xlsx\stylized\IB68_msg_types.xlsx
 [Errno 2] No such file or directory: 'xlsx_ib_merger\\inbound\\CODesc.xlsx'
Processing xlsx_packer\..\html_int_catalogs_to_xlsx\stylized\IB69_msg_types.xlsx
 [Errno 2] No such file or directory: 'xlsx_ib_merger\\inbound\\XSD.xlsx'
Processing xlsx_packer\..\html_int_catalogs_to_xlsx\stylized\IB70_msg_types.xlsx
Processing xlsx_packer\..\html_int_catalogs_to_xlsx\stylized\IB72_msg_types.xlsx
 openpyxl does not support  file format, please check you can open it with Excel first. Supported formats are: .xlsx,.xlsm,.xltx,.xltm
Processing xlsx_packer\..\html_int_catalogs_to_xlsx\stylized\IB74_msg_types.xlsx
 [Errno 2] No such file or directory: 'xlsx_ib_merger\\inbound\\PendRtrnDesc.xlsx'
Processing xlsx_packer\..\html_int_catalogs_to_xlsx\stylized\IB75_msg_types.xlsx
Processing xlsx_packer\..\html_int_catalogs_to_xlsx\stylized\IB76_msg_types.xlsx
Processing xlsx_packer\..\html_int_catalogs_to_xlsx\stylized\IB77_msg_types.xlsx
Processing xlsx_packer\..\html_int_catalogs_to_xlsx\stylized\IB78_msg_types.xlsx
 [Errno 2] No such file or directory: 'xlsx_ib_merger\\inbound\\PriceChgDesc.xlsx'
Processing xlsx_packer\..\html_int_catalogs_to_xlsx\stylized\IB80_msg_types.xlsx
Processing xlsx_packer\..\html_int_catalogs_to_xlsx\stylized\IB83_msg_types.xlsx
Processing xlsx_packer\..\html_int_catalogs_to_xlsx\stylized\IBx1_msg_types.xlsx
Processing xlsx_packer\..\html_int_catalogs_to_xlsx\stylized\IBx25_msg_types.xlsx
Processing xlsx_packer\..\html_int_catalogs_to_xlsx\stylized\IBx2_msg_types.xlsx
Processing xlsx_packer\..\html_int_catalogs_to_xlsx\stylized\test.xlsx
 Could not resolve output path from input path xlsx_packer\..\html_int_catalogs_to_xlsx\stylized
Processing xlsx_packer\..\html_int_catalogs_to_xlsx\stylized\IB01_msg_types.xlsx
 [Errno 2] No such file or directory: 'xlsx_ib_merger\\inbound\\AllocDesc.xlsx'
Processing xlsx_packer\..\html_int_catalogs_to_xlsx\stylized\IB022_msg_types.xlsx
 [Errno 2] No such file or directory: 'xlsx_ib_merger\\inbound\\BannerDesc.xlsx'
Processing xlsx_packer\..\html_int_catalogs_to_xlsx\stylized\IB02_msg_types.xlsx
 [Errno 2] No such file or directory: 'xlsx_ib_merger\\inbound\\BannerDesc.xlsx'
Processing xlsx_packer\..\html_int_catalogs_to_xlsx\stylized\IB03_msg_types.xlsx
 [Errno 2] No such file or directory: 'xlsx_ib_merger\\inbound\\DiffGrpHdrDesc.xlsx'
Processing xlsx_packer\..\html_int_catalogs_to_xlsx\stylized\IB04_msg_types.xlsx
 [Errno 2] No such file or directory: 'xlsx_ib_merger\\inbound\\DiffDesc.xlsx'
Processing xlsx_packer\..\html_int_catalogs_to_xlsx\stylized\IB05_msg_types.xlsx
 [Errno 2] No such file or directory: 'xlsx_ib_merger\\inbound\\DeliverySlotDesc.xlsx'
Processing xlsx_packer\..\html_int_catalogs_to_xlsx\stylized\IB06_msg_types.xlsx
 [Errno 2] No such file or directory: 'xlsx_ib_merger\\inbound\\ItemLocDesc.xlsx'
Processing xlsx_packer\..\html_int_catalogs_to_xlsx\stylized\IB07_msg_types.xlsx
 [Errno 2] No such file or directory: 'xlsx_ib_merger\\inbound\\ItemDesc.xlsx'
Processing xlsx_packer\..\html_int_catalogs_to_xlsx\stylized\IB08_msg_types.xlsx
 [Errno 2] No such file or directory: 'xlsx_ib_merger\\inbound\\MrchHrDivDesc.xlsx'
Processing xlsx_packer\..\html_int_catalogs_to_xlsx\stylized\IB09_msg_types.xlsx
 [Errno 2] No such file or directory: 'xlsx_ib_merger\\inbound\\PODesc.xlsx'
Processing xlsx_packer\..\html_int_catalogs_to_xlsx\stylized\IB10_msg_types.xlsx
 [Errno 2] No such file or directory: 'xlsx_ib_merger\\inbound\\PartnerDesc.xlsx'
Processing xlsx_packer\..\html_int_catalogs_to_xlsx\stylized\IB11_msg_types.xlsx
 [Errno 2] No such file or directory: 'xlsx_ib_merger\\inbound\\RcvUnitAdjDesc.xlsx'
Processing xlsx_packer\..\html_int_catalogs_to_xlsx\stylized\IB12_msg_types.xlsx
 [Errno 2] No such file or directory: 'xlsx_ib_merger\\inbound\\RTVReqDesc.xlsx'
Processing xlsx_packer\..\html_int_catalogs_to_xlsx\stylized\IB13_msg_types.xlsx
 [Errno 2] No such file or directory: 'xlsx_ib_merger\\inbound\\CodeDtlDesc.xlsx'
Processing xlsx_packer\..\html_int_catalogs_to_xlsx\stylized\IB14_msg_types.xlsx
 [Errno 2] No such file or directory: 'xlsx_ib_merger\\inbound\\CountryDesc.xlsx'
Processing xlsx_packer\..\html_int_catalogs_to_xlsx\stylized\IB15_msg_types.xlsx
 [Errno 2] No such file or directory: 'xlsx_ib_merger\\inbound\\StoreRef.xlsx'
Processing xlsx_packer\..\html_int_catalogs_to_xlsx\stylized\IB16_msg_types.xlsx
 [Errno 2] No such file or directory: 'xlsx_ib_merger\\inbound\\TsfDesc.xlsx'
Processing xlsx_packer\..\html_int_catalogs_to_xlsx\stylized\IB17_msg_types.xlsx
 [Errno 2] No such file or directory: 'xlsx_ib_merger\\inbound\\UDADesc.xlsx'
Processing xlsx_packer\..\html_int_catalogs_to_xlsx\stylized\IB18_msg_types.xlsx
 [Errno 2] No such file or directory: 'xlsx_ib_merger\\inbound\\VendorDesc.xlsx'
Processing xlsx_packer\..\html_int_catalogs_to_xlsx\stylized\IB19_msg_types.xlsx
 [Errno 2] No such file or directory: 'xlsx_ib_merger\\inbound\\WHDesc.xlsx'
Processing xlsx_packer\..\html_int_catalogs_to_xlsx\stylized\IB20_msg_types.xlsx
 [Errno 2] No such file or directory: 'xlsx_ib_merger\\inbound\\WOInDesc.xlsx'
Processing xlsx_packer\..\html_int_catalogs_to_xlsx\stylized\IB21_msg_types.xlsx
 [Errno 2] No such file or directory: 'xlsx_ib_merger\\inbound\\WOOutDesc.xlsx'
Processing xlsx_packer\..\html_int_catalogs_to_xlsx\stylized\IB22_msg_types.xlsx
 [Errno 2] No such file or directory: 'xlsx_ib_merger\\inbound\\ASNInDesc.xlsx'
Processing xlsx_packer\..\html_int_catalogs_to_xlsx\stylized\IB23_msg_types.xlsx
 [Errno 2] No such file or directory: 'xlsx_ib_merger\\inbound\\ASNOutDesc.xlsx'
Processing xlsx_packer\..\html_int_catalogs_to_xlsx\stylized\IB24_msg_types.xlsx
 [Errno 2] No such file or directory: 'xlsx_ib_merger\\inbound\\InvAdjustDesc.xlsx'
Processing xlsx_packer\..\html_int_catalogs_to_xlsx\stylized\IB25_msg_types.xlsx
Processing xlsx_packer\..\html_int_catalogs_to_xlsx\stylized\IB26_msg_types.xlsx
 [Errno 2] No such file or directory: 'xlsx_ib_merger\\inbound\\PendRtrnDesc.xlsx'
Processing xlsx_packer\..\html_int_catalogs_to_xlsx\stylized\IB27_msg_types.xlsx
 [Errno 2] No such file or directory: 'xlsx_ib_merger\\inbound\\RTVDesc.xlsx'
Processing xlsx_packer\..\html_int_catalogs_to_xlsx\stylized\IB28_msg_types.xlsx
 [Errno 2] No such file or directory: 'xlsx_ib_merger\\inbound\\AppointDesc.xlsx'
Processing xlsx_packer\..\html_int_catalogs_to_xlsx\stylized\IB29_msg_types.xlsx
 [Errno 2] No such file or directory: 'xlsx_ib_merger\\inbound\\SOStatusDesc.xlsx'
Processing xlsx_packer\..\html_int_catalogs_to_xlsx\stylized\IB33_msg_types.xlsx
 [Errno 2] No such file or directory: 'xlsx_ib_merger\\inbound\\DSDReceiptDesc.xlsx'
Processing xlsx_packer\..\html_int_catalogs_to_xlsx\stylized\IB34_msg_types.xlsx
 [Errno 2] No such file or directory: 'xlsx_ib_merger\\inbound\\InvReqDesc.xlsx'
Processing xlsx_packer\..\html_int_catalogs_to_xlsx\stylized\IB35_msg_types.xlsx
 [Errno 2] No such file or directory: 'xlsx_ib_merger\\inbound\\StkCountSchDesc.xlsx'
Processing xlsx_packer\..\html_int_catalogs_to_xlsx\stylized\IB37_msg_types.xlsx
Processing xlsx_packer\..\html_int_catalogs_to_xlsx\stylized\IB39_msg_types.xlsx
Processing xlsx_packer\..\html_int_catalogs_to_xlsx\stylized\IB40_msg_types.xlsx
 [Errno 2] No such file or directory: 'xlsx_ib_merger\\inbound\\CogsDesc.xlsx'
Processing xlsx_packer\..\html_int_catalogs_to_xlsx\stylized\IB41_msg_types.xlsx
 [Errno 2] No such file or directory: 'xlsx_ib_merger\\inbound\\CustretsaleDesc.xlsx'
Processing xlsx_packer\..\html_int_catalogs_to_xlsx\stylized\IB42_msg_types.xlsx
 [Errno 2] No such file or directory: 'xlsx_ib_merger\\inbound\\CustSaleDesc.xlsx'
Processing xlsx_packer\..\html_int_catalogs_to_xlsx\stylized\IB43_msg_types.xlsx
 [Errno 2] No such file or directory: 'xlsx_ib_merger\\inbound\\CurrRateDesc.xlsx'
Processing xlsx_packer\..\html_int_catalogs_to_xlsx\stylized\IB44_msg_types.xlsx
 [Errno 2] No such file or directory: 'xlsx_ib_merger\\inbound\\DSRcptDesc.xlsx'
Processing xlsx_packer\..\html_int_catalogs_to_xlsx\stylized\IB45_msg_types.xlsx
 [Errno 2] No such file or directory: 'xlsx_ib_merger\\inbound\\FrtTermDesc.xlsx'
Processing xlsx_packer\..\html_int_catalogs_to_xlsx\stylized\IB46_msg_types.xlsx
 [Errno 2] No such file or directory: 'xlsx_ib_merger\\inbound\\GLCOADesc.xlsx'
Processing xlsx_packer\..\html_int_catalogs_to_xlsx\stylized\IB47_msg_types.xlsx
 [Errno 2] No such file or directory: 'xlsx_ib_merger\\inbound\\PayTermDesc.xlsx'
Processing xlsx_packer\..\html_int_catalogs_to_xlsx\stylized\IB48_msg_types.xlsx
 [Errno 2] No such file or directory: 'xlsx_ib_merger\\inbound\\VendorDesc.xlsx'
Processing xlsx_packer\..\html_int_catalogs_to_xlsx\stylized\IB49_msg_types.xlsx
 [Errno 2] No such file or directory: 'xlsx_ib_merger\\inbound\\WOStatusDesc.xlsx'
Processing xlsx_packer\..\html_int_catalogs_to_xlsx\stylized\IB50_msg_types.xlsx
 [Errno 2] No such file or directory: 'xlsx_ib_merger\\inbound\\XAllocDesc.xlsx'
Processing xlsx_packer\..\html_int_catalogs_to_xlsx\stylized\IB51_msg_types.xlsx
 [Errno 2] No such file or directory: 'xlsx_ib_merger\\inbound\\XCostChgDesc.xlsx'
Processing xlsx_packer\..\html_int_catalogs_to_xlsx\stylized\IB52_msg_types.xlsx
 [Errno 2] No such file or directory: 'xlsx_ib_merger\\inbound\\XDiffGrpDesc.xlsx'
Processing xlsx_packer\..\html_int_catalogs_to_xlsx\stylized\IB53_msg_types.xlsx
 [Errno 2] No such file or directory: 'xlsx_ib_merger\\inbound\\XDiffIDDesc.xlsx'
Processing xlsx_packer\..\html_int_catalogs_to_xlsx\stylized\IB54_msg_types.xlsx
 [Errno 2] No such file or directory: 'xlsx_ib_merger\\inbound\\XItemDesc.xlsx'
Processing xlsx_packer\..\html_int_catalogs_to_xlsx\stylized\IB55_msg_types.xlsx
 [Errno 2] No such file or directory: 'xlsx_ib_merger\\inbound\\XItemLocDesc.xlsx'
Processing xlsx_packer\..\html_int_catalogs_to_xlsx\stylized\IB56_msg_types.xlsx
 [Errno 2] No such file or directory: 'xlsx_ib_merger\\inbound\\XItemRclsDesc.xlsx'
Processing xlsx_packer\..\html_int_catalogs_to_xlsx\stylized\IB57_msg_types.xlsx
 [Errno 2] No such file or directory: 'xlsx_ib_merger\\inbound\\XLocTrtDesc.xlsx'
Processing xlsx_packer\..\html_int_catalogs_to_xlsx\stylized\IB58_msg_types.xlsx
 [Errno 2] No such file or directory: 'xlsx_ib_merger\\inbound\\XMrchHrClsDesc.xlsx'
Processing xlsx_packer\..\html_int_catalogs_to_xlsx\stylized\IB59_msg_types.xlsx
 [Errno 2] No such file or directory: 'xlsx_ib_merger\\inbound\\XMrchHrRclsDesc.xlsx'
Processing xlsx_packer\..\html_int_catalogs_to_xlsx\stylized\IB60_msg_types.xlsx
 [Errno 2] No such file or directory: 'xlsx_ib_merger\\inbound\\XOrderDesc.xlsx'
Processing xlsx_packer\..\html_int_catalogs_to_xlsx\stylized\IB61_msg_types.xlsx
 [Errno 2] No such file or directory: 'xlsx_ib_merger\\inbound\\XTsfDesc.xlsx'
Processing xlsx_packer\..\html_int_catalogs_to_xlsx\stylized\IB62_msg_types.xlsx
 [Errno 2] No such file or directory: 'xlsx_ib_merger\\inbound\\XOrgHrDesc.xlsx'
Processing xlsx_packer\..\html_int_catalogs_to_xlsx\stylized\IB63_msg_types.xlsx
 [Errno 2] No such file or directory: 'xlsx_ib_merger\\inbound\\XStoreDesc.xlsx'
Processing xlsx_packer\..\html_int_catalogs_to_xlsx\stylized\IB64_msg_types.xlsx
 [Errno 2] No such file or directory: 'xlsx_ib_merger\\inbound\\SKUOptmDesc.xlsx'
Processing xlsx_packer\..\html_int_catalogs_to_xlsx\stylized\IB65_msg_types.xlsx
 [Errno 2] No such file or directory: 'xlsx_ib_merger\\inbound\\PendRtrnDesc.xlsx'
Processing xlsx_packer\..\html_int_catalogs_to_xlsx\stylized\IB66_msg_types.xlsx
Processing xlsx_packer\..\html_int_catalogs_to_xlsx\stylized\IB68_msg_types.xlsx
 [Errno 2] No such file or directory: 'xlsx_ib_merger\\inbound\\CODesc.xlsx'
Processing xlsx_packer\..\html_int_catalogs_to_xlsx\stylized\IB69_msg_types.xlsx
 [Errno 2] No such file or directory: 'xlsx_ib_merger\\inbound\\XSD.xlsx'
Processing xlsx_packer\..\html_int_catalogs_to_xlsx\stylized\IB70_msg_types.xlsx
 [Errno 2] No such file or directory: 'xlsx_ib_merger\\inbound\\ASNOutDesc.xlsx'
Processing xlsx_packer\..\html_int_catalogs_to_xlsx\stylized\IB72_msg_types.xlsx
 openpyxl does not support  file format, please check you can open it with Excel first. Supported formats are: .xlsx,.xlsm,.xltx,.xltm
Processing xlsx_packer\..\html_int_catalogs_to_xlsx\stylized\IB74_msg_types.xlsx
 [Errno 2] No such file or directory: 'xlsx_ib_merger\\inbound\\PendRtrnDesc.xlsx'
Processing xlsx_packer\..\html_int_catalogs_to_xlsx\stylized\IB75_msg_types.xlsx
 [Errno 2] No such file or directory: 'xlsx_ib_merger\\inbound\\FulfilOrdCfmDesc.xlsx'
Processing xlsx_packer\..\html_int_catalogs_to_xlsx\stylized\IB76_msg_types.xlsx
 [Errno 2] No such file or directory: 'xlsx_ib_merger\\inbound\\FulfilOrdCfmDesc.xlsx'
Processing xlsx_packer\..\html_int_catalogs_to_xlsx\stylized\IB77_msg_types.xlsx
 [Errno 2] No such file or directory: 'xlsx_ib_merger\\inbound\\FulfilOrdRef.xlsx'
Processing xlsx_packer\..\html_int_catalogs_to_xlsx\stylized\IB78_msg_types.xlsx
 [Errno 2] No such file or directory: 'xlsx_ib_merger\\inbound\\PriceChgDesc.xlsx'
Processing xlsx_packer\..\html_int_catalogs_to_xlsx\stylized\IB80_msg_types.xlsx
 [Errno 2] No such file or directory: 'xlsx_ib_merger\\inbound\\OrgHierRef.xlsx'
Processing xlsx_packer\..\html_int_catalogs_to_xlsx\stylized\IB83_msg_types.xlsx
 [Errno 2] No such file or directory: 'xlsx_ib_merger\\inbound\\SeasonRef.xlsx'
Processing xlsx_packer\..\html_int_catalogs_to_xlsx\stylized\IBx1_msg_types.xlsx
 [Errno 2] No such file or directory: 'xlsx_ib_merger\\inbound\\LocationDesc.xlsx'
Processing xlsx_packer\..\html_int_catalogs_to_xlsx\stylized\IBx25_msg_types.xlsx
 [Errno 2] No such file or directory: 'xlsx_ib_merger\\inbound\\DSDDealsDesc.xlsx'
Processing xlsx_packer\..\html_int_catalogs_to_xlsx\stylized\IBx2_msg_types.xlsx
 [Errno 2] No such file or directory: 'xlsx_ib_merger\\inbound\\AllocDesc.xlsx'
Processing xlsx_packer\..\html_int_catalogs_to_xlsx\stylized\test.xlsx
 [Errno 2] No such file or directory: 'xlsx_ib_merger\\inbound\\BannerDesc.xlsx'
 Could not resolve output path from input path xlsx_packer\..\html_int_catalogs_to_xlsx\stylized
Processing xlsx_packer\..\html_int_catalogs_to_xlsx\stylized\IB01_msg_types.xlsx
 [Errno 2] No such file or directory: 'xlsx_ib_merger\\outbound\\AllocDesc.xlsx'
Processing xlsx_packer\..\html_int_catalogs_to_xlsx\stylized\IB022_msg_types.xlsx
 [Errno 2] No such file or directory: 'xlsx_ib_merger\\outbound\\BannerDesc.xlsx'
Processing xlsx_packer\..\html_int_catalogs_to_xlsx\stylized\IB02_msg_types.xlsx
 [Errno 2] No such file or directory: 'xlsx_ib_merger\\outbound\\BannerDesc.xlsx'
Processing xlsx_packer\..\html_int_catalogs_to_xlsx\stylized\IB03_msg_types.xlsx
 [Errno 2] No such file or directory: 'xlsx_ib_merger\\outbound\\DiffGrpHdrDesc.xlsx'
Processing xlsx_packer\..\html_int_catalogs_to_xlsx\stylized\IB04_msg_types.xlsx
 [Errno 2] No such file or directory: 'xlsx_ib_merger\\outbound\\DiffDesc.xlsx'
Processing xlsx_packer\..\html_int_catalogs_to_xlsx\stylized\IB05_msg_types.xlsx
 [Errno 2] No such file or directory: 'xlsx_ib_merger\\outbound\\DeliverySlotDesc.xlsx'
Processing xlsx_packer\..\html_int_catalogs_to_xlsx\stylized\IB06_msg_types.xlsx
 [Errno 2] No such file or directory: 'xlsx_ib_merger\\outbound\\ItemLocDesc.xlsx'
Processing xlsx_packer\..\html_int_catalogs_to_xlsx\stylized\IB07_msg_types.xlsx
 [Errno 2] No such file or directory: 'xlsx_ib_merger\\outbound\\ItemDesc.xlsx'
Processing xlsx_packer\..\html_int_catalogs_to_xlsx\stylized\IB08_msg_types.xlsx
 [Errno 2] No such file or directory: 'xlsx_ib_merger\\outbound\\MrchHrDivDesc.xlsx'
Processing xlsx_packer\..\html_int_catalogs_to_xlsx\stylized\IB09_msg_types.xlsx
 [Errno 2] No such file or directory: 'xlsx_ib_merger\\outbound\\PODesc.xlsx'
Processing xlsx_packer\..\html_int_catalogs_to_xlsx\stylized\IB10_msg_types.xlsx
 [Errno 2] No such file or directory: 'xlsx_ib_merger\\outbound\\PartnerDesc.xlsx'
Processing xlsx_packer\..\html_int_catalogs_to_xlsx\stylized\IB11_msg_types.xlsx
 [Errno 2] No such file or directory: 'xlsx_ib_merger\\outbound\\RcvUnitAdjDesc.xlsx'
Processing xlsx_packer\..\html_int_catalogs_to_xlsx\stylized\IB12_msg_types.xlsx
 [Errno 2] No such file or directory: 'xlsx_ib_merger\\outbound\\RTVReqDesc.xlsx'
Processing xlsx_packer\..\html_int_catalogs_to_xlsx\stylized\IB13_msg_types.xlsx
 [Errno 2] No such file or directory: 'xlsx_ib_merger\\outbound\\CodeDtlDesc.xlsx'
Processing xlsx_packer\..\html_int_catalogs_to_xlsx\stylized\IB14_msg_types.xlsx
 [Errno 2] No such file or directory: 'xlsx_ib_merger\\outbound\\CountryDesc.xlsx'
Processing xlsx_packer\..\html_int_catalogs_to_xlsx\stylized\IB15_msg_types.xlsx
 [Errno 2] No such file or directory: 'xlsx_ib_merger\\outbound\\StoreRef.xlsx'
Processing xlsx_packer\..\html_int_catalogs_to_xlsx\stylized\IB16_msg_types.xlsx
 [Errno 2] No such file or directory: 'xlsx_ib_merger\\outbound\\TsfDesc.xlsx'
Processing xlsx_packer\..\html_int_catalogs_to_xlsx\stylized\IB17_msg_types.xlsx
 [Errno 2] No such file or directory: 'xlsx_ib_merger\\outbound\\UDADesc.xlsx'
Processing xlsx_packer\..\html_int_catalogs_to_xlsx\stylized\IB18_msg_types.xlsx
 [Errno 2] No such file or directory: 'xlsx_ib_merger\\outbound\\VendorDesc.xlsx'
Processing xlsx_packer\..\html_int_catalogs_to_xlsx\stylized\IB19_msg_types.xlsx
 [Errno 2] No such file or directory: 'xlsx_ib_merger\\outbound\\WHDesc.xlsx'
Processing xlsx_packer\..\html_int_catalogs_to_xlsx\stylized\IB20_msg_types.xlsx
 [Errno 2] No such file or directory: 'xlsx_ib_merger\\outbound\\WOInDesc.xlsx'
Processing xlsx_packer\..\html_int_catalogs_to_xlsx\stylized\IB21_msg_types.xlsx
 [Errno 2] No such file or directory: 'xlsx_ib_merger\\outbound\\WOOutDesc.xlsx'
Processing xlsx_packer\..\html_int_catalogs_to_xlsx\stylized\IB22_msg_types.xlsx
 [Errno 2] No such file or directory: 'xlsx_ib_merger\\outbound\\ASNInDesc.xlsx'
Processing xlsx_packer\..\html_int_catalogs_to_xlsx\stylized\IB23_msg_types.xlsx
 [Errno 2] No such file or directory: 'xlsx_ib_merger\\outbound\\ASNOutDesc.xlsx'
Processing xlsx_packer\..\html_int_catalogs_to_xlsx\stylized\IB24_msg_types.xlsx
 [Errno 2] No such file or directory: 'xlsx_ib_merger\\outbound\\InvAdjustDesc.xlsx'
Processing xlsx_packer\..\html_int_catalogs_to_xlsx\stylized\IB25_msg_types.xlsx
Processing xlsx_packer\..\html_int_catalogs_to_xlsx\stylized\IB26_msg_types.xlsx
 [Errno 2] No such file or directory: 'xlsx_ib_merger\\outbound\\PendRtrnDesc.xlsx'
Processing xlsx_packer\..\html_int_catalogs_to_xlsx\stylized\IB27_msg_types.xlsx
 [Errno 2] No such file or directory: 'xlsx_ib_merger\\outbound\\RTVDesc.xlsx'
Processing xlsx_packer\..\html_int_catalogs_to_xlsx\stylized\IB28_msg_types.xlsx
 [Errno 2] No such file or directory: 'xlsx_ib_merger\\outbound\\AppointDesc.xlsx'
Processing xlsx_packer\..\html_int_catalogs_to_xlsx\stylized\IB29_msg_types.xlsx
 [Errno 2] No such file or directory: 'xlsx_ib_merger\\outbound\\SOStatusDesc.xlsx'
Processing xlsx_packer\..\html_int_catalogs_to_xlsx\stylized\IB33_msg_types.xlsx
 [Errno 2] No such file or directory: 'xlsx_ib_merger\\outbound\\DSDReceiptDesc.xlsx'
Processing xlsx_packer\..\html_int_catalogs_to_xlsx\stylized\IB34_msg_types.xlsx
 [Errno 2] No such file or directory: 'xlsx_ib_merger\\outbound\\InvReqDesc.xlsx'
Processing xlsx_packer\..\html_int_catalogs_to_xlsx\stylized\IB35_msg_types.xlsx
 [Errno 2] No such file or directory: 'xlsx_ib_merger\\outbound\\StkCountSchDesc.xlsx'
Processing xlsx_packer\..\html_int_catalogs_to_xlsx\stylized\IB37_msg_types.xlsx
Processing xlsx_packer\..\html_int_catalogs_to_xlsx\stylized\IB39_msg_types.xlsx
Processing xlsx_packer\..\html_int_catalogs_to_xlsx\stylized\IB40_msg_types.xlsx
 [Errno 2] No such file or directory: 'xlsx_ib_merger\\outbound\\CogsDesc.xlsx'
Processing xlsx_packer\..\html_int_catalogs_to_xlsx\stylized\IB41_msg_types.xlsx
 [Errno 2] No such file or directory: 'xlsx_ib_merger\\outbound\\CustretsaleDesc.xlsx'
Processing xlsx_packer\..\html_int_catalogs_to_xlsx\stylized\IB42_msg_types.xlsx
 [Errno 2] No such file or directory: 'xlsx_ib_merger\\outbound\\CustSaleDesc.xlsx'
Processing xlsx_packer\..\html_int_catalogs_to_xlsx\stylized\IB43_msg_types.xlsx
 [Errno 2] No such file or directory: 'xlsx_ib_merger\\outbound\\CurrRateDesc.xlsx'
Processing xlsx_packer\..\html_int_catalogs_to_xlsx\stylized\IB44_msg_types.xlsx
 [Errno 2] No such file or directory: 'xlsx_ib_merger\\outbound\\DSRcptDesc.xlsx'
Processing xlsx_packer\..\html_int_catalogs_to_xlsx\stylized\IB45_msg_types.xlsx
 [Errno 2] No such file or directory: 'xlsx_ib_merger\\outbound\\FrtTermDesc.xlsx'
Processing xlsx_packer\..\html_int_catalogs_to_xlsx\stylized\IB46_msg_types.xlsx
 [Errno 2] No such file or directory: 'xlsx_ib_merger\\outbound\\GLCOADesc.xlsx'
Processing xlsx_packer\..\html_int_catalogs_to_xlsx\stylized\IB47_msg_types.xlsx
 [Errno 2] No such file or directory: 'xlsx_ib_merger\\outbound\\PayTermDesc.xlsx'
Processing xlsx_packer\..\html_int_catalogs_to_xlsx\stylized\IB48_msg_types.xlsx
 [Errno 2] No such file or directory: 'xlsx_ib_merger\\outbound\\VendorDesc.xlsx'
Processing xlsx_packer\..\html_int_catalogs_to_xlsx\stylized\IB49_msg_types.xlsx
 [Errno 2] No such file or directory: 'xlsx_ib_merger\\outbound\\WOStatusDesc.xlsx'
Processing xlsx_packer\..\html_int_catalogs_to_xlsx\stylized\IB50_msg_types.xlsx
 [Errno 2] No such file or directory: 'xlsx_ib_merger\\outbound\\XAllocDesc.xlsx'
Processing xlsx_packer\..\html_int_catalogs_to_xlsx\stylized\IB51_msg_types.xlsx
 [Errno 2] No such file or directory: 'xlsx_ib_merger\\outbound\\XCostChgDesc.xlsx'
Processing xlsx_packer\..\html_int_catalogs_to_xlsx\stylized\IB52_msg_types.xlsx
 [Errno 2] No such file or directory: 'xlsx_ib_merger\\outbound\\XDiffGrpDesc.xlsx'
Processing xlsx_packer\..\html_int_catalogs_to_xlsx\stylized\IB53_msg_types.xlsx
 [Errno 2] No such file or directory: 'xlsx_ib_merger\\outbound\\XDiffIDDesc.xlsx'
Processing xlsx_packer\..\html_int_catalogs_to_xlsx\stylized\IB54_msg_types.xlsx
 [Errno 2] No such file or directory: 'xlsx_ib_merger\\outbound\\XItemDesc.xlsx'
Processing xlsx_packer\..\html_int_catalogs_to_xlsx\stylized\IB55_msg_types.xlsx
 [Errno 2] No such file or directory: 'xlsx_ib_merger\\outbound\\XItemLocDesc.xlsx'
Processing xlsx_packer\..\html_int_catalogs_to_xlsx\stylized\IB56_msg_types.xlsx
 [Errno 2] No such file or directory: 'xlsx_ib_merger\\outbound\\XItemRclsDesc.xlsx'
Processing xlsx_packer\..\html_int_catalogs_to_xlsx\stylized\IB57_msg_types.xlsx
 [Errno 2] No such file or directory: 'xlsx_ib_merger\\outbound\\XLocTrtDesc.xlsx'
Processing xlsx_packer\..\html_int_catalogs_to_xlsx\stylized\IB58_msg_types.xlsx
 [Errno 2] No such file or directory: 'xlsx_ib_merger\\outbound\\XMrchHrClsDesc.xlsx'
Processing xlsx_packer\..\html_int_catalogs_to_xlsx\stylized\IB59_msg_types.xlsx
 [Errno 2] No such file or directory: 'xlsx_ib_merger\\outbound\\XMrchHrRclsDesc.xlsx'
Processing xlsx_packer\..\html_int_catalogs_to_xlsx\stylized\IB60_msg_types.xlsx
 [Errno 2] No such file or directory: 'xlsx_ib_merger\\outbound\\XOrderDesc.xlsx'
Processing xlsx_packer\..\html_int_catalogs_to_xlsx\stylized\IB61_msg_types.xlsx
 [Errno 2] No such file or directory: 'xlsx_ib_merger\\outbound\\XTsfDesc.xlsx'
Processing xlsx_packer\..\html_int_catalogs_to_xlsx\stylized\IB62_msg_types.xlsx
 [Errno 2] No such file or directory: 'xlsx_ib_merger\\outbound\\XOrgHrDesc.xlsx'
Processing xlsx_packer\..\html_int_catalogs_to_xlsx\stylized\IB63_msg_types.xlsx
 [Errno 2] No such file or directory: 'xlsx_ib_merger\\outbound\\XStoreDesc.xlsx'
Processing xlsx_packer\..\html_int_catalogs_to_xlsx\stylized\IB64_msg_types.xlsx
 [Errno 2] No such file or directory: 'xlsx_ib_merger\\outbound\\SKUOptmDesc.xlsx'
Processing xlsx_packer\..\html_int_catalogs_to_xlsx\stylized\IB65_msg_types.xlsx
 [Errno 2] No such file or directory: 'xlsx_ib_merger\\outbound\\PendRtrnDesc.xlsx'
Processing xlsx_packer\..\html_int_catalogs_to_xlsx\stylized\IB66_msg_types.xlsx
Processing xlsx_packer\..\html_int_catalogs_to_xlsx\stylized\IB68_msg_types.xlsx
 [Errno 2] No such file or directory: 'xlsx_ib_merger\\outbound\\CODesc.xlsx'
Processing xlsx_packer\..\html_int_catalogs_to_xlsx\stylized\IB69_msg_types.xlsx
 [Errno 2] No such file or directory: 'xlsx_ib_merger\\outbound\\XSD.xlsx'
Processing xlsx_packer\..\html_int_catalogs_to_xlsx\stylized\IB70_msg_types.xlsx
 [Errno 2] No such file or directory: 'xlsx_ib_merger\\outbound\\ASNOutDesc.xlsx'
Processing xlsx_packer\..\html_int_catalogs_to_xlsx\stylized\IB72_msg_types.xlsx
 openpyxl does not support  file format, please check you can open it with Excel first. Supported formats are: .xlsx,.xlsm,.xltx,.xltm
Processing xlsx_packer\..\html_int_catalogs_to_xlsx\stylized\IB74_msg_types.xlsx
 [Errno 2] No such file or directory: 'xlsx_ib_merger\\outbound\\PendRtrnDesc.xlsx'
Processing xlsx_packer\..\html_int_catalogs_to_xlsx\stylized\IB75_msg_types.xlsx
 [Errno 2] No such file or directory: 'xlsx_ib_merger\\outbound\\FulfilOrdCfmDesc.xlsx'
Processing xlsx_packer\..\html_int_catalogs_to_xlsx\stylized\IB76_msg_types.xlsx
 [Errno 2] No such file or directory: 'xlsx_ib_merger\\outbound\\FulfilOrdCfmDesc.xlsx'
Processing xlsx_packer\..\html_int_catalogs_to_xlsx\stylized\IB77_msg_types.xlsx
 [Errno 2] No such file or directory: 'xlsx_ib_merger\\outbound\\FulfilOrdRef.xlsx'
Processing xlsx_packer\..\html_int_catalogs_to_xlsx\stylized\IB78_msg_types.xlsx
 [Errno 2] No such file or directory: 'xlsx_ib_merger\\outbound\\PriceChgDesc.xlsx'
Processing xlsx_packer\..\html_int_catalogs_to_xlsx\stylized\IB80_msg_types.xlsx
 [Errno 2] No such file or directory: 'xlsx_ib_merger\\outbound\\OrgHierRef.xlsx'
Processing xlsx_packer\..\html_int_catalogs_to_xlsx\stylized\IB83_msg_types.xlsx
 [Errno 2] No such file or directory: 'xlsx_ib_merger\\outbound\\SeasonRef.xlsx'
Processing xlsx_packer\..\html_int_catalogs_to_xlsx\stylized\IBx1_msg_types.xlsx
 [Errno 2] No such file or directory: 'xlsx_ib_merger\\outbound\\LocationDesc.xlsx'
Processing xlsx_packer\..\html_int_catalogs_to_xlsx\stylized\IBx25_msg_types.xlsx
 [Errno 2] No such file or directory: 'xlsx_ib_merger\\outbound\\DSDDealsDesc.xlsx'
Processing xlsx_packer\..\html_int_catalogs_to_xlsx\stylized\IBx2_msg_types.xlsx
 [Errno 2] No such file or directory: 'xlsx_ib_merger\\outbound\\AllocDesc.xlsx'
Processing xlsx_packer\..\html_int_catalogs_to_xlsx\stylized\test.xlsx
 [Errno 2] No such file or directory: 'xlsx_ib_merger\\outbound\\BannerDesc.xlsx'
Processing xlsx_packer\..\html_int_catalogs_to_xlsx\stylized\IB01_msg_types.xlsx
