 Saving html_int_catalogs_to_xlsx\stylized\test.xlsx
 Saving html_int_catalogs_to_xlsx\stylized\test.xlsx
 Saving html_int_catalogs_to_xlsx\stylized\test.xlsx
 Saving html_int_catalogs_to_xlsx\stylized\test.xlsx
 Saving html_int_catalogs_to_xlsx\stylized\IB022_msg_types.xlsx
Processing html_int_catalogs_to_xlsx\output\IB01_msg_types.xlsx
 Saving html_int_catalogs_to_xlsx\stylized\test.xlsx
Processing html_int_catalogs_to_xlsx\output\IB02_msg_types.xlsx
 Saving html_int_catalogs_to_xlsx\stylized\test.xlsx
Processing html_int_catalogs_to_xlsx\output\IB03_msg_types.xlsx
 Saving html_int_catalogs_to_xlsx\stylized\test.xlsx
Processing html_int_catalogs_to_xlsx\output\IB04_msg_types.xlsx
 Saving html_int_catalogs_to_xlsx\stylized\test.xlsx
Processing html_int_catalogs_to_xlsx\output\IB05_msg_types.xlsx
 Saving html_int_catalogs_to_xlsx\stylized\test.xlsx
Processing html_int_catalogs_to_xlsx\output\IB06_msg_types.xlsx
 Saving html_int_catalogs_to_xlsx\stylized\test.xlsx
Processing html_int_catalogs_to_xlsx\output\IB07_msg_types.xlsx
 Saving html_int_catalogs_to_xlsx\stylized\test.xlsx
Processing html_int_catalogs_to_xlsx\output\IB08_msg_types.xlsx
 Saving html_int_catalogs_to_xlsx\stylized\test.xlsx
Processing html_int_catalogs_to_xlsx\output\IB09_msg_types.xlsx
 Saving html_int_catalogs_to_xlsx\stylized\test.xlsx
Processing html_int_catalogs_to_xlsx\output\IB10_msg_types.xlsx
 Saving html_int_catalogs_to_xlsx\stylized\test.xlsx
Processing html_int_catalogs_to_xlsx\output\IB11_msg_types.xlsx
 Saving html_int_catalogs_to_xlsx\stylized\test.xlsx
Processing html_int_catalogs_to_xlsx\output\IB12_msg_types.xlsx
 Saving html_int_catalogs_to_xlsx\stylized\test.xlsx
Processing html_int_catalogs_to_xlsx\output\IB13_msg_types.xlsx
 Saving html_int_catalogs_to_xlsx\stylized\test.xlsx
Processing html_int_catalogs_to_xlsx\output\IB14_msg_types.xlsx
 Saving html_int_catalogs_to_xlsx\stylized\test.xlsx
Processing html_int_catalogs_to_xlsx\output\IB15_msg_types.xlsx
 Saving html_int_catalogs_to_xlsx\stylized\test.xlsx
Processing html_int_catalogs_to_xlsx\output\IB16_msg_types.xlsx
 Saving html_int_catalogs_to_xlsx\stylized\test.xlsx
Processing html_int_catalogs_to_xlsx\output\IB17_msg_types.xlsx
 Saving html_int_catalogs_to_xlsx\stylized\test.xlsx
Processing html_int_catalogs_to_xlsx\output\IB18_msg_types.xlsx
 Saving html_int_catalogs_to_xlsx\stylized\test.xlsx
Processing html_int_catalogs_to_xlsx\output\IB19_msg_types.xlsx
 Saving html_int_catalogs_to_xlsx\stylized\test.xlsx
Processing html_int_catalogs_to_xlsx\output\IB20_msg_types.xlsx
 Saving html_int_catalogs_to_xlsx\stylized\test.xlsx
Processing html_int_catalogs_to_xlsx\output\IB21_msg_types.xlsx
 Saving html_int_catalogs_to_xlsx\stylized\test.xlsx
Processing html_int_catalogs_to_xlsx\output\IB22_msg_types.xlsx
 Saving html_int_catalogs_to_xlsx\stylized\test.xlsx
Processing html_int_catalogs_to_xlsx\output\IB23_msg_types.xlsx
 Saving html_int_catalogs_to_xlsx\stylized\test.xlsx
Processing html_int_catalogs_to_xlsx\output\IB24_msg_types.xlsx
 Saving html_int_catalogs_to_xlsx\stylized\test.xlsx
Processing html_int_catalogs_to_xlsx\output\IB25_msg_types.xlsx
 Saving html_int_catalogs_to_xlsx\stylized\test.xlsx
Processing html_int_catalogs_to_xlsx\output\IB26_msg_types.xlsx
 Saving html_int_catalogs_to_xlsx\stylized\test.xlsx
Processing html_int_catalogs_to_xlsx\output\IB27_msg_types.xlsx
 Saving html_int_catalogs_to_xlsx\stylized\test.xlsx
Processing html_int_catalogs_to_xlsx\output\IB28_msg_types.xlsx
 Saving html_int_catalogs_to_xlsx\stylized\test.xlsx
Processing html_int_catalogs_to_xlsx\output\IB29_msg_types.xlsx
 Saving html_int_catalogs_to_xlsx\stylized\test.xlsx
Processing html_int_catalogs_to_xlsx\output\IB33_msg_types.xlsx
 Saving html_int_catalogs_to_xlsx\stylized\test.xlsx
Processing html_int_catalogs_to_xlsx\output\IB34_msg_types.xlsx
 Saving html_int_catalogs_to_xlsx\stylized\test.xlsx
Processing html_int_catalogs_to_xlsx\output\IB35_msg_types.xlsx
 Saving html_int_catalogs_to_xlsx\stylized\test.xlsx
Processing html_int_catalogs_to_xlsx\output\IB37_msg_types.xlsx
 Saving html_int_catalogs_to_xlsx\stylized\test.xlsx
Processing html_int_catalogs_to_xlsx\output\IB39_msg_types.xlsx
 Saving html_int_catalogs_to_xlsx\stylized\test.xlsx
Processing html_int_catalogs_to_xlsx\output\IB40_msg_types.xlsx
 Saving html_int_catalogs_to_xlsx\stylized\test.xlsx
Processing html_int_catalogs_to_xlsx\output\IB41_msg_types.xlsx
 Saving html_int_catalogs_to_xlsx\stylized\test.xlsx
Processing html_int_catalogs_to_xlsx\output\IB42_msg_types.xlsx
 Saving html_int_catalogs_to_xlsx\stylized\test.xlsx
Processing html_int_catalogs_to_xlsx\output\IB43_msg_types.xlsx
 Saving html_int_catalogs_to_xlsx\stylized\test.xlsx
Processing html_int_catalogs_to_xlsx\output\IB44_msg_types.xlsx
 Saving html_int_catalogs_to_xlsx\stylized\test.xlsx
Processing html_int_catalogs_to_xlsx\output\IB45_msg_types.xlsx
 Saving html_int_catalogs_to_xlsx\stylized\test.xlsx
Processing html_int_catalogs_to_xlsx\output\IB46_msg_types.xlsx
 Saving html_int_catalogs_to_xlsx\stylized\test.xlsx
Processing html_int_catalogs_to_xlsx\output\IB47_msg_types.xlsx
 Saving html_int_catalogs_to_xlsx\stylized\test.xlsx
Processing html_int_catalogs_to_xlsx\output\IB48_msg_types.xlsx
 Saving html_int_catalogs_to_xlsx\stylized\test.xlsx
Processing html_int_catalogs_to_xlsx\output\IB49_msg_types.xlsx
 Saving html_int_catalogs_to_xlsx\stylized\test.xlsx
Processing html_int_catalogs_to_xlsx\output\IB50_msg_types.xlsx
 Saving html_int_catalogs_to_xlsx\stylized\test.xlsx
Processing html_int_catalogs_to_xlsx\output\IB51_msg_types.xlsx
 Saving html_int_catalogs_to_xlsx\stylized\test.xlsx
Processing html_int_catalogs_to_xlsx\output\IB52_msg_types.xlsx
 Saving html_int_catalogs_to_xlsx\stylized\test.xlsx
Processing html_int_catalogs_to_xlsx\output\IB53_msg_types.xlsx
 Saving html_int_catalogs_to_xlsx\stylized\test.xlsx
Processing html_int_catalogs_to_xlsx\output\IB54_msg_types.xlsx
 Saving html_int_catalogs_to_xlsx\stylized\test.xlsx
Processing html_int_catalogs_to_xlsx\output\IB55_msg_types.xlsx
 Saving html_int_catalogs_to_xlsx\stylized\test.xlsx
Processing html_int_catalogs_to_xlsx\output\IB56_msg_types.xlsx
 Saving html_int_catalogs_to_xlsx\stylized\test.xlsx
Processing html_int_catalogs_to_xlsx\output\IB57_msg_types.xlsx
 Saving html_int_catalogs_to_xlsx\stylized\test.xlsx
Processing html_int_catalogs_to_xlsx\output\IB58_msg_types.xlsx
 Saving html_int_catalogs_to_xlsx\stylized\test.xlsx
Processing html_int_catalogs_to_xlsx\output\IB59_msg_types.xlsx
 Saving html_int_catalogs_to_xlsx\stylized\test.xlsx
Processing html_int_catalogs_to_xlsx\output\IB60_msg_types.xlsx
 Saving html_int_catalogs_to_xlsx\stylized\test.xlsx
Processing html_int_catalogs_to_xlsx\output\IB61_msg_types.xlsx
 Saving html_int_catalogs_to_xlsx\stylized\test.xlsx
Processing html_int_catalogs_to_xlsx\output\IB62_msg_types.xlsx
 Saving html_int_catalogs_to_xlsx\stylized\test.xlsx
Processing html_int_catalogs_to_xlsx\output\IB63_msg_types.xlsx
 Saving html_int_catalogs_to_xlsx\stylized\test.xlsx
Processing html_int_catalogs_to_xlsx\output\IB64_msg_types.xlsx
 Saving html_int_catalogs_to_xlsx\stylized\test.xlsx
Processing html_int_catalogs_to_xlsx\output\IB65_msg_types.xlsx
 Saving html_int_catalogs_to_xlsx\stylized\test.xlsx
Processing html_int_catalogs_to_xlsx\output\IB66_msg_types.xlsx
 Saving html_int_catalogs_to_xlsx\stylized\test.xlsx
Processing html_int_catalogs_to_xlsx\output\IB68_msg_types.xlsx
 Saving html_int_catalogs_to_xlsx\stylized\test.xlsx
Processing html_int_catalogs_to_xlsx\output\IB69_msg_types.xlsx
 Saving html_int_catalogs_to_xlsx\stylized\test.xlsx
Processing html_int_catalogs_to_xlsx\output\IB70_msg_types.xlsx
 Saving html_int_catalogs_to_xlsx\stylized\test.xlsx
Processing html_int_catalogs_to_xlsx\output\IB72_msg_types.xlsx
 Saving html_int_catalogs_to_xlsx\stylized\test.xlsx
Processing html_int_catalogs_to_xlsx\output\IB74_msg_types.xlsx
 Saving html_int_catalogs_to_xlsx\stylized\test.xlsx
Processing html_int_catalogs_to_xlsx\output\IB75_msg_types.xlsx
 Saving html_int_catalogs_to_xlsx\stylized\test.xlsx
Processing html_int_catalogs_to_xlsx\output\IB76_msg_types.xlsx
 Saving html_int_catalogs_to_xlsx\stylized\test.xlsx
Processing html_int_catalogs_to_xlsx\output\IB77_msg_types.xlsx
 Saving html_int_catalogs_to_xlsx\stylized\test.xlsx
Processing html_int_catalogs_to_xlsx\output\IB78_msg_types.xlsx
 Saving html_int_catalogs_to_xlsx\stylized\test.xlsx
Processing html_int_catalogs_to_xlsx\output\IB80_msg_types.xlsx
 Saving html_int_catalogs_to_xlsx\stylized\test.xlsx
Processing html_int_catalogs_to_xlsx\output\IB83_msg_types.xlsx
 Saving html_int_catalogs_to_xlsx\stylized\test.xlsx
Processing html_int_catalogs_to_xlsx\output\IBx1_msg_types.xlsx
 Saving html_int_catalogs_to_xlsx\stylized\test.xlsx
Processing html_int_catalogs_to_xlsx\output\IBx25_msg_types.xlsx
 Saving html_int_catalogs_to_xlsx\stylized\test.xlsx
Processing html_int_catalogs_to_xlsx\output\IBx2_msg_types.xlsx
 Saving html_int_catalogs_to_xlsx\stylized\test.xlsx
 Saving html_int_catalogs_to_xlsx\stylized\test.xlsx
 Saving html_int_catalogs_to_xlsx\stylized\test.xlsx
 Saving html_int_catalogs_to_xlsx\stylized\test.xlsx
 Saving html_int_catalogs_to_xlsx\stylized\test.xlsx
Processing html_int_catalogs_to_xlsx\output\IB01_msg_types.xlsx
 Saving html_int_catalogs_to_xlsx\stylized\test.xlsx
Processing html_int_catalogs_to_xlsx\output\IB02_msg_types.xlsx
 Saving html_int_catalogs_to_xlsx\stylized\test.xlsx
Processing html_int_catalogs_to_xlsx\output\IB03_msg_types.xlsx
 Saving html_int_catalogs_to_xlsx\stylized\test.xlsx
Processing html_int_catalogs_to_xlsx\output\IB04_msg_types.xlsx
 Saving html_int_catalogs_to_xlsx\stylized\test.xlsx
Processing html_int_catalogs_to_xlsx\output\IB05_msg_types.xlsx
 Saving html_int_catalogs_to_xlsx\stylized\test.xlsx
Processing html_int_catalogs_to_xlsx\output\IB06_msg_types.xlsx
 Saving html_int_catalogs_to_xlsx\stylized\test.xlsx
Processing html_int_catalogs_to_xlsx\output\IB07_msg_types.xlsx
 Saving html_int_catalogs_to_xlsx\stylized\test.xlsx
Processing html_int_catalogs_to_xlsx\output\IB08_msg_types.xlsx
 Saving html_int_catalogs_to_xlsx\stylized\test.xlsx
Processing html_int_catalogs_to_xlsx\output\IB09_msg_types.xlsx
 Saving html_int_catalogs_to_xlsx\stylized\test.xlsx
Processing html_int_catalogs_to_xlsx\output\IB10_msg_types.xlsx
 Saving html_int_catalogs_to_xlsx\stylized\test.xlsx
Processing html_int_catalogs_to_xlsx\output\IB11_msg_types.xlsx
 Saving html_int_catalogs_to_xlsx\stylized\test.xlsx
Processing html_int_catalogs_to_xlsx\output\IB12_msg_types.xlsx
 Saving html_int_catalogs_to_xlsx\stylized\test.xlsx
Processing html_int_catalogs_to_xlsx\output\IB13_msg_types.xlsx
 Saving html_int_catalogs_to_xlsx\stylized\test.xlsx
Processing html_int_catalogs_to_xlsx\output\IB14_msg_types.xlsx
 Saving html_int_catalogs_to_xlsx\stylized\test.xlsx
Processing html_int_catalogs_to_xlsx\output\IB15_msg_types.xlsx
 Saving html_int_catalogs_to_xlsx\stylized\test.xlsx
Processing html_int_catalogs_to_xlsx\output\IB16_msg_types.xlsx
 Saving html_int_catalogs_to_xlsx\stylized\test.xlsx
Processing html_int_catalogs_to_xlsx\output\IB17_msg_types.xlsx
 Saving html_int_catalogs_to_xlsx\stylized\test.xlsx
Processing html_int_catalogs_to_xlsx\output\IB18_msg_types.xlsx
 Saving html_int_catalogs_to_xlsx\stylized\test.xlsx
Processing html_int_catalogs_to_xlsx\output\IB19_msg_types.xlsx
 Saving html_int_catalogs_to_xlsx\stylized\test.xlsx
Processing html_int_catalogs_to_xlsx\output\IB20_msg_types.xlsx
 Saving html_int_catalogs_to_xlsx\stylized\test.xlsx
Processing html_int_catalogs_to_xlsx\output\IB21_msg_types.xlsx
 Saving html_int_catalogs_to_xlsx\stylized\test.xlsx
Processing html_int_catalogs_to_xlsx\output\IB22_msg_types.xlsx
 Saving html_int_catalogs_to_xlsx\stylized\test.xlsx
Processing html_int_catalogs_to_xlsx\output\IB23_msg_types.xlsx
 Saving html_int_catalogs_to_xlsx\stylized\test.xlsx
Processing html_int_catalogs_to_xlsx\output\IB24_msg_types.xlsx
 Saving html_int_catalogs_to_xlsx\stylized\test.xlsx
Processing html_int_catalogs_to_xlsx\output\IB25_msg_types.xlsx
 Saving html_int_catalogs_to_xlsx\stylized\test.xlsx
Processing html_int_catalogs_to_xlsx\output\IB26_msg_types.xlsx
 Saving html_int_catalogs_to_xlsx\stylized\test.xlsx
Processing html_int_catalogs_to_xlsx\output\IB27_msg_types.xlsx
 Saving html_int_catalogs_to_xlsx\stylized\test.xlsx
Processing html_int_catalogs_to_xlsx\output\IB28_msg_types.xlsx
 Saving html_int_catalogs_to_xlsx\stylized\test.xlsx
Processing html_int_catalogs_to_xlsx\output\IB29_msg_types.xlsx
 Saving html_int_catalogs_to_xlsx\stylized\test.xlsx
Processing html_int_catalogs_to_xlsx\output\IB33_msg_types.xlsx
 Saving html_int_catalogs_to_xlsx\stylized\test.xlsx
Processing html_int_catalogs_to_xlsx\output\IB34_msg_types.xlsx
 Saving html_int_catalogs_to_xlsx\stylized\test.xlsx
Processing html_int_catalogs_to_xlsx\output\IB35_msg_types.xlsx
 Saving html_int_catalogs_to_xlsx\stylized\test.xlsx
Processing html_int_catalogs_to_xlsx\output\IB37_msg_types.xlsx
 Saving html_int_catalogs_to_xlsx\stylized\test.xlsx
Processing html_int_catalogs_to_xlsx\output\IB39_msg_types.xlsx
 Saving html_int_catalogs_to_xlsx\stylized\test.xlsx
Processing html_int_catalogs_to_xlsx\output\IB40_msg_types.xlsx
 Saving html_int_catalogs_to_xlsx\stylized\test.xlsx
Processing html_int_catalogs_to_xlsx\output\IB41_msg_types.xlsx
 Saving html_int_catalogs_to_xlsx\stylized\test.xlsx
Processing html_int_catalogs_to_xlsx\output\IB42_msg_types.xlsx
 Saving html_int_catalogs_to_xlsx\stylized\test.xlsx
Processing html_int_catalogs_to_xlsx\output\IB43_msg_types.xlsx
 Saving html_int_catalogs_to_xlsx\stylized\test.xlsx
Processing html_int_catalogs_to_xlsx\output\IB44_msg_types.xlsx
 Saving html_int_catalogs_to_xlsx\stylized\test.xlsx
Processing html_int_catalogs_to_xlsx\output\IB45_msg_types.xlsx
 Saving html_int_catalogs_to_xlsx\stylized\test.xlsx
Processing html_int_catalogs_to_xlsx\output\IB46_msg_types.xlsx
 Saving html_int_catalogs_to_xlsx\stylized\test.xlsx
Processing html_int_catalogs_to_xlsx\output\IB47_msg_types.xlsx
 Saving html_int_catalogs_to_xlsx\stylized\test.xlsx
Processing html_int_catalogs_to_xlsx\output\IB48_msg_types.xlsx
 Saving html_int_catalogs_to_xlsx\stylized\test.xlsx
Processing html_int_catalogs_to_xlsx\output\IB49_msg_types.xlsx
 Saving html_int_catalogs_to_xlsx\stylized\test.xlsx
Processing html_int_catalogs_to_xlsx\output\IB50_msg_types.xlsx
 Saving html_int_catalogs_to_xlsx\stylized\test.xlsx
Processing html_int_catalogs_to_xlsx\output\IB51_msg_types.xlsx
 Saving html_int_catalogs_to_xlsx\stylized\test.xlsx
Processing html_int_catalogs_to_xlsx\output\IB52_msg_types.xlsx
 Saving html_int_catalogs_to_xlsx\stylized\test.xlsx
Processing html_int_catalogs_to_xlsx\output\IB53_msg_types.xlsx
 Saving html_int_catalogs_to_xlsx\stylized\test.xlsx
Processing html_int_catalogs_to_xlsx\output\IB54_msg_types.xlsx
 Saving html_int_catalogs_to_xlsx\stylized\test.xlsx
Processing html_int_catalogs_to_xlsx\output\IB55_msg_types.xlsx
 Saving html_int_catalogs_to_xlsx\stylized\test.xlsx
Processing html_int_catalogs_to_xlsx\output\IB56_msg_types.xlsx
 Saving html_int_catalogs_to_xlsx\stylized\test.xlsx
Processing html_int_catalogs_to_xlsx\output\IB57_msg_types.xlsx
 Saving html_int_catalogs_to_xlsx\stylized\test.xlsx
Processing html_int_catalogs_to_xlsx\output\IB58_msg_types.xlsx
 Saving html_int_catalogs_to_xlsx\stylized\test.xlsx
Processing html_int_catalogs_to_xlsx\output\IB59_msg_types.xlsx
 Saving html_int_catalogs_to_xlsx\stylized\test.xlsx
Processing html_int_catalogs_to_xlsx\output\IB60_msg_types.xlsx
 Saving html_int_catalogs_to_xlsx\stylized\test.xlsx
Processing html_int_catalogs_to_xlsx\output\IB61_msg_types.xlsx
 Saving html_int_catalogs_to_xlsx\stylized\test.xlsx
Processing html_int_catalogs_to_xlsx\output\IB62_msg_types.xlsx
 Saving html_int_catalogs_to_xlsx\stylized\test.xlsx
Processing html_int_catalogs_to_xlsx\output\IB63_msg_types.xlsx
 Saving html_int_catalogs_to_xlsx\stylized\test.xlsx
Processing html_int_catalogs_to_xlsx\output\IB64_msg_types.xlsx
 Saving html_int_catalogs_to_xlsx\stylized\test.xlsx
Processing html_int_catalogs_to_xlsx\output\IB65_msg_types.xlsx
 Saving html_int_catalogs_to_xlsx\stylized\test.xlsx
Processing html_int_catalogs_to_xlsx\output\IB66_msg_types.xlsx
 Saving html_int_catalogs_to_xlsx\stylized\test.xlsx
Processing html_int_catalogs_to_xlsx\output\IB68_msg_types.xlsx
 Saving html_int_catalogs_to_xlsx\stylized\test.xlsx
Processing html_int_catalogs_to_xlsx\output\IB69_msg_types.xlsx
 Saving html_int_catalogs_to_xlsx\stylized\test.xlsx
Processing html_int_catalogs_to_xlsx\output\IB70_msg_types.xlsx
 Saving html_int_catalogs_to_xlsx\stylized\test.xlsx
Processing html_int_catalogs_to_xlsx\output\IB72_msg_types.xlsx
 Saving html_int_catalogs_to_xlsx\stylized\test.xlsx
Processing html_int_catalogs_to_xlsx\output\IB74_msg_types.xlsx
 Saving html_int_catalogs_to_xlsx\stylized\test.xlsx
Processing html_int_catalogs_to_xlsx\output\IB75_msg_types.xlsx
 Saving html_int_catalogs_to_xlsx\stylized\test.xlsx
Processing html_int_catalogs_to_xlsx\output\IB76_msg_types.xlsx
 Saving html_int_catalogs_to_xlsx\stylized\test.xlsx
Processing html_int_catalogs_to_xlsx\output\IB77_msg_types.xlsx
 Saving html_int_catalogs_to_xlsx\stylized\test.xlsx
Processing html_int_catalogs_to_xlsx\output\IB78_msg_types.xlsx
 Saving html_int_catalogs_to_xlsx\stylized\test.xlsx
Processing html_int_catalogs_to_xlsx\output\IB80_msg_types.xlsx
 Saving html_int_catalogs_to_xlsx\stylized\test.xlsx
Processing html_int_catalogs_to_xlsx\output\IB83_msg_types.xlsx
 Saving html_int_catalogs_to_xlsx\stylized\test.xlsx
Processing html_int_catalogs_to_xlsx\output\IBx1_msg_types.xlsx
 Saving html_int_catalogs_to_xlsx\stylized\test.xlsx
Processing html_int_catalogs_to_xlsx\output\IBx25_msg_types.xlsx
 Saving html_int_catalogs_to_xlsx\stylized\test.xlsx
Processing html_int_catalogs_to_xlsx\output\IBx2_msg_types.xlsx
 Saving html_int_catalogs_to_xlsx\stylized\test.xlsx
Processing html_int_catalogs_to_xlsx\output\IB01_msg_types.xlsx
 Saving html_int_catalogs_to_xlsx\stylized\IB01_msg_types.xlsx
Processing html_int_catalogs_to_xlsx\output\IB02_msg_types.xlsx
 Saving html_int_catalogs_to_xlsx\stylized\IB02_msg_types.xlsx
Processing html_int_catalogs_to_xlsx\output\IB03_msg_types.xlsx
 Saving html_int_catalogs_to_xlsx\stylized\IB03_msg_types.xlsx
Processing html_int_catalogs_to_xlsx\output\IB04_msg_types.xlsx
 Saving html_int_catalogs_to_xlsx\stylized\IB04_msg_types.xlsx
Processing html_int_catalogs_to_xlsx\output\IB05_msg_types.xlsx
 Saving html_int_catalogs_to_xlsx\stylized\IB05_msg_types.xlsx
Processing html_int_catalogs_to_xlsx\output\IB06_msg_types.xlsx
 Saving html_int_catalogs_to_xlsx\stylized\IB06_msg_types.xlsx
Processing html_int_catalogs_to_xlsx\output\IB07_msg_types.xlsx
 Saving html_int_catalogs_to_xlsx\stylized\IB07_msg_types.xlsx
Processing html_int_catalogs_to_xlsx\output\IB08_msg_types.xlsx
 Saving html_int_catalogs_to_xlsx\stylized\IB08_msg_types.xlsx
Processing html_int_catalogs_to_xlsx\output\IB09_msg_types.xlsx
 Saving html_int_catalogs_to_xlsx\stylized\IB09_msg_types.xlsx
Processing html_int_catalogs_to_xlsx\output\IB10_msg_types.xlsx
 Saving html_int_catalogs_to_xlsx\stylized\IB10_msg_types.xlsx
Processing html_int_catalogs_to_xlsx\output\IB11_msg_types.xlsx
 Saving html_int_catalogs_to_xlsx\stylized\IB11_msg_types.xlsx
Processing html_int_catalogs_to_xlsx\output\IB12_msg_types.xlsx
 Saving html_int_catalogs_to_xlsx\stylized\IB12_msg_types.xlsx
Processing html_int_catalogs_to_xlsx\output\IB13_msg_types.xlsx
 Saving html_int_catalogs_to_xlsx\stylized\IB13_msg_types.xlsx
Processing html_int_catalogs_to_xlsx\output\IB14_msg_types.xlsx
 Saving html_int_catalogs_to_xlsx\stylized\IB14_msg_types.xlsx
Processing html_int_catalogs_to_xlsx\output\IB15_msg_types.xlsx
 Saving html_int_catalogs_to_xlsx\stylized\IB15_msg_types.xlsx
Processing html_int_catalogs_to_xlsx\output\IB16_msg_types.xlsx
 Saving html_int_catalogs_to_xlsx\stylized\IB16_msg_types.xlsx
Processing html_int_catalogs_to_xlsx\output\IB17_msg_types.xlsx
 Saving html_int_catalogs_to_xlsx\stylized\IB17_msg_types.xlsx
Processing html_int_catalogs_to_xlsx\output\IB18_msg_types.xlsx
 Saving html_int_catalogs_to_xlsx\stylized\IB18_msg_types.xlsx
Processing html_int_catalogs_to_xlsx\output\IB19_msg_types.xlsx
 Saving html_int_catalogs_to_xlsx\stylized\IB19_msg_types.xlsx
Processing html_int_catalogs_to_xlsx\output\IB20_msg_types.xlsx
 Saving html_int_catalogs_to_xlsx\stylized\IB20_msg_types.xlsx
Processing html_int_catalogs_to_xlsx\output\IB21_msg_types.xlsx
 Saving html_int_catalogs_to_xlsx\stylized\IB21_msg_types.xlsx
Processing html_int_catalogs_to_xlsx\output\IB22_msg_types.xlsx
 Saving html_int_catalogs_to_xlsx\stylized\IB22_msg_types.xlsx
Processing html_int_catalogs_to_xlsx\output\IB23_msg_types.xlsx
 Saving html_int_catalogs_to_xlsx\stylized\IB23_msg_types.xlsx
Processing html_int_catalogs_to_xlsx\output\IB24_msg_types.xlsx
 Saving html_int_catalogs_to_xlsx\stylized\IB24_msg_types.xlsx
Processing html_int_catalogs_to_xlsx\output\IB25_msg_types.xlsx
 Saving html_int_catalogs_to_xlsx\stylized\IB25_msg_types.xlsx
Processing html_int_catalogs_to_xlsx\output\IB26_msg_types.xlsx
 Saving html_int_catalogs_to_xlsx\stylized\IB26_msg_types.xlsx
Processing html_int_catalogs_to_xlsx\output\IB27_msg_types.xlsx
 Saving html_int_catalogs_to_xlsx\stylized\IB27_msg_types.xlsx
Processing html_int_catalogs_to_xlsx\output\IB28_msg_types.xlsx
 Saving html_int_catalogs_to_xlsx\stylized\IB28_msg_types.xlsx
Processing html_int_catalogs_to_xlsx\output\IB29_msg_types.xlsx
 Saving html_int_catalogs_to_xlsx\stylized\IB29_msg_types.xlsx
Processing html_int_catalogs_to_xlsx\output\IB33_msg_types.xlsx
 Saving html_int_catalogs_to_xlsx\stylized\IB33_msg_types.xlsx
Processing html_int_catalogs_to_xlsx\output\IB34_msg_types.xlsx
 Saving html_int_catalogs_to_xlsx\stylized\IB34_msg_types.xlsx
Processing html_int_catalogs_to_xlsx\output\IB35_msg_types.xlsx
 Saving html_int_catalogs_to_xlsx\stylized\IB35_msg_types.xlsx
Processing html_int_catalogs_to_xlsx\output\IB37_msg_types.xlsx
 Saving html_int_catalogs_to_xlsx\stylized\IB37_msg_types.xlsx
Processing html_int_catalogs_to_xlsx\output\IB39_msg_types.xlsx
 Saving html_int_catalogs_to_xlsx\stylized\IB39_msg_types.xlsx
Processing html_int_catalogs_to_xlsx\output\IB40_msg_types.xlsx
 Saving html_int_catalogs_to_xlsx\stylized\IB40_msg_types.xlsx
Processing html_int_catalogs_to_xlsx\output\IB41_msg_types.xlsx
 Saving html_int_catalogs_to_xlsx\stylized\IB41_msg_types.xlsx
Processing html_int_catalogs_to_xlsx\output\IB42_msg_types.xlsx
 Saving html_int_catalogs_to_xlsx\stylized\IB42_msg_types.xlsx
Processing html_int_catalogs_to_xlsx\output\IB43_msg_types.xlsx
 Saving html_int_catalogs_to_xlsx\stylized\IB43_msg_types.xlsx
Processing html_int_catalogs_to_xlsx\output\IB44_msg_types.xlsx
 Saving html_int_catalogs_to_xlsx\stylized\IB44_msg_types.xlsx
Processing html_int_catalogs_to_xlsx\output\IB45_msg_types.xlsx
 Saving html_int_catalogs_to_xlsx\stylized\IB45_msg_types.xlsx
Processing html_int_catalogs_to_xlsx\output\IB46_msg_types.xlsx
 Saving html_int_catalogs_to_xlsx\stylized\IB46_msg_types.xlsx
Processing html_int_catalogs_to_xlsx\output\IB47_msg_types.xlsx
 Saving html_int_catalogs_to_xlsx\stylized\IB47_msg_types.xlsx
Processing html_int_catalogs_to_xlsx\output\IB48_msg_types.xlsx
 Saving html_int_catalogs_to_xlsx\stylized\IB48_msg_types.xlsx
Processing html_int_catalogs_to_xlsx\output\IB49_msg_types.xlsx
 Saving html_int_catalogs_to_xlsx\stylized\IB49_msg_types.xlsx
Processing html_int_catalogs_to_xlsx\output\IB50_msg_types.xlsx
 Saving html_int_catalogs_to_xlsx\stylized\IB50_msg_types.xlsx
Processing html_int_catalogs_to_xlsx\output\IB51_msg_types.xlsx
 Saving html_int_catalogs_to_xlsx\stylized\IB51_msg_types.xlsx
Processing html_int_catalogs_to_xlsx\output\IB52_msg_types.xlsx
 Saving html_int_catalogs_to_xlsx\stylized\IB52_msg_types.xlsx
Processing html_int_catalogs_to_xlsx\output\IB53_msg_types.xlsx
 Saving html_int_catalogs_to_xlsx\stylized\IB53_msg_types.xlsx
Processing html_int_catalogs_to_xlsx\output\IB54_msg_types.xlsx
 Saving html_int_catalogs_to_xlsx\stylized\IB54_msg_types.xlsx
Processing html_int_catalogs_to_xlsx\output\IB55_msg_types.xlsx
 Saving html_int_catalogs_to_xlsx\stylized\IB55_msg_types.xlsx
Processing html_int_catalogs_to_xlsx\output\IB56_msg_types.xlsx
 Saving html_int_catalogs_to_xlsx\stylized\IB56_msg_types.xlsx
Processing html_int_catalogs_to_xlsx\output\IB57_msg_types.xlsx
 Saving html_int_catalogs_to_xlsx\stylized\IB57_msg_types.xlsx
Processing html_int_catalogs_to_xlsx\output\IB58_msg_types.xlsx
 Saving html_int_catalogs_to_xlsx\stylized\IB58_msg_types.xlsx
Processing html_int_catalogs_to_xlsx\output\IB59_msg_types.xlsx
 Saving html_int_catalogs_to_xlsx\stylized\IB59_msg_types.xlsx
Processing html_int_catalogs_to_xlsx\output\IB60_msg_types.xlsx
 Saving html_int_catalogs_to_xlsx\stylized\IB60_msg_types.xlsx
Processing html_int_catalogs_to_xlsx\output\IB61_msg_types.xlsx
 Saving html_int_catalogs_to_xlsx\stylized\IB61_msg_types.xlsx
Processing html_int_catalogs_to_xlsx\output\IB62_msg_types.xlsx
 Saving html_int_catalogs_to_xlsx\stylized\IB62_msg_types.xlsx
Processing html_int_catalogs_to_xlsx\output\IB63_msg_types.xlsx
 Saving html_int_catalogs_to_xlsx\stylized\IB63_msg_types.xlsx
Processing html_int_catalogs_to_xlsx\output\IB64_msg_types.xlsx
 Saving html_int_catalogs_to_xlsx\stylized\IB64_msg_types.xlsx
Processing html_int_catalogs_to_xlsx\output\IB65_msg_types.xlsx
 Saving html_int_catalogs_to_xlsx\stylized\IB65_msg_types.xlsx
Processing html_int_catalogs_to_xlsx\output\IB66_msg_types.xlsx
 Saving html_int_catalogs_to_xlsx\stylized\IB66_msg_types.xlsx
Processing html_int_catalogs_to_xlsx\output\IB68_msg_types.xlsx
 Saving html_int_catalogs_to_xlsx\stylized\IB68_msg_types.xlsx
Processing html_int_catalogs_to_xlsx\output\IB69_msg_types.xlsx
 Saving html_int_catalogs_to_xlsx\stylized\IB69_msg_types.xlsx
Processing html_int_catalogs_to_xlsx\output\IB70_msg_types.xlsx
 Saving html_int_catalogs_to_xlsx\stylized\IB70_msg_types.xlsx
Processing html_int_catalogs_to_xlsx\output\IB72_msg_types.xlsx
 Saving html_int_catalogs_to_xlsx\stylized\IB72_msg_types.xlsx
Processing html_int_catalogs_to_xlsx\output\IB74_msg_types.xlsx
 Saving html_int_catalogs_to_xlsx\stylized\IB74_msg_types.xlsx
Processing html_int_catalogs_to_xlsx\output\IB75_msg_types.xlsx
 Saving html_int_catalogs_to_xlsx\stylized\IB75_msg_types.xlsx
Processing html_int_catalogs_to_xlsx\output\IB76_msg_types.xlsx
 Saving html_int_catalogs_to_xlsx\stylized\IB76_msg_types.xlsx
Processing html_int_catalogs_to_xlsx\output\IB77_msg_types.xlsx
 Saving html_int_catalogs_to_xlsx\stylized\IB77_msg_types.xlsx
Processing html_int_catalogs_to_xlsx\output\IB78_msg_types.xlsx
 Saving html_int_catalogs_to_xlsx\stylized\IB78_msg_types.xlsx
Processing html_int_catalogs_to_xlsx\output\IB80_msg_types.xlsx
 Saving html_int_catalogs_to_xlsx\stylized\IB80_msg_types.xlsx
Processing html_int_catalogs_to_xlsx\output\IB83_msg_types.xlsx
 Saving html_int_catalogs_to_xlsx\stylized\IB83_msg_types.xlsx
Processing html_int_catalogs_to_xlsx\output\IBx1_msg_types.xlsx
 Saving html_int_catalogs_to_xlsx\stylized\IBx1_msg_types.xlsx
Processing html_int_catalogs_to_xlsx\output\IBx25_msg_types.xlsx
 Saving html_int_catalogs_to_xlsx\stylized\IBx25_msg_types.xlsx
Processing html_int_catalogs_to_xlsx\output\IBx2_msg_types.xlsx
 Saving html_int_catalogs_to_xlsx\stylized\IBx2_msg_types.xlsx
Processing html_int_catalogs_to_xlsx\output\IB01_msg_types.xlsx
 Saving html_int_catalogs_to_xlsx\stylized\IB01_msg_types.xlsx
Processing html_int_catalogs_to_xlsx\output\IB02_msg_types.xlsx
 Saving html_int_catalogs_to_xlsx\stylized\IB02_msg_types.xlsx
Processing html_int_catalogs_to_xlsx\output\IB03_msg_types.xlsx
 Saving html_int_catalogs_to_xlsx\stylized\IB03_msg_types.xlsx
Processing html_int_catalogs_to_xlsx\output\IB04_msg_types.xlsx
 Saving html_int_catalogs_to_xlsx\stylized\IB04_msg_types.xlsx
Processing html_int_catalogs_to_xlsx\output\IB05_msg_types.xlsx
 Saving html_int_catalogs_to_xlsx\stylized\IB05_msg_types.xlsx
Processing html_int_catalogs_to_xlsx\output\IB06_msg_types.xlsx
 Saving html_int_catalogs_to_xlsx\stylized\IB06_msg_types.xlsx
Processing html_int_catalogs_to_xlsx\output\IB07_msg_types.xlsx
Processing html_int_catalogs_to_xlsx\output\IB01_msg_types.xlsx
 Saving html_int_catalogs_to_xlsx\stylized\IB01_msg_types.xlsx
Processing html_int_catalogs_to_xlsx\output\IB02_msg_types.xlsx
 Saving html_int_catalogs_to_xlsx\stylized\IB02_msg_types.xlsx
Processing html_int_catalogs_to_xlsx\output\IB03_msg_types.xlsx
 Saving html_int_catalogs_to_xlsx\stylized\IB03_msg_types.xlsx
Processing html_int_catalogs_to_xlsx\output\IB04_msg_types.xlsx
 Saving html_int_catalogs_to_xlsx\stylized\IB04_msg_types.xlsx
 Saving html_int_catalogs_to_xlsx\stylized\IB04_msg_types.xlsx
 Saving html_int_catalogs_to_xlsx\stylized\IB08_msg_types.xlsx
Processing html_int_catalogs_to_xlsx\output\IB01_msg_types.xlsx
 Saving html_int_catalogs_to_xlsx\stylized\IB01_msg_types.xlsx
Processing html_int_catalogs_to_xlsx\output\IB02_msg_types.xlsx
 Saving html_int_catalogs_to_xlsx\stylized\IB02_msg_types.xlsx
Processing html_int_catalogs_to_xlsx\output\IB03_msg_types.xlsx
 Saving html_int_catalogs_to_xlsx\stylized\IB03_msg_types.xlsx
Processing html_int_catalogs_to_xlsx\output\IB04_msg_types.xlsx
 Saving html_int_catalogs_to_xlsx\stylized\IB04_msg_types.xlsx
Processing html_int_catalogs_to_xlsx\output\IB05_msg_types.xlsx
 Saving html_int_catalogs_to_xlsx\stylized\IB05_msg_types.xlsx
Processing html_int_catalogs_to_xlsx\output\IB06_msg_types.xlsx
 Saving html_int_catalogs_to_xlsx\stylized\IB06_msg_types.xlsx
Processing html_int_catalogs_to_xlsx\output\IB07_msg_types.xlsx
 Saving html_int_catalogs_to_xlsx\stylized\IB07_msg_types.xlsx
Processing html_int_catalogs_to_xlsx\output\IB08_msg_types.xlsx
Processing html_int_catalogs_to_xlsx\output\IB01_msg_types.xlsx
 Saving html_int_catalogs_to_xlsx\stylized\IB01_msg_types.xlsx
Processing html_int_catalogs_to_xlsx\output\IB02_msg_types.xlsx
 Saving html_int_catalogs_to_xlsx\stylized\IB02_msg_types.xlsx
Processing html_int_catalogs_to_xlsx\output\IB03_msg_types.xlsx
 Saving html_int_catalogs_to_xlsx\stylized\IB03_msg_types.xlsx
Processing html_int_catalogs_to_xlsx\output\IB04_msg_types.xlsx
 Saving html_int_catalogs_to_xlsx\stylized\IB04_msg_types.xlsx
Processing html_int_catalogs_to_xlsx\output\IB05_msg_types.xlsx
 Saving html_int_catalogs_to_xlsx\stylized\IB05_msg_types.xlsx
Processing html_int_catalogs_to_xlsx\output\IB06_msg_types.xlsx
 Saving html_int_catalogs_to_xlsx\stylized\IB06_msg_types.xlsx
Processing html_int_catalogs_to_xlsx\output\IB07_msg_types.xlsx
 Saving html_int_catalogs_to_xlsx\stylized\IB07_msg_types.xlsx
Processing html_int_catalogs_to_xlsx\output\IB08_msg_types.xlsx
Processing html_int_catalogs_to_xlsx\output\IB01_msg_types.xlsx
 Saving html_int_catalogs_to_xlsx\stylized\IB01_msg_types.xlsx
Processing html_int_catalogs_to_xlsx\output\IB02_msg_types.xlsx
 Saving html_int_catalogs_to_xlsx\stylized\IB02_msg_types.xlsx
Processing html_int_catalogs_to_xlsx\output\IB03_msg_types.xlsx
 Saving html_int_catalogs_to_xlsx\stylized\IB03_msg_types.xlsx
Processing html_int_catalogs_to_xlsx\output\IB04_msg_types.xlsx
Processing html_int_catalogs_to_xlsx\output\IB01_msg_types.xlsx
 Saving html_int_catalogs_to_xlsx\stylized\IB01_msg_types.xlsx
Processing html_int_catalogs_to_xlsx\output\IB02_msg_types.xlsx
 Saving html_int_catalogs_to_xlsx\stylized\IB02_msg_types.xlsx
Processing html_int_catalogs_to_xlsx\output\IB03_msg_types.xlsx
 Saving html_int_catalogs_to_xlsx\stylized\IB03_msg_types.xlsx
Processing html_int_catalogs_to_xlsx\output\IB04_msg_types.xlsx
Processing html_int_catalogs_to_xlsx\output\IB01_msg_types.xlsx
Processing html_int_catalogs_to_xlsx\output\IB01_msg_types.xlsx
 Saving html_int_catalogs_to_xlsx\stylized\IB01_msg_types.xlsx
Processing html_int_catalogs_to_xlsx\output\IB02_msg_types.xlsx
 Saving html_int_catalogs_to_xlsx\stylized\IB02_msg_types.xlsx
Processing html_int_catalogs_to_xlsx\output\IB03_msg_types.xlsx
 Saving html_int_catalogs_to_xlsx\stylized\IB03_msg_types.xlsx
Processing html_int_catalogs_to_xlsx\output\IB04_msg_types.xlsx
 Saving html_int_catalogs_to_xlsx\stylized\IB04_msg_types.xlsx
Processing html_int_catalogs_to_xlsx\output\IB05_msg_types.xlsx
 Saving html_int_catalogs_to_xlsx\stylized\IB05_msg_types.xlsx
Processing html_int_catalogs_to_xlsx\output\IB06_msg_types.xlsx
 Saving html_int_catalogs_to_xlsx\stylized\IB06_msg_types.xlsx
Processing html_int_catalogs_to_xlsx\output\IB07_msg_types.xlsx
 Saving html_int_catalogs_to_xlsx\stylized\IB07_msg_types.xlsx
Processing html_int_catalogs_to_xlsx\output\IB08_msg_types.xlsx
Processing html_int_catalogs_to_xlsx\output\IB01_msg_types.xlsx
 Saving html_int_catalogs_to_xlsx\stylized\IB01_msg_types.xlsx
Processing html_int_catalogs_to_xlsx\output\IB02_msg_types.xlsx
 Saving html_int_catalogs_to_xlsx\stylized\IB02_msg_types.xlsx
Processing html_int_catalogs_to_xlsx\output\IB03_msg_types.xlsx
 Saving html_int_catalogs_to_xlsx\stylized\IB03_msg_types.xlsx
Processing html_int_catalogs_to_xlsx\output\IB04_msg_types.xlsx
 Saving html_int_catalogs_to_xlsx\stylized\IB04_msg_types.xlsx
Processing html_int_catalogs_to_xlsx\output\IB05_msg_types.xlsx
 Saving html_int_catalogs_to_xlsx\stylized\IB05_msg_types.xlsx
Processing html_int_catalogs_to_xlsx\output\IB06_msg_types.xlsx
 Saving html_int_catalogs_to_xlsx\stylized\IB06_msg_types.xlsx
Processing html_int_catalogs_to_xlsx\output\IB07_msg_types.xlsx
 Saving html_int_catalogs_to_xlsx\stylized\IB07_msg_types.xlsx
Processing html_int_catalogs_to_xlsx\output\IB08_msg_types.xlsx
 Saving html_int_catalogs_to_xlsx\stylized\IB08_msg_types.xlsx
Processing html_int_catalogs_to_xlsx\output\IB09_msg_types.xlsx
 Saving html_int_catalogs_to_xlsx\stylized\IB09_msg_types.xlsx
Processing html_int_catalogs_to_xlsx\output\IB10_msg_types.xlsx
 Saving html_int_catalogs_to_xlsx\stylized\IB10_msg_types.xlsx
Processing html_int_catalogs_to_xlsx\output\IB11_msg_types.xlsx
 Saving html_int_catalogs_to_xlsx\stylized\IB11_msg_types.xlsx
Processing html_int_catalogs_to_xlsx\output\IB12_msg_types.xlsx
 Saving html_int_catalogs_to_xlsx\stylized\IB12_msg_types.xlsx
Processing html_int_catalogs_to_xlsx\output\IB13_msg_types.xlsx
 Saving html_int_catalogs_to_xlsx\stylized\IB13_msg_types.xlsx
Processing html_int_catalogs_to_xlsx\output\IB14_msg_types.xlsx
 Saving html_int_catalogs_to_xlsx\stylized\IB14_msg_types.xlsx
Processing html_int_catalogs_to_xlsx\output\IB15_msg_types.xlsx
 Saving html_int_catalogs_to_xlsx\stylized\IB15_msg_types.xlsx
Processing html_int_catalogs_to_xlsx\output\IB16_msg_types.xlsx
 Saving html_int_catalogs_to_xlsx\stylized\IB16_msg_types.xlsx
Processing html_int_catalogs_to_xlsx\output\IB17_msg_types.xlsx
 Saving html_int_catalogs_to_xlsx\stylized\IB17_msg_types.xlsx
Processing html_int_catalogs_to_xlsx\output\IB18_msg_types.xlsx
 Saving html_int_catalogs_to_xlsx\stylized\IB18_msg_types.xlsx
Processing html_int_catalogs_to_xlsx\output\IB19_msg_types.xlsx
 Saving html_int_catalogs_to_xlsx\stylized\IB19_msg_types.xlsx
Processing html_int_catalogs_to_xlsx\output\IB20_msg_types.xlsx
 Saving html_int_catalogs_to_xlsx\stylized\IB20_msg_types.xlsx
Processing html_int_catalogs_to_xlsx\output\IB21_msg_types.xlsx
 Saving html_int_catalogs_to_xlsx\stylized\IB21_msg_types.xlsx
Processing html_int_catalogs_to_xlsx\output\IB22_msg_types.xlsx
 Saving html_int_catalogs_to_xlsx\stylized\IB22_msg_types.xlsx
Processing html_int_catalogs_to_xlsx\output\IB23_msg_types.xlsx
 Saving html_int_catalogs_to_xlsx\stylized\IB23_msg_types.xlsx
Processing html_int_catalogs_to_xlsx\output\IB24_msg_types.xlsx
 Saving html_int_catalogs_to_xlsx\stylized\IB24_msg_types.xlsx
Processing html_int_catalogs_to_xlsx\output\IB25_msg_types.xlsx
 Saving html_int_catalogs_to_xlsx\stylized\IB25_msg_types.xlsx
Processing html_int_catalogs_to_xlsx\output\IB26_msg_types.xlsx
 Saving html_int_catalogs_to_xlsx\stylized\IB26_msg_types.xlsx
Processing html_int_catalogs_to_xlsx\output\IB27_msg_types.xlsx
 Saving html_int_catalogs_to_xlsx\stylized\IB27_msg_types.xlsx
Processing html_int_catalogs_to_xlsx\output\IB28_msg_types.xlsx
 Saving html_int_catalogs_to_xlsx\stylized\IB28_msg_types.xlsx
Processing html_int_catalogs_to_xlsx\output\IB29_msg_types.xlsx
 Saving html_int_catalogs_to_xlsx\stylized\IB29_msg_types.xlsx
Processing html_int_catalogs_to_xlsx\output\IB33_msg_types.xlsx
 Saving html_int_catalogs_to_xlsx\stylized\IB33_msg_types.xlsx
Processing html_int_catalogs_to_xlsx\output\IB34_msg_types.xlsx
 Saving html_int_catalogs_to_xlsx\stylized\IB34_msg_types.xlsx
Processing html_int_catalogs_to_xlsx\output\IB35_msg_types.xlsx
 Saving html_int_catalogs_to_xlsx\stylized\IB35_msg_types.xlsx
Processing html_int_catalogs_to_xlsx\output\IB37_msg_types.xlsx
 Saving html_int_catalogs_to_xlsx\stylized\IB37_msg_types.xlsx
Processing html_int_catalogs_to_xlsx\output\IB39_msg_types.xlsx
 Saving html_int_catalogs_to_xlsx\stylized\IB39_msg_types.xlsx
Processing html_int_catalogs_to_xlsx\output\IB40_msg_types.xlsx
 Saving html_int_catalogs_to_xlsx\stylized\IB40_msg_types.xlsx
Processing html_int_catalogs_to_xlsx\output\IB41_msg_types.xlsx
 Saving html_int_catalogs_to_xlsx\stylized\IB41_msg_types.xlsx
Processing html_int_catalogs_to_xlsx\output\IB42_msg_types.xlsx
 Saving html_int_catalogs_to_xlsx\stylized\IB42_msg_types.xlsx
Processing html_int_catalogs_to_xlsx\output\IB43_msg_types.xlsx
 Saving html_int_catalogs_to_xlsx\stylized\IB43_msg_types.xlsx
Processing html_int_catalogs_to_xlsx\output\IB44_msg_types.xlsx
 Saving html_int_catalogs_to_xlsx\stylized\IB44_msg_types.xlsx
Processing html_int_catalogs_to_xlsx\output\IB45_msg_types.xlsx
 Saving html_int_catalogs_to_xlsx\stylized\IB45_msg_types.xlsx
Processing html_int_catalogs_to_xlsx\output\IB46_msg_types.xlsx
 Saving html_int_catalogs_to_xlsx\stylized\IB46_msg_types.xlsx
Processing html_int_catalogs_to_xlsx\output\IB47_msg_types.xlsx
 Saving html_int_catalogs_to_xlsx\stylized\IB47_msg_types.xlsx
Processing html_int_catalogs_to_xlsx\output\IB48_msg_types.xlsx
 Saving html_int_catalogs_to_xlsx\stylized\IB48_msg_types.xlsx
Processing html_int_catalogs_to_xlsx\output\IB49_msg_types.xlsx
 Saving html_int_catalogs_to_xlsx\stylized\IB49_msg_types.xlsx
Processing html_int_catalogs_to_xlsx\output\IB50_msg_types.xlsx
 Saving html_int_catalogs_to_xlsx\stylized\IB50_msg_types.xlsx
Processing html_int_catalogs_to_xlsx\output\IB51_msg_types.xlsx
 Saving html_int_catalogs_to_xlsx\stylized\IB51_msg_types.xlsx
Processing html_int_catalogs_to_xlsx\output\IB52_msg_types.xlsx
 Saving html_int_catalogs_to_xlsx\stylized\IB52_msg_types.xlsx
Processing html_int_catalogs_to_xlsx\output\IB53_msg_types.xlsx
 Saving html_int_catalogs_to_xlsx\stylized\IB53_msg_types.xlsx
Processing html_int_catalogs_to_xlsx\output\IB54_msg_types.xlsx
 Saving html_int_catalogs_to_xlsx\stylized\IB54_msg_types.xlsx
Processing html_int_catalogs_to_xlsx\output\IB55_msg_types.xlsx
 Saving html_int_catalogs_to_xlsx\stylized\IB55_msg_types.xlsx
Processing html_int_catalogs_to_xlsx\output\IB56_msg_types.xlsx
 Saving html_int_catalogs_to_xlsx\stylized\IB56_msg_types.xlsx
Processing html_int_catalogs_to_xlsx\output\IB57_msg_types.xlsx
 Saving html_int_catalogs_to_xlsx\stylized\IB57_msg_types.xlsx
Processing html_int_catalogs_to_xlsx\output\IB58_msg_types.xlsx
 Saving html_int_catalogs_to_xlsx\stylized\IB58_msg_types.xlsx
Processing html_int_catalogs_to_xlsx\output\IB59_msg_types.xlsx
 Saving html_int_catalogs_to_xlsx\stylized\IB59_msg_types.xlsx
Processing html_int_catalogs_to_xlsx\output\IB60_msg_types.xlsx
 Saving html_int_catalogs_to_xlsx\stylized\IB60_msg_types.xlsx
Processing html_int_catalogs_to_xlsx\output\IB61_msg_types.xlsx
 Saving html_int_catalogs_to_xlsx\stylized\IB61_msg_types.xlsx
Processing html_int_catalogs_to_xlsx\output\IB62_msg_types.xlsx
 Saving html_int_catalogs_to_xlsx\stylized\IB62_msg_types.xlsx
Processing html_int_catalogs_to_xlsx\output\IB63_msg_types.xlsx
 Saving html_int_catalogs_to_xlsx\stylized\IB63_msg_types.xlsx
Processing html_int_catalogs_to_xlsx\output\IB64_msg_types.xlsx
 Saving html_int_catalogs_to_xlsx\stylized\IB64_msg_types.xlsx
Processing html_int_catalogs_to_xlsx\output\IB65_msg_types.xlsx
 Saving html_int_catalogs_to_xlsx\stylized\IB65_msg_types.xlsx
Processing html_int_catalogs_to_xlsx\output\IB66_msg_types.xlsx
 Saving html_int_catalogs_to_xlsx\stylized\IB66_msg_types.xlsx
Processing html_int_catalogs_to_xlsx\output\IB68_msg_types.xlsx
 Saving html_int_catalogs_to_xlsx\stylized\IB68_msg_types.xlsx
Processing html_int_catalogs_to_xlsx\output\IB69_msg_types.xlsx
 Saving html_int_catalogs_to_xlsx\stylized\IB69_msg_types.xlsx
Processing html_int_catalogs_to_xlsx\output\IB70_msg_types.xlsx
 Saving html_int_catalogs_to_xlsx\stylized\IB70_msg_types.xlsx
Processing html_int_catalogs_to_xlsx\output\IB72_msg_types.xlsx
 Saving html_int_catalogs_to_xlsx\stylized\IB72_msg_types.xlsx
Processing html_int_catalogs_to_xlsx\output\IB74_msg_types.xlsx
 Saving html_int_catalogs_to_xlsx\stylized\IB74_msg_types.xlsx
Processing html_int_catalogs_to_xlsx\output\IB75_msg_types.xlsx
 Saving html_int_catalogs_to_xlsx\stylized\IB75_msg_types.xlsx
Processing html_int_catalogs_to_xlsx\output\IB76_msg_types.xlsx
 Saving html_int_catalogs_to_xlsx\stylized\IB76_msg_types.xlsx
Processing html_int_catalogs_to_xlsx\output\IB77_msg_types.xlsx
 Saving html_int_catalogs_to_xlsx\stylized\IB77_msg_types.xlsx
Processing html_int_catalogs_to_xlsx\output\IB78_msg_types.xlsx
 Saving html_int_catalogs_to_xlsx\stylized\IB78_msg_types.xlsx
Processing html_int_catalogs_to_xlsx\output\IB80_msg_types.xlsx
 Saving html_int_catalogs_to_xlsx\stylized\IB80_msg_types.xlsx
Processing html_int_catalogs_to_xlsx\output\IB83_msg_types.xlsx
 Saving html_int_catalogs_to_xlsx\stylized\IB83_msg_types.xlsx
Processing html_int_catalogs_to_xlsx\output\IBx1_msg_types.xlsx
 Saving html_int_catalogs_to_xlsx\stylized\IBx1_msg_types.xlsx
Processing html_int_catalogs_to_xlsx\output\IBx25_msg_types.xlsx
 Saving html_int_catalogs_to_xlsx\stylized\IBx25_msg_types.xlsx
Processing html_int_catalogs_to_xlsx\output\IBx2_msg_types.xlsx
 Saving html_int_catalogs_to_xlsx\stylized\IBx2_msg_types.xlsx
